This file contains any messages produced by compilers while
running configure, to aid debugging if configure makes a mistake.

It was created by libhdfs configure 0.1.0, which was
generated by GNU Autoconf 2.69.  Invocation command line was

  $ ./configure --with-java=/usr/bin/

## --------- ##
## Platform. ##
## --------- ##

hostname = shunpingye
uname -m = x86_64
uname -r = 3.0.0-12-generic
uname -s = Linux
uname -v = #20-Ubuntu SMP Fri Oct 7 14:56:25 UTC 2011

/usr/bin/uname -p = unknown
/bin/uname -X     = unknown

/bin/arch              = unknown
/usr/bin/arch -k       = unknown
/usr/convex/getsysinfo = unknown
/usr/bin/hostinfo      = unknown
/bin/machine           = unknown
/usr/bin/oslevel       = unknown
/bin/universe          = unknown

PATH: /home/shunpingye/bin
PATH: /home/shunpingye/bin
PATH: /home/shunpingye/bin
PATH: /home/shunpingye/bin
PATH: /home/shunpingye/bin
PATH: /home/shunpingye/bin
PATH: /home/shunpingye/bin
PATH: /home/shunpingye/bin
PATH: /home/shunpingye/bin
PATH: /home/shunpingye/bin
PATH: /home/shunpingye/bin
PATH: ~/bin
PATH: /home/shunpingye/bin
PATH: /usr/lib/lightdm/lightdm
PATH: /usr/local/sbin
PATH: /usr/local/bin
PATH: /usr/sbin
PATH: /usr/bin
PATH: /sbin
PATH: /bin
PATH: /usr/games


## ----------- ##
## Core tests. ##
## ----------- ##

configure:2792: checking for a BSD-compatible install
configure:2860: result: /usr/bin/install -c
configure:2871: checking whether build environment is sane
configure:2908: result: yes
configure:2970: checking for gawk
configure:3000: result: no
configure:2970: checking for mawk
configure:2986: found /usr/bin/mawk
configure:2997: result: mawk
configure:3008: checking whether make sets $(MAKE)
configure:3030: result: yes
configure:3222: checking build system type
configure:3236: result: x86_64-unknown-linux-gnu
configure:3256: checking host system type
configure:3269: result: x86_64-unknown-linux-gnu
configure:3290: checking cached host system type
configure:3299: result: ok
configure:3358: checking for gcc
configure:3374: found /usr/bin/gcc
configure:3385: result: gcc
configure:3614: checking for C compiler version
configure:3623: gcc --version >&5
gcc (Ubuntu/Linaro 4.6.1-9ubuntu3) 4.6.1
Copyright (C) 2011 Free Software Foundation, Inc.
This is free software; see the source for copying conditions.  There is NO
warranty; not even for MERCHANTABILITY or FITNESS FOR A PARTICULAR PURPOSE.

configure:3634: $? = 0
configure:3623: gcc -v >&5
Using built-in specs.
COLLECT_GCC=gcc
COLLECT_LTO_WRAPPER=/usr/lib/gcc/x86_64-linux-gnu/4.6.1/lto-wrapper
Target: x86_64-linux-gnu
Configured with: ../src/configure -v --with-pkgversion='Ubuntu/Linaro 4.6.1-9ubuntu3' --with-bugurl=file:///usr/share/doc/gcc-4.6/README.Bugs --enable-languages=c,c++,fortran,objc,obj-c++,go --prefix=/usr --program-suffix=-4.6 --enable-shared --enable-linker-build-id --with-system-zlib --libexecdir=/usr/lib --without-included-gettext --enable-threads=posix --with-gxx-include-dir=/usr/include/c++/4.6 --libdir=/usr/lib --enable-nls --with-sysroot=/ --enable-clocale=gnu --enable-libstdcxx-debug --enable-libstdcxx-time=yes --enable-plugin --enable-objc-gc --disable-werror --with-arch-32=i686 --with-tune=generic --enable-checking=release --build=x86_64-linux-gnu --host=x86_64-linux-gnu --target=x86_64-linux-gnu
Thread model: posix
gcc version 4.6.1 (Ubuntu/Linaro 4.6.1-9ubuntu3) 
configure:3634: $? = 0
configure:3623: gcc -V >&5
gcc: error: unrecognized option '-V'
gcc: fatal error: no input files
compilation terminated.
configure:3634: $? = 4
configure:3623: gcc -qversion >&5
gcc: error: unrecognized option '-qversion'
gcc: fatal error: no input files
compilation terminated.
configure:3634: $? = 4
configure:3654: checking whether the C compiler works
configure:3676: gcc    conftest.c  >&5
configure:3680: $? = 0
configure:3728: result: yes
configure:3731: checking for C compiler default output file name
configure:3733: result: a.out
configure:3739: checking for suffix of executables
configure:3746: gcc -o conftest    conftest.c  >&5
configure:3750: $? = 0
configure:3772: result: 
configure:3794: checking whether we are cross compiling
configure:3802: gcc -o conftest    conftest.c  >&5
configure:3806: $? = 0
configure:3813: ./conftest
configure:3817: $? = 0
configure:3832: result: no
configure:3837: checking for suffix of object files
configure:3859: gcc -c   conftest.c >&5
configure:3863: $? = 0
configure:3884: result: o
configure:3888: checking whether we are using the GNU C compiler
configure:3907: gcc -c   conftest.c >&5
configure:3907: $? = 0
configure:3916: result: yes
configure:3925: checking whether gcc accepts -g
configure:3945: gcc -c -g  conftest.c >&5
configure:3945: $? = 0
configure:3986: result: yes
configure:4003: checking for gcc option to accept ISO C89
configure:4066: gcc  -c -g -O2  conftest.c >&5
configure:4066: $? = 0
configure:4079: result: none needed
configure:4110: checking for style of include used by make
configure:4138: result: GNU
configure:4166: checking dependency style of gcc
configure:4256: result: gcc3
configure:4316: checking for ranlib
configure:4332: found /usr/bin/ranlib
configure:4343: result: ranlib
configure:4371: checking C flags dependant on host system type
configure:4476: result: ok
configure:4509: checking JAVA_HOME
configure:4514: result: /usr/bin/
configure:4535: checking for sablevm
configure:4566: result: NONE
configure:4594: checking for kaffe
configure:4625: result: NONE
configure:4694: checking for javac
configure:4712: found /usr/bin/javac
configure:4725: result: /usr/bin/javac
configure:4776: result: /usr/bin/javac
configure:4783: checking wether the Java compiler (/usr/bin/javac) works
configure:4803: result: yes
configure:4862: checking for jar
configure:4880: found /usr/bin/jar
configure:4893: result: /usr/bin/jar
configure:4952: checking where on earth this jvm library is..
configure:4983: result: ohh u there ... 
configure:4991: result: VALUE OF JVM_ARCH IS :
configure:4998: result: gcc flags added
configure:5056: checking for gcc
configure:5083: result: gcc
configure:5312: checking for C compiler version
configure:5321: gcc --version >&5
gcc (Ubuntu/Linaro 4.6.1-9ubuntu3) 4.6.1
Copyright (C) 2011 Free Software Foundation, Inc.
This is free software; see the source for copying conditions.  There is NO
warranty; not even for MERCHANTABILITY or FITNESS FOR A PARTICULAR PURPOSE.

configure:5332: $? = 0
configure:5321: gcc -v >&5
Using built-in specs.
COLLECT_GCC=gcc
COLLECT_LTO_WRAPPER=/usr/lib/gcc/x86_64-linux-gnu/4.6.1/lto-wrapper
Target: x86_64-linux-gnu
Configured with: ../src/configure -v --with-pkgversion='Ubuntu/Linaro 4.6.1-9ubuntu3' --with-bugurl=file:///usr/share/doc/gcc-4.6/README.Bugs --enable-languages=c,c++,fortran,objc,obj-c++,go --prefix=/usr --program-suffix=-4.6 --enable-shared --enable-linker-build-id --with-system-zlib --libexecdir=/usr/lib --without-included-gettext --enable-threads=posix --with-gxx-include-dir=/usr/include/c++/4.6 --libdir=/usr/lib --enable-nls --with-sysroot=/ --enable-clocale=gnu --enable-libstdcxx-debug --enable-libstdcxx-time=yes --enable-plugin --enable-objc-gc --disable-werror --with-arch-32=i686 --with-tune=generic --enable-checking=release --build=x86_64-linux-gnu --host=x86_64-linux-gnu --target=x86_64-linux-gnu
Thread model: posix
gcc version 4.6.1 (Ubuntu/Linaro 4.6.1-9ubuntu3) 
configure:5332: $? = 0
configure:5321: gcc -V >&5
gcc: error: unrecognized option '-V'
gcc: fatal error: no input files
compilation terminated.
configure:5332: $? = 4
configure:5321: gcc -qversion >&5
gcc: error: unrecognized option '-qversion'
gcc: fatal error: no input files
compilation terminated.
configure:5332: $? = 4
configure:5336: checking whether we are using the GNU C compiler
configure:5364: result: yes
configure:5373: checking whether gcc accepts -g
configure:5434: result: yes
configure:5451: checking for gcc option to accept ISO C89
configure:5527: result: none needed
configure:5549: checking dependency style of gcc
configure:5639: result: gcc3
configure:5728: checking for a sed that does not truncate output
configure:5784: result: /bin/sed
configure:5787: checking for grep that handles long lines and -e
configure:5845: result: /bin/grep
configure:5850: checking for egrep
configure:5912: result: /bin/grep -E
configure:5928: checking for ld used by gcc
configure:5995: result: /usr/bin/ld
configure:6002: checking if the linker (/usr/bin/ld) is GNU ld
configure:6017: result: yes
configure:6022: checking for /usr/bin/ld option to reload object files
configure:6029: result: -r
configure:6047: checking for BSD-compatible nm
configure:6096: result: /usr/bin/nm -B
configure:6100: checking whether ln -s works
configure:6104: result: yes
configure:6111: checking how to recognise dependent libraries
configure:6287: result: pass_all
configure:6375: gcc -c -g -O2 -DOS_LINUX -DDSO_DLFCN -DCPU=\"amd64\" -m -I/usr/bin//include -I/usr/bin//include/linux -Wall -Wstrict-prototypes  conftest.c >&5
cc1: error: unrecognized command line option '-m'
configure:6378: $? = 1
configure:6496: checking how to run the C preprocessor
configure:6527: gcc -E  conftest.c
configure:6527: $? = 0
configure:6541: gcc -E  conftest.c
conftest.c:11:28: fatal error: ac_nonexistent.h: No such file or directory
compilation terminated.
configure:6541: $? = 1
configure: failed program was:
| /* confdefs.h */
| #define PACKAGE_NAME "libhdfs"
| #define PACKAGE_TARNAME "libhdfs"
| #define PACKAGE_VERSION "0.1.0"
| #define PACKAGE_STRING "libhdfs 0.1.0"
| #define PACKAGE_BUGREPORT "omalley@apache.org"
| #define PACKAGE_URL ""
| #define PACKAGE "libhdfs"
| #define VERSION "0.1.0"
| /* end confdefs.h.  */
| #include <ac_nonexistent.h>
configure:6566: result: gcc -E
configure:6586: gcc -E  conftest.c
configure:6586: $? = 0
configure:6600: gcc -E  conftest.c
conftest.c:11:28: fatal error: ac_nonexistent.h: No such file or directory
compilation terminated.
configure:6600: $? = 1
configure: failed program was:
| /* confdefs.h */
| #define PACKAGE_NAME "libhdfs"
| #define PACKAGE_TARNAME "libhdfs"
| #define PACKAGE_VERSION "0.1.0"
| #define PACKAGE_STRING "libhdfs 0.1.0"
| #define PACKAGE_BUGREPORT "omalley@apache.org"
| #define PACKAGE_URL ""
| #define PACKAGE "libhdfs"
| #define VERSION "0.1.0"
| /* end confdefs.h.  */
| #include <ac_nonexistent.h>
configure:6629: checking for ANSI C header files
configure:6649: gcc -c -g -O2 -DOS_LINUX -DDSO_DLFCN -DCPU=\"amd64\" -m -I/usr/bin//include -I/usr/bin//include/linux -Wall -Wstrict-prototypes  conftest.c >&5
cc1: error: unrecognized command line option '-m'
configure:6649: $? = 1
configure: failed program was:
| /* confdefs.h */
| #define PACKAGE_NAME "libhdfs"
| #define PACKAGE_TARNAME "libhdfs"
| #define PACKAGE_VERSION "0.1.0"
| #define PACKAGE_STRING "libhdfs 0.1.0"
| #define PACKAGE_BUGREPORT "omalley@apache.org"
| #define PACKAGE_URL ""
| #define PACKAGE "libhdfs"
| #define VERSION "0.1.0"
| /* end confdefs.h.  */
| #include <stdlib.h>
| #include <stdarg.h>
| #include <string.h>
| #include <float.h>
| 
| int
| main ()
| {
| 
|   ;
|   return 0;
| }
configure:6733: result: no
configure:6746: checking for sys/types.h
configure:6746: gcc -c -g -O2 -DOS_LINUX -DDSO_DLFCN -DCPU=\"amd64\" -m -I/usr/bin//include -I/usr/bin//include/linux -Wall -Wstrict-prototypes  conftest.c >&5
cc1: error: unrecognized command line option '-m'
configure:6746: $? = 1
configure: failed program was:
| /* confdefs.h */
| #define PACKAGE_NAME "libhdfs"
| #define PACKAGE_TARNAME "libhdfs"
| #define PACKAGE_VERSION "0.1.0"
| #define PACKAGE_STRING "libhdfs 0.1.0"
| #define PACKAGE_BUGREPORT "omalley@apache.org"
| #define PACKAGE_URL ""
| #define PACKAGE "libhdfs"
| #define VERSION "0.1.0"
| /* end confdefs.h.  */
| #include <stdio.h>
| #ifdef HAVE_SYS_TYPES_H
| # include <sys/types.h>
| #endif
| #ifdef HAVE_SYS_STAT_H
| # include <sys/stat.h>
| #endif
| #ifdef STDC_HEADERS
| # include <stdlib.h>
| # include <stddef.h>
| #else
| # ifdef HAVE_STDLIB_H
| #  include <stdlib.h>
| # endif
| #endif
| #ifdef HAVE_STRING_H
| # if !defined STDC_HEADERS && defined HAVE_MEMORY_H
| #  include <memory.h>
| # endif
| # include <string.h>
| #endif
| #ifdef HAVE_STRINGS_H
| # include <strings.h>
| #endif
| #ifdef HAVE_INTTYPES_H
| # include <inttypes.h>
| #endif
| #ifdef HAVE_STDINT_H
| # include <stdint.h>
| #endif
| #ifdef HAVE_UNISTD_H
| # include <unistd.h>
| #endif
| 
| #include <sys/types.h>
configure:6746: result: no
configure:6746: checking for sys/stat.h
configure:6746: gcc -c -g -O2 -DOS_LINUX -DDSO_DLFCN -DCPU=\"amd64\" -m -I/usr/bin//include -I/usr/bin//include/linux -Wall -Wstrict-prototypes  conftest.c >&5
cc1: error: unrecognized command line option '-m'
configure:6746: $? = 1
configure: failed program was:
| /* confdefs.h */
| #define PACKAGE_NAME "libhdfs"
| #define PACKAGE_TARNAME "libhdfs"
| #define PACKAGE_VERSION "0.1.0"
| #define PACKAGE_STRING "libhdfs 0.1.0"
| #define PACKAGE_BUGREPORT "omalley@apache.org"
| #define PACKAGE_URL ""
| #define PACKAGE "libhdfs"
| #define VERSION "0.1.0"
| /* end confdefs.h.  */
| #include <stdio.h>
| #ifdef HAVE_SYS_TYPES_H
| # include <sys/types.h>
| #endif
| #ifdef HAVE_SYS_STAT_H
| # include <sys/stat.h>
| #endif
| #ifdef STDC_HEADERS
| # include <stdlib.h>
| # include <stddef.h>
| #else
| # ifdef HAVE_STDLIB_H
| #  include <stdlib.h>
| # endif
| #endif
| #ifdef HAVE_STRING_H
| # if !defined STDC_HEADERS && defined HAVE_MEMORY_H
| #  include <memory.h>
| # endif
| # include <string.h>
| #endif
| #ifdef HAVE_STRINGS_H
| # include <strings.h>
| #endif
| #ifdef HAVE_INTTYPES_H
| # include <inttypes.h>
| #endif
| #ifdef HAVE_STDINT_H
| # include <stdint.h>
| #endif
| #ifdef HAVE_UNISTD_H
| # include <unistd.h>
| #endif
| 
| #include <sys/stat.h>
configure:6746: result: no
configure:6746: checking for stdlib.h
configure:6746: gcc -c -g -O2 -DOS_LINUX -DDSO_DLFCN -DCPU=\"amd64\" -m -I/usr/bin//include -I/usr/bin//include/linux -Wall -Wstrict-prototypes  conftest.c >&5
cc1: error: unrecognized command line option '-m'
configure:6746: $? = 1
configure: failed program was:
| /* confdefs.h */
| #define PACKAGE_NAME "libhdfs"
| #define PACKAGE_TARNAME "libhdfs"
| #define PACKAGE_VERSION "0.1.0"
| #define PACKAGE_STRING "libhdfs 0.1.0"
| #define PACKAGE_BUGREPORT "omalley@apache.org"
| #define PACKAGE_URL ""
| #define PACKAGE "libhdfs"
| #define VERSION "0.1.0"
| /* end confdefs.h.  */
| #include <stdio.h>
| #ifdef HAVE_SYS_TYPES_H
| # include <sys/types.h>
| #endif
| #ifdef HAVE_SYS_STAT_H
| # include <sys/stat.h>
| #endif
| #ifdef STDC_HEADERS
| # include <stdlib.h>
| # include <stddef.h>
| #else
| # ifdef HAVE_STDLIB_H
| #  include <stdlib.h>
| # endif
| #endif
| #ifdef HAVE_STRING_H
| # if !defined STDC_HEADERS && defined HAVE_MEMORY_H
| #  include <memory.h>
| # endif
| # include <string.h>
| #endif
| #ifdef HAVE_STRINGS_H
| # include <strings.h>
| #endif
| #ifdef HAVE_INTTYPES_H
| # include <inttypes.h>
| #endif
| #ifdef HAVE_STDINT_H
| # include <stdint.h>
| #endif
| #ifdef HAVE_UNISTD_H
| # include <unistd.h>
| #endif
| 
| #include <stdlib.h>
configure:6746: result: no
configure:6746: checking for string.h
configure:6746: gcc -c -g -O2 -DOS_LINUX -DDSO_DLFCN -DCPU=\"amd64\" -m -I/usr/bin//include -I/usr/bin//include/linux -Wall -Wstrict-prototypes  conftest.c >&5
cc1: error: unrecognized command line option '-m'
configure:6746: $? = 1
configure: failed program was:
| /* confdefs.h */
| #define PACKAGE_NAME "libhdfs"
| #define PACKAGE_TARNAME "libhdfs"
| #define PACKAGE_VERSION "0.1.0"
| #define PACKAGE_STRING "libhdfs 0.1.0"
| #define PACKAGE_BUGREPORT "omalley@apache.org"
| #define PACKAGE_URL ""
| #define PACKAGE "libhdfs"
| #define VERSION "0.1.0"
| /* end confdefs.h.  */
| #include <stdio.h>
| #ifdef HAVE_SYS_TYPES_H
| # include <sys/types.h>
| #endif
| #ifdef HAVE_SYS_STAT_H
| # include <sys/stat.h>
| #endif
| #ifdef STDC_HEADERS
| # include <stdlib.h>
| # include <stddef.h>
| #else
| # ifdef HAVE_STDLIB_H
| #  include <stdlib.h>
| # endif
| #endif
| #ifdef HAVE_STRING_H
| # if !defined STDC_HEADERS && defined HAVE_MEMORY_H
| #  include <memory.h>
| # endif
| # include <string.h>
| #endif
| #ifdef HAVE_STRINGS_H
| # include <strings.h>
| #endif
| #ifdef HAVE_INTTYPES_H
| # include <inttypes.h>
| #endif
| #ifdef HAVE_STDINT_H
| # include <stdint.h>
| #endif
| #ifdef HAVE_UNISTD_H
| # include <unistd.h>
| #endif
| 
| #include <string.h>
configure:6746: result: no
configure:6746: checking for memory.h
configure:6746: gcc -c -g -O2 -DOS_LINUX -DDSO_DLFCN -DCPU=\"amd64\" -m -I/usr/bin//include -I/usr/bin//include/linux -Wall -Wstrict-prototypes  conftest.c >&5
cc1: error: unrecognized command line option '-m'
configure:6746: $? = 1
configure: failed program was:
| /* confdefs.h */
| #define PACKAGE_NAME "libhdfs"
| #define PACKAGE_TARNAME "libhdfs"
| #define PACKAGE_VERSION "0.1.0"
| #define PACKAGE_STRING "libhdfs 0.1.0"
| #define PACKAGE_BUGREPORT "omalley@apache.org"
| #define PACKAGE_URL ""
| #define PACKAGE "libhdfs"
| #define VERSION "0.1.0"
| /* end confdefs.h.  */
| #include <stdio.h>
| #ifdef HAVE_SYS_TYPES_H
| # include <sys/types.h>
| #endif
| #ifdef HAVE_SYS_STAT_H
| # include <sys/stat.h>
| #endif
| #ifdef STDC_HEADERS
| # include <stdlib.h>
| # include <stddef.h>
| #else
| # ifdef HAVE_STDLIB_H
| #  include <stdlib.h>
| # endif
| #endif
| #ifdef HAVE_STRING_H
| # if !defined STDC_HEADERS && defined HAVE_MEMORY_H
| #  include <memory.h>
| # endif
| # include <string.h>
| #endif
| #ifdef HAVE_STRINGS_H
| # include <strings.h>
| #endif
| #ifdef HAVE_INTTYPES_H
| # include <inttypes.h>
| #endif
| #ifdef HAVE_STDINT_H
| # include <stdint.h>
| #endif
| #ifdef HAVE_UNISTD_H
| # include <unistd.h>
| #endif
| 
| #include <memory.h>
configure:6746: result: no
configure:6746: checking for strings.h
configure:6746: gcc -c -g -O2 -DOS_LINUX -DDSO_DLFCN -DCPU=\"amd64\" -m -I/usr/bin//include -I/usr/bin//include/linux -Wall -Wstrict-prototypes  conftest.c >&5
cc1: error: unrecognized command line option '-m'
configure:6746: $? = 1
configure: failed program was:
| /* confdefs.h */
| #define PACKAGE_NAME "libhdfs"
| #define PACKAGE_TARNAME "libhdfs"
| #define PACKAGE_VERSION "0.1.0"
| #define PACKAGE_STRING "libhdfs 0.1.0"
| #define PACKAGE_BUGREPORT "omalley@apache.org"
| #define PACKAGE_URL ""
| #define PACKAGE "libhdfs"
| #define VERSION "0.1.0"
| /* end confdefs.h.  */
| #include <stdio.h>
| #ifdef HAVE_SYS_TYPES_H
| # include <sys/types.h>
| #endif
| #ifdef HAVE_SYS_STAT_H
| # include <sys/stat.h>
| #endif
| #ifdef STDC_HEADERS
| # include <stdlib.h>
| # include <stddef.h>
| #else
| # ifdef HAVE_STDLIB_H
| #  include <stdlib.h>
| # endif
| #endif
| #ifdef HAVE_STRING_H
| # if !defined STDC_HEADERS && defined HAVE_MEMORY_H
| #  include <memory.h>
| # endif
| # include <string.h>
| #endif
| #ifdef HAVE_STRINGS_H
| # include <strings.h>
| #endif
| #ifdef HAVE_INTTYPES_H
| # include <inttypes.h>
| #endif
| #ifdef HAVE_STDINT_H
| # include <stdint.h>
| #endif
| #ifdef HAVE_UNISTD_H
| # include <unistd.h>
| #endif
| 
| #include <strings.h>
configure:6746: result: no
configure:6746: checking for inttypes.h
configure:6746: gcc -c -g -O2 -DOS_LINUX -DDSO_DLFCN -DCPU=\"amd64\" -m -I/usr/bin//include -I/usr/bin//include/linux -Wall -Wstrict-prototypes  conftest.c >&5
cc1: error: unrecognized command line option '-m'
configure:6746: $? = 1
configure: failed program was:
| /* confdefs.h */
| #define PACKAGE_NAME "libhdfs"
| #define PACKAGE_TARNAME "libhdfs"
| #define PACKAGE_VERSION "0.1.0"
| #define PACKAGE_STRING "libhdfs 0.1.0"
| #define PACKAGE_BUGREPORT "omalley@apache.org"
| #define PACKAGE_URL ""
| #define PACKAGE "libhdfs"
| #define VERSION "0.1.0"
| /* end confdefs.h.  */
| #include <stdio.h>
| #ifdef HAVE_SYS_TYPES_H
| # include <sys/types.h>
| #endif
| #ifdef HAVE_SYS_STAT_H
| # include <sys/stat.h>
| #endif
| #ifdef STDC_HEADERS
| # include <stdlib.h>
| # include <stddef.h>
| #else
| # ifdef HAVE_STDLIB_H
| #  include <stdlib.h>
| # endif
| #endif
| #ifdef HAVE_STRING_H
| # if !defined STDC_HEADERS && defined HAVE_MEMORY_H
| #  include <memory.h>
| # endif
| # include <string.h>
| #endif
| #ifdef HAVE_STRINGS_H
| # include <strings.h>
| #endif
| #ifdef HAVE_INTTYPES_H
| # include <inttypes.h>
| #endif
| #ifdef HAVE_STDINT_H
| # include <stdint.h>
| #endif
| #ifdef HAVE_UNISTD_H
| # include <unistd.h>
| #endif
| 
| #include <inttypes.h>
configure:6746: result: no
configure:6746: checking for stdint.h
configure:6746: gcc -c -g -O2 -DOS_LINUX -DDSO_DLFCN -DCPU=\"amd64\" -m -I/usr/bin//include -I/usr/bin//include/linux -Wall -Wstrict-prototypes  conftest.c >&5
cc1: error: unrecognized command line option '-m'
configure:6746: $? = 1
configure: failed program was:
| /* confdefs.h */
| #define PACKAGE_NAME "libhdfs"
| #define PACKAGE_TARNAME "libhdfs"
| #define PACKAGE_VERSION "0.1.0"
| #define PACKAGE_STRING "libhdfs 0.1.0"
| #define PACKAGE_BUGREPORT "omalley@apache.org"
| #define PACKAGE_URL ""
| #define PACKAGE "libhdfs"
| #define VERSION "0.1.0"
| /* end confdefs.h.  */
| #include <stdio.h>
| #ifdef HAVE_SYS_TYPES_H
| # include <sys/types.h>
| #endif
| #ifdef HAVE_SYS_STAT_H
| # include <sys/stat.h>
| #endif
| #ifdef STDC_HEADERS
| # include <stdlib.h>
| # include <stddef.h>
| #else
| # ifdef HAVE_STDLIB_H
| #  include <stdlib.h>
| # endif
| #endif
| #ifdef HAVE_STRING_H
| # if !defined STDC_HEADERS && defined HAVE_MEMORY_H
| #  include <memory.h>
| # endif
| # include <string.h>
| #endif
| #ifdef HAVE_STRINGS_H
| # include <strings.h>
| #endif
| #ifdef HAVE_INTTYPES_H
| # include <inttypes.h>
| #endif
| #ifdef HAVE_STDINT_H
| # include <stdint.h>
| #endif
| #ifdef HAVE_UNISTD_H
| # include <unistd.h>
| #endif
| 
| #include <stdint.h>
configure:6746: result: no
configure:6746: checking for unistd.h
configure:6746: gcc -c -g -O2 -DOS_LINUX -DDSO_DLFCN -DCPU=\"amd64\" -m -I/usr/bin//include -I/usr/bin//include/linux -Wall -Wstrict-prototypes  conftest.c >&5
cc1: error: unrecognized command line option '-m'
configure:6746: $? = 1
configure: failed program was:
| /* confdefs.h */
| #define PACKAGE_NAME "libhdfs"
| #define PACKAGE_TARNAME "libhdfs"
| #define PACKAGE_VERSION "0.1.0"
| #define PACKAGE_STRING "libhdfs 0.1.0"
| #define PACKAGE_BUGREPORT "omalley@apache.org"
| #define PACKAGE_URL ""
| #define PACKAGE "libhdfs"
| #define VERSION "0.1.0"
| /* end confdefs.h.  */
| #include <stdio.h>
| #ifdef HAVE_SYS_TYPES_H
| # include <sys/types.h>
| #endif
| #ifdef HAVE_SYS_STAT_H
| # include <sys/stat.h>
| #endif
| #ifdef STDC_HEADERS
| # include <stdlib.h>
| # include <stddef.h>
| #else
| # ifdef HAVE_STDLIB_H
| #  include <stdlib.h>
| # endif
| #endif
| #ifdef HAVE_STRING_H
| # if !defined STDC_HEADERS && defined HAVE_MEMORY_H
| #  include <memory.h>
| # endif
| # include <string.h>
| #endif
| #ifdef HAVE_STRINGS_H
| # include <strings.h>
| #endif
| #ifdef HAVE_INTTYPES_H
| # include <inttypes.h>
| #endif
| #ifdef HAVE_STDINT_H
| # include <stdint.h>
| #endif
| #ifdef HAVE_UNISTD_H
| # include <unistd.h>
| #endif
| 
| #include <unistd.h>
configure:6746: result: no
configure:6760: checking dlfcn.h usability
configure:6760: gcc -c -g -O2 -DOS_LINUX -DDSO_DLFCN -DCPU=\"amd64\" -m -I/usr/bin//include -I/usr/bin//include/linux -Wall -Wstrict-prototypes  conftest.c >&5
cc1: error: unrecognized command line option '-m'
configure:6760: $? = 1
configure: failed program was:
| /* confdefs.h */
| #define PACKAGE_NAME "libhdfs"
| #define PACKAGE_TARNAME "libhdfs"
| #define PACKAGE_VERSION "0.1.0"
| #define PACKAGE_STRING "libhdfs 0.1.0"
| #define PACKAGE_BUGREPORT "omalley@apache.org"
| #define PACKAGE_URL ""
| #define PACKAGE "libhdfs"
| #define VERSION "0.1.0"
| /* end confdefs.h.  */
| #include <stdio.h>
| #ifdef HAVE_SYS_TYPES_H
| # include <sys/types.h>
| #endif
| #ifdef HAVE_SYS_STAT_H
| # include <sys/stat.h>
| #endif
| #ifdef STDC_HEADERS
| # include <stdlib.h>
| # include <stddef.h>
| #else
| # ifdef HAVE_STDLIB_H
| #  include <stdlib.h>
| # endif
| #endif
| #ifdef HAVE_STRING_H
| # if !defined STDC_HEADERS && defined HAVE_MEMORY_H
| #  include <memory.h>
| # endif
| # include <string.h>
| #endif
| #ifdef HAVE_STRINGS_H
| # include <strings.h>
| #endif
| #ifdef HAVE_INTTYPES_H
| # include <inttypes.h>
| #endif
| #ifdef HAVE_STDINT_H
| # include <stdint.h>
| #endif
| #ifdef HAVE_UNISTD_H
| # include <unistd.h>
| #endif
| #include <dlfcn.h>
configure:6760: result: no
configure:6760: checking dlfcn.h presence
configure:6760: gcc -E  conftest.c
configure:6760: $? = 0
configure:6760: result: yes
configure:6760: WARNING: dlfcn.h: present but cannot be compiled
configure:6760: WARNING: dlfcn.h:     check for missing prerequisite headers?
configure:6760: WARNING: dlfcn.h: see the Autoconf documentation
configure:6760: WARNING: dlfcn.h:     section "Present But Cannot Be Compiled"
configure:6760: WARNING: dlfcn.h: proceeding with the compiler's result
configure:6760: checking for dlfcn.h
configure:6760: result: no
configure:6828: checking for g++
configure:6844: found /usr/bin/g++
configure:6855: result: g++
configure:6882: checking for C++ compiler version
configure:6891: g++ --version >&5
g++ (Ubuntu/Linaro 4.6.1-9ubuntu3) 4.6.1
Copyright (C) 2011 Free Software Foundation, Inc.
This is free software; see the source for copying conditions.  There is NO
warranty; not even for MERCHANTABILITY or FITNESS FOR A PARTICULAR PURPOSE.

configure:6902: $? = 0
configure:6891: g++ -v >&5
Using built-in specs.
COLLECT_GCC=g++
COLLECT_LTO_WRAPPER=/usr/lib/gcc/x86_64-linux-gnu/4.6.1/lto-wrapper
Target: x86_64-linux-gnu
Configured with: ../src/configure -v --with-pkgversion='Ubuntu/Linaro 4.6.1-9ubuntu3' --with-bugurl=file:///usr/share/doc/gcc-4.6/README.Bugs --enable-languages=c,c++,fortran,objc,obj-c++,go --prefix=/usr --program-suffix=-4.6 --enable-shared --enable-linker-build-id --with-system-zlib --libexecdir=/usr/lib --without-included-gettext --enable-threads=posix --with-gxx-include-dir=/usr/include/c++/4.6 --libdir=/usr/lib --enable-nls --with-sysroot=/ --enable-clocale=gnu --enable-libstdcxx-debug --enable-libstdcxx-time=yes --enable-plugin --enable-objc-gc --disable-werror --with-arch-32=i686 --with-tune=generic --enable-checking=release --build=x86_64-linux-gnu --host=x86_64-linux-gnu --target=x86_64-linux-gnu
Thread model: posix
gcc version 4.6.1 (Ubuntu/Linaro 4.6.1-9ubuntu3) 
configure:6902: $? = 0
configure:6891: g++ -V >&5
g++: error: unrecognized option '-V'
g++: fatal error: no input files
compilation terminated.
configure:6902: $? = 4
configure:6891: g++ -qversion >&5
g++: error: unrecognized option '-qversion'
g++: fatal error: no input files
compilation terminated.
configure:6902: $? = 4
configure:6906: checking whether we are using the GNU C++ compiler
configure:6925: g++ -c   conftest.cpp >&5
configure:6925: $? = 0
configure:6934: result: yes
configure:6943: checking whether g++ accepts -g
configure:6963: g++ -c -g  conftest.cpp >&5
configure:6963: $? = 0
configure:7004: result: yes
configure:7029: checking dependency style of g++
configure:7119: result: gcc3
configure:7146: checking how to run the C++ preprocessor
configure:7173: g++ -E  conftest.cpp
configure:7173: $? = 0
configure:7187: g++ -E  conftest.cpp
conftest.cpp:11:28: fatal error: ac_nonexistent.h: No such file or directory
compilation terminated.
configure:7187: $? = 1
configure: failed program was:
| /* confdefs.h */
| #define PACKAGE_NAME "libhdfs"
| #define PACKAGE_TARNAME "libhdfs"
| #define PACKAGE_VERSION "0.1.0"
| #define PACKAGE_STRING "libhdfs 0.1.0"
| #define PACKAGE_BUGREPORT "omalley@apache.org"
| #define PACKAGE_URL ""
| #define PACKAGE "libhdfs"
| #define VERSION "0.1.0"
| /* end confdefs.h.  */
| #include <ac_nonexistent.h>
configure:7212: result: g++ -E
configure:7232: g++ -E  conftest.cpp
configure:7232: $? = 0
configure:7246: g++ -E  conftest.cpp
conftest.cpp:11:28: fatal error: ac_nonexistent.h: No such file or directory
compilation terminated.
configure:7246: $? = 1
configure: failed program was:
| /* confdefs.h */
| #define PACKAGE_NAME "libhdfs"
| #define PACKAGE_TARNAME "libhdfs"
| #define PACKAGE_VERSION "0.1.0"
| #define PACKAGE_STRING "libhdfs 0.1.0"
| #define PACKAGE_BUGREPORT "omalley@apache.org"
| #define PACKAGE_URL ""
| #define PACKAGE "libhdfs"
| #define VERSION "0.1.0"
| /* end confdefs.h.  */
| #include <ac_nonexistent.h>
configure:7330: checking for g77
configure:7360: result: no
configure:7330: checking for xlf
configure:7360: result: no
configure:7330: checking for f77
configure:7360: result: no
configure:7330: checking for frt
configure:7360: result: no
configure:7330: checking for pgf77
configure:7360: result: no
configure:7330: checking for cf77
configure:7360: result: no
configure:7330: checking for fort77
configure:7360: result: no
configure:7330: checking for fl32
configure:7360: result: no
configure:7330: checking for af77
configure:7360: result: no
configure:7330: checking for xlf90
configure:7360: result: no
configure:7330: checking for f90
configure:7360: result: no
configure:7330: checking for pgf90
configure:7360: result: no
configure:7330: checking for pghpf
configure:7360: result: no
configure:7330: checking for epcf90
configure:7360: result: no
configure:7330: checking for gfortran
configure:7360: result: no
configure:7330: checking for g95
configure:7360: result: no
configure:7330: checking for xlf95
configure:7360: result: no
configure:7330: checking for f95
configure:7360: result: no
configure:7330: checking for fort
configure:7360: result: no
configure:7330: checking for ifort
configure:7360: result: no
configure:7330: checking for ifc
configure:7360: result: no
configure:7330: checking for efc
configure:7360: result: no
configure:7330: checking for pgfortran
configure:7360: result: no
configure:7330: checking for pgf95
configure:7360: result: no
configure:7330: checking for lf95
configure:7360: result: no
configure:7330: checking for ftn
configure:7360: result: no
configure:7330: checking for nagfor
configure:7360: result: no
configure:7383: checking for Fortran 77 compiler version
configure:7392:  --version >&5
./configure: line 7394: --version: command not found
configure:7403: $? = 127
configure:7392:  -v >&5
./configure: line 7394: -v: command not found
configure:7403: $? = 127
configure:7392:  -V >&5
./configure: line 7394: -V: command not found
configure:7403: $? = 127
configure:7392:  -qversion >&5
./configure: line 7394: -qversion: command not found
configure:7403: $? = 127
configure:7412: checking whether we are using the GNU Fortran 77 compiler
configure:7425:  -c  conftest.F >&5
./configure: line 2139: -c: command not found
configure:7425: $? = 127
configure: failed program was:
|       program main
| #ifndef __GNUC__
|        choke me
| #endif
| 
|       end
configure:7434: result: no
configure:7440: checking whether  accepts -g
configure:7451:  -c -g conftest.f >&5
./configure: line 2139: -c: command not found
configure:7451: $? = 127
configure: failed program was:
|       program main
| 
|       end
configure:7459: result: no
configure:7493: checking the maximum length of command line arguments
configure:7602: result: 32768
configure:7613: checking command to parse /usr/bin/nm -B output from gcc object
configure:7718: gcc -c -g -O2 -DOS_LINUX -DDSO_DLFCN -DCPU=\"amd64\" -m -I/usr/bin//include -I/usr/bin//include/linux -Wall -Wstrict-prototypes  conftest.c >&5
cc1: error: unrecognized command line option '-m'
configure:7721: $? = 1
: failed program was:
#ifdef __cplusplus
extern "C" {
#endif
char nm_test_var;
void nm_test_func(){}
#ifdef __cplusplus
}
#endif
int main(){nm_test_var='a';nm_test_func();return(0);}
configure:7718: gcc -c -g -O2 -DOS_LINUX -DDSO_DLFCN -DCPU=\"amd64\" -m -I/usr/bin//include -I/usr/bin//include/linux -Wall -Wstrict-prototypes  conftest.c >&5
cc1: error: unrecognized command line option '-m'
configure:7721: $? = 1
: failed program was:
#ifdef __cplusplus
extern "C" {
#endif
char nm_test_var;
void nm_test_func(){}
#ifdef __cplusplus
}
#endif
int main(){nm_test_var='a';nm_test_func();return(0);}
configure:7818: result: failed
configure:7825: checking for objdir
configure:7840: result: .libs
configure:7932: checking for ar
configure:7948: found /usr/bin/ar
configure:7959: result: ar
configure:8024: checking for ranlib
configure:8051: result: ranlib
configure:8116: checking for strip
configure:8132: found /usr/bin/strip
configure:8143: result: strip
configure:8425: checking if gcc supports -fno-rtti -fno-exceptions
configure:8443: gcc -c -g -O2 -DOS_LINUX -DDSO_DLFCN -DCPU=\"amd64\" -m -I/usr/bin//include -I/usr/bin//include/linux -Wall -Wstrict-prototypes  -fno-rtti -fno-exceptions conftest.c >&5
cc1: error: unrecognized command line option '-m'
cc1: warning: command line option '-fno-rtti' is valid for C++/ObjC++ but not for C [enabled by default]
configure:8447: $? = 1
configure:8460: result: no
configure:8475: checking for gcc option to produce PIC
configure:8685: result: -fPIC
configure:8693: checking if gcc PIC flag -fPIC works
configure:8711: gcc -c -g -O2 -DOS_LINUX -DDSO_DLFCN -DCPU=\"amd64\" -m -I/usr/bin//include -I/usr/bin//include/linux -Wall -Wstrict-prototypes  -fPIC -DPIC conftest.c >&5
cc1: error: unrecognized command line option '-m'
configure:8715: $? = 1
configure:8728: result: no
configure:8756: checking if gcc static flag -static works
configure:8784: result: no
configure:8794: checking if gcc supports -c -o file.o
configure:8815: gcc -c -g -O2 -DOS_LINUX -DDSO_DLFCN -DCPU=\"amd64\" -m -I/usr/bin//include -I/usr/bin//include/linux -Wall -Wstrict-prototypes  -o out/conftest2.o conftest.c >&5
cc1: error: unrecognized command line option '-m'
configure:8819: $? = 1
configure:8841: result: no
configure:8848: checking if we can lock with hard links
configure:8856: result: yes
configure:8867: checking whether the gcc linker (/usr/bin/ld) supports shared libraries
configure:9767: result: yes
configure:9788: checking whether -lc should be explicitly linked in
configure:9793: gcc -c -g -O2 -DOS_LINUX -DDSO_DLFCN -DCPU=\"amd64\" -m -I/usr/bin//include -I/usr/bin//include/linux -Wall -Wstrict-prototypes  conftest.c >&5
cc1: error: unrecognized command line option '-m'
configure:9796: $? = 1
configure:9826: result: yes
configure:9834: checking dynamic linker characteristics
configure:10227: gcc -c -g -O2 -DOS_LINUX -DDSO_DLFCN -DCPU=\"amd64\" -m -I/usr/bin//include -I/usr/bin//include/linux -Wall -Wstrict-prototypes  conftest.c >&5
cc1: error: unrecognized command line option '-m'
configure:10230: $? = 1
configure:10443: result: GNU/Linux ld.so
configure:10452: checking how to hardcode library paths into programs
configure:10477: result: immediate
configure:10491: checking whether stripping libraries is possible
configure:10496: result: yes
configure:11012: checking if libtool supports shared libraries
configure:11014: result: yes
configure:11017: checking whether to build shared libraries
configure:11038: result: yes
configure:11041: checking whether to build static libraries
configure:11045: result: yes
configure:11137: creating libtool
configure:11724: checking for ld used by g++
configure:11791: result: /usr/bin/ld
configure:11798: checking if the linker (/usr/bin/ld) is GNU ld
configure:11813: result: yes
configure:11864: checking whether the g++ linker (/usr/bin/ld) supports shared libraries
configure:12744: result: yes
configure:12762: g++ -c -g -O2  conftest.cpp >&5
configure:12765: $? = 0
configure:12884: checking for g++ option to produce PIC
configure:13158: result: -fPIC
configure:13166: checking if g++ PIC flag -fPIC works
configure:13184: g++ -c -g -O2  -fPIC -DPIC conftest.cpp >&5
configure:13188: $? = 0
configure:13201: result: yes
configure:13229: checking if g++ static flag -static works
configure:13257: result: no
configure:13267: checking if g++ supports -c -o file.o
configure:13288: g++ -c -g -O2  -o out/conftest2.o conftest.cpp >&5
configure:13292: $? = 0
configure:13314: result: yes
configure:13340: checking whether the g++ linker (/usr/bin/ld) supports shared libraries
configure:13365: result: yes
configure:13432: checking dynamic linker characteristics
configure:13825: g++ -c -g -O2  conftest.cpp >&5
configure:13828: $? = 0
configure:14041: result: GNU/Linux ld.so
configure:14050: checking how to hardcode library paths into programs
configure:14075: result: immediate
configure:20166: checking for size_t
configure:20166: gcc -c -g -O2 -DOS_LINUX -DDSO_DLFCN -DCPU=\"amd64\" -m -I/usr/bin//include -I/usr/bin//include/linux -Wall -Wstrict-prototypes  conftest.c >&5
cc1: error: unrecognized command line option '-m'
configure:20166: $? = 1
configure: failed program was:
| /* confdefs.h */
| #define PACKAGE_NAME "libhdfs"
| #define PACKAGE_TARNAME "libhdfs"
| #define PACKAGE_VERSION "0.1.0"
| #define PACKAGE_STRING "libhdfs 0.1.0"
| #define PACKAGE_BUGREPORT "omalley@apache.org"
| #define PACKAGE_URL ""
| #define PACKAGE "libhdfs"
| #define VERSION "0.1.0"
| /* end confdefs.h.  */
| #include <stdio.h>
| #ifdef HAVE_SYS_TYPES_H
| # include <sys/types.h>
| #endif
| #ifdef HAVE_SYS_STAT_H
| # include <sys/stat.h>
| #endif
| #ifdef STDC_HEADERS
| # include <stdlib.h>
| # include <stddef.h>
| #else
| # ifdef HAVE_STDLIB_H
| #  include <stdlib.h>
| # endif
| #endif
| #ifdef HAVE_STRING_H
| # if !defined STDC_HEADERS && defined HAVE_MEMORY_H
| #  include <memory.h>
| # endif
| # include <string.h>
| #endif
| #ifdef HAVE_STRINGS_H
| # include <strings.h>
| #endif
| #ifdef HAVE_INTTYPES_H
| # include <inttypes.h>
| #endif
| #ifdef HAVE_STDINT_H
| # include <stdint.h>
| #endif
| #ifdef HAVE_UNISTD_H
| # include <unistd.h>
| #endif
| int
| main ()
| {
| if (sizeof (size_t))
| 	 return 0;
|   ;
|   return 0;
| }
configure:20166: result: no
configure:20180: checking for strdup
configure:20180: gcc -o conftest -g -O2 -DOS_LINUX -DDSO_DLFCN -DCPU=\"amd64\" -m -I/usr/bin//include -I/usr/bin//include/linux -Wall -Wstrict-prototypes   -m -L -ljvm -shared -Wl,-x conftest.c  -ldl -lpthread >&5
cc1: error: unrecognized command line option '-m'
cc1: error: unrecognized command line option '-m'
configure:20180: $? = 1
configure: failed program was:
| /* confdefs.h */
| #define PACKAGE_NAME "libhdfs"
| #define PACKAGE_TARNAME "libhdfs"
| #define PACKAGE_VERSION "0.1.0"
| #define PACKAGE_STRING "libhdfs 0.1.0"
| #define PACKAGE_BUGREPORT "omalley@apache.org"
| #define PACKAGE_URL ""
| #define PACKAGE "libhdfs"
| #define VERSION "0.1.0"
| #define size_t unsigned int
| /* end confdefs.h.  */
| /* Define strdup to an innocuous variant, in case <limits.h> declares strdup.
|    For example, HP-UX 11i <limits.h> declares gettimeofday.  */
| #define strdup innocuous_strdup
| 
| /* System header to define __stub macros and hopefully few prototypes,
|     which can conflict with char strdup (); below.
|     Prefer <limits.h> to <assert.h> if __STDC__ is defined, since
|     <limits.h> exists even on freestanding compilers.  */
| 
| #ifdef __STDC__
| # include <limits.h>
| #else
| # include <assert.h>
| #endif
| 
| #undef strdup
| 
| /* Override any GCC internal prototype to avoid an error.
|    Use char because int might match the return type of a GCC
|    builtin and then its argument prototype would still apply.  */
| #ifdef __cplusplus
| extern "C"
| #endif
| char strdup ();
| /* The GNU C library defines this for functions which it implements
|     to always fail with ENOSYS.  Some functions are actually named
|     something starting with __ and the normal name is an alias.  */
| #if defined __stub_strdup || defined __stub___strdup
| choke me
| #endif
| 
| int
| main ()
| {
| return strdup ();
|   ;
|   return 0;
| }
configure:20180: result: no
configure:20180: checking for strerror
configure:20180: gcc -o conftest -g -O2 -DOS_LINUX -DDSO_DLFCN -DCPU=\"amd64\" -m -I/usr/bin//include -I/usr/bin//include/linux -Wall -Wstrict-prototypes   -m -L -ljvm -shared -Wl,-x conftest.c  -ldl -lpthread >&5
cc1: error: unrecognized command line option '-m'
cc1: error: unrecognized command line option '-m'
configure:20180: $? = 1
configure: failed program was:
| /* confdefs.h */
| #define PACKAGE_NAME "libhdfs"
| #define PACKAGE_TARNAME "libhdfs"
| #define PACKAGE_VERSION "0.1.0"
| #define PACKAGE_STRING "libhdfs 0.1.0"
| #define PACKAGE_BUGREPORT "omalley@apache.org"
| #define PACKAGE_URL ""
| #define PACKAGE "libhdfs"
| #define VERSION "0.1.0"
| #define size_t unsigned int
| /* end confdefs.h.  */
| /* Define strerror to an innocuous variant, in case <limits.h> declares strerror.
|    For example, HP-UX 11i <limits.h> declares gettimeofday.  */
| #define strerror innocuous_strerror
| 
| /* System header to define __stub macros and hopefully few prototypes,
|     which can conflict with char strerror (); below.
|     Prefer <limits.h> to <assert.h> if __STDC__ is defined, since
|     <limits.h> exists even on freestanding compilers.  */
| 
| #ifdef __STDC__
| # include <limits.h>
| #else
| # include <assert.h>
| #endif
| 
| #undef strerror
| 
| /* Override any GCC internal prototype to avoid an error.
|    Use char because int might match the return type of a GCC
|    builtin and then its argument prototype would still apply.  */
| #ifdef __cplusplus
| extern "C"
| #endif
| char strerror ();
| /* The GNU C library defines this for functions which it implements
|     to always fail with ENOSYS.  Some functions are actually named
|     something starting with __ and the normal name is an alias.  */
| #if defined __stub_strerror || defined __stub___strerror
| choke me
| #endif
| 
| int
| main ()
| {
| return strerror ();
|   ;
|   return 0;
| }
configure:20180: result: no
configure:20180: checking for strtoul
configure:20180: gcc -o conftest -g -O2 -DOS_LINUX -DDSO_DLFCN -DCPU=\"amd64\" -m -I/usr/bin//include -I/usr/bin//include/linux -Wall -Wstrict-prototypes   -m -L -ljvm -shared -Wl,-x conftest.c  -ldl -lpthread >&5
cc1: error: unrecognized command line option '-m'
cc1: error: unrecognized command line option '-m'
configure:20180: $? = 1
configure: failed program was:
| /* confdefs.h */
| #define PACKAGE_NAME "libhdfs"
| #define PACKAGE_TARNAME "libhdfs"
| #define PACKAGE_VERSION "0.1.0"
| #define PACKAGE_STRING "libhdfs 0.1.0"
| #define PACKAGE_BUGREPORT "omalley@apache.org"
| #define PACKAGE_URL ""
| #define PACKAGE "libhdfs"
| #define VERSION "0.1.0"
| #define size_t unsigned int
| /* end confdefs.h.  */
| /* Define strtoul to an innocuous variant, in case <limits.h> declares strtoul.
|    For example, HP-UX 11i <limits.h> declares gettimeofday.  */
| #define strtoul innocuous_strtoul
| 
| /* System header to define __stub macros and hopefully few prototypes,
|     which can conflict with char strtoul (); below.
|     Prefer <limits.h> to <assert.h> if __STDC__ is defined, since
|     <limits.h> exists even on freestanding compilers.  */
| 
| #ifdef __STDC__
| # include <limits.h>
| #else
| # include <assert.h>
| #endif
| 
| #undef strtoul
| 
| /* Override any GCC internal prototype to avoid an error.
|    Use char because int might match the return type of a GCC
|    builtin and then its argument prototype would still apply.  */
| #ifdef __cplusplus
| extern "C"
| #endif
| char strtoul ();
| /* The GNU C library defines this for functions which it implements
|     to always fail with ENOSYS.  Some functions are actually named
|     something starting with __ and the normal name is an alias.  */
| #if defined __stub_strtoul || defined __stub___strtoul
| choke me
| #endif
| 
| int
| main ()
| {
| return strtoul ();
|   ;
|   return 0;
| }
configure:20180: result: no
configure:20191: checking fcntl.h usability
configure:20191: gcc -c -g -O2 -DOS_LINUX -DDSO_DLFCN -DCPU=\"amd64\" -m -I/usr/bin//include -I/usr/bin//include/linux -Wall -Wstrict-prototypes  conftest.c >&5
cc1: error: unrecognized command line option '-m'
configure:20191: $? = 1
configure: failed program was:
| /* confdefs.h */
| #define PACKAGE_NAME "libhdfs"
| #define PACKAGE_TARNAME "libhdfs"
| #define PACKAGE_VERSION "0.1.0"
| #define PACKAGE_STRING "libhdfs 0.1.0"
| #define PACKAGE_BUGREPORT "omalley@apache.org"
| #define PACKAGE_URL ""
| #define PACKAGE "libhdfs"
| #define VERSION "0.1.0"
| #define size_t unsigned int
| /* end confdefs.h.  */
| #include <stdio.h>
| #ifdef HAVE_SYS_TYPES_H
| # include <sys/types.h>
| #endif
| #ifdef HAVE_SYS_STAT_H
| # include <sys/stat.h>
| #endif
| #ifdef STDC_HEADERS
| # include <stdlib.h>
| # include <stddef.h>
| #else
| # ifdef HAVE_STDLIB_H
| #  include <stdlib.h>
| # endif
| #endif
| #ifdef HAVE_STRING_H
| # if !defined STDC_HEADERS && defined HAVE_MEMORY_H
| #  include <memory.h>
| # endif
| # include <string.h>
| #endif
| #ifdef HAVE_STRINGS_H
| # include <strings.h>
| #endif
| #ifdef HAVE_INTTYPES_H
| # include <inttypes.h>
| #endif
| #ifdef HAVE_STDINT_H
| # include <stdint.h>
| #endif
| #ifdef HAVE_UNISTD_H
| # include <unistd.h>
| #endif
| #include <fcntl.h>
configure:20191: result: no
configure:20191: checking fcntl.h presence
configure:20191: gcc -E  conftest.c
configure:20191: $? = 0
configure:20191: result: yes
configure:20191: WARNING: fcntl.h: present but cannot be compiled
configure:20191: WARNING: fcntl.h:     check for missing prerequisite headers?
configure:20191: WARNING: fcntl.h: see the Autoconf documentation
configure:20191: WARNING: fcntl.h:     section "Present But Cannot Be Compiled"
configure:20191: WARNING: fcntl.h: proceeding with the compiler's result
configure:20191: checking for fcntl.h
configure:20191: result: no
configure:20201: checking for an ANSI C-conforming const
configure:20267: gcc -c -g -O2 -DOS_LINUX -DDSO_DLFCN -DCPU=\"amd64\" -m -I/usr/bin//include -I/usr/bin//include/linux -Wall -Wstrict-prototypes  conftest.c >&5
cc1: error: unrecognized command line option '-m'
configure:20267: $? = 1
configure: failed program was:
| /* confdefs.h */
| #define PACKAGE_NAME "libhdfs"
| #define PACKAGE_TARNAME "libhdfs"
| #define PACKAGE_VERSION "0.1.0"
| #define PACKAGE_STRING "libhdfs 0.1.0"
| #define PACKAGE_BUGREPORT "omalley@apache.org"
| #define PACKAGE_URL ""
| #define PACKAGE "libhdfs"
| #define VERSION "0.1.0"
| #define size_t unsigned int
| /* end confdefs.h.  */
| 
| int
| main ()
| {
| 
| #ifndef __cplusplus
|   /* Ultrix mips cc rejects this sort of thing.  */
|   typedef int charset[2];
|   const charset cs = { 0, 0 };
|   /* SunOS 4.1.1 cc rejects this.  */
|   char const *const *pcpcc;
|   char **ppc;
|   /* NEC SVR4.0.2 mips cc rejects this.  */
|   struct point {int x, y;};
|   static struct point const zero = {0,0};
|   /* AIX XL C 1.02.0.0 rejects this.
|      It does not let you subtract one const X* pointer from another in
|      an arm of an if-expression whose if-part is not a constant
|      expression */
|   const char *g = "string";
|   pcpcc = &g + (g ? g-g : 0);
|   /* HPUX 7.0 cc rejects these. */
|   ++pcpcc;
|   ppc = (char**) pcpcc;
|   pcpcc = (char const *const *) ppc;
|   { /* SCO 3.2v4 cc rejects this sort of thing.  */
|     char tx;
|     char *t = &tx;
|     char const *s = 0 ? (char *) 0 : (char const *) 0;
| 
|     *t++ = 0;
|     if (s) return 0;
|   }
|   { /* Someone thinks the Sun supposedly-ANSI compiler will reject this.  */
|     int x[] = {25, 17};
|     const int *foo = &x[0];
|     ++foo;
|   }
|   { /* Sun SC1.0 ANSI compiler rejects this -- but not the above. */
|     typedef const int *iptr;
|     iptr p = 0;
|     ++p;
|   }
|   { /* AIX XL C 1.02.0.0 rejects this sort of thing, saying
|        "k.c", line 2.27: 1506-025 (S) Operand must be a modifiable lvalue. */
|     struct s { int j; const int *ap[3]; } bx;
|     struct s *b = &bx; b->j = 5;
|   }
|   { /* ULTRIX-32 V3.1 (Rev 9) vcc rejects this */
|     const int foo = 10;
|     if (!foo) return 0;
|   }
|   return !cs[0] && !zero.x;
| #endif
| 
|   ;
|   return 0;
| }
configure:20274: result: no
configure:20282: checking for working volatile
configure:20301: gcc -c -g -O2 -DOS_LINUX -DDSO_DLFCN -DCPU=\"amd64\" -m -I/usr/bin//include -I/usr/bin//include/linux -Wall -Wstrict-prototypes  conftest.c >&5
cc1: error: unrecognized command line option '-m'
configure:20301: $? = 1
configure: failed program was:
| /* confdefs.h */
| #define PACKAGE_NAME "libhdfs"
| #define PACKAGE_TARNAME "libhdfs"
| #define PACKAGE_VERSION "0.1.0"
| #define PACKAGE_STRING "libhdfs 0.1.0"
| #define PACKAGE_BUGREPORT "omalley@apache.org"
| #define PACKAGE_URL ""
| #define PACKAGE "libhdfs"
| #define VERSION "0.1.0"
| #define size_t unsigned int
| #define const /**/
| /* end confdefs.h.  */
| 
| int
| main ()
| {
| 
| volatile int x;
| int * volatile y = (int *) 0;
| return !x && !y;
|   ;
|   return 0;
| }
configure:20308: result: no
configure:20317: checking for stdbool.h that conforms to C99
configure:20384: gcc -c -g -O2 -DOS_LINUX -DDSO_DLFCN -DCPU=\"amd64\" -m -I/usr/bin//include -I/usr/bin//include/linux -Wall -Wstrict-prototypes  conftest.c >&5
cc1: error: unrecognized command line option '-m'
configure:20384: $? = 1
configure: failed program was:
| /* confdefs.h */
| #define PACKAGE_NAME "libhdfs"
| #define PACKAGE_TARNAME "libhdfs"
| #define PACKAGE_VERSION "0.1.0"
| #define PACKAGE_STRING "libhdfs 0.1.0"
| #define PACKAGE_BUGREPORT "omalley@apache.org"
| #define PACKAGE_URL ""
| #define PACKAGE "libhdfs"
| #define VERSION "0.1.0"
| #define size_t unsigned int
| #define const /**/
| #define volatile /**/
| /* end confdefs.h.  */
| 
|              #include <stdbool.h>
|              #ifndef bool
|               "error: bool is not defined"
|              #endif
|              #ifndef false
|               "error: false is not defined"
|              #endif
|              #if false
|               "error: false is not 0"
|              #endif
|              #ifndef true
|               "error: true is not defined"
|              #endif
|              #if true != 1
|               "error: true is not 1"
|              #endif
|              #ifndef __bool_true_false_are_defined
|               "error: __bool_true_false_are_defined is not defined"
|              #endif
| 
|              struct s { _Bool s: 1; _Bool t; } s;
| 
|              char a[true == 1 ? 1 : -1];
|              char b[false == 0 ? 1 : -1];
|              char c[__bool_true_false_are_defined == 1 ? 1 : -1];
|              char d[(bool) 0.5 == true ? 1 : -1];
|              /* See body of main program for 'e'.  */
|              char f[(_Bool) 0.0 == false ? 1 : -1];
|              char g[true];
|              char h[sizeof (_Bool)];
|              char i[sizeof s.t];
|              enum { j = false, k = true, l = false * true, m = true * 256 };
|              /* The following fails for
|                 HP aC++/ANSI C B3910B A.05.55 [Dec 04 2003]. */
|              _Bool n[m];
|              char o[sizeof n == m * sizeof n[0] ? 1 : -1];
|              char p[-1 - (_Bool) 0 < 0 && -1 - (bool) 0 < 0 ? 1 : -1];
|              /* Catch a bug in an HP-UX C compiler.  See
|                 http://gcc.gnu.org/ml/gcc-patches/2003-12/msg02303.html
|                 http://lists.gnu.org/archive/html/bug-coreutils/2005-11/msg00161.html
|               */
|              _Bool q = true;
|              _Bool *pq = &q;
| 
| int
| main ()
| {
| 
|              bool e = &s;
|              *pq |= q;
|              *pq |= ! q;
|              /* Refer to every declared value, to avoid compiler optimizations.  */
|              return (!a + !b + !c + !d + !e + !f + !g + !h + !i + !!j + !k + !!l
|                      + !m + !n + !o + !p + !q + !pq);
| 
|   ;
|   return 0;
| }
configure:20391: result: no
configure:20393: checking for _Bool
configure:20393: gcc -c -g -O2 -DOS_LINUX -DDSO_DLFCN -DCPU=\"amd64\" -m -I/usr/bin//include -I/usr/bin//include/linux -Wall -Wstrict-prototypes  conftest.c >&5
cc1: error: unrecognized command line option '-m'
configure:20393: $? = 1
configure: failed program was:
| /* confdefs.h */
| #define PACKAGE_NAME "libhdfs"
| #define PACKAGE_TARNAME "libhdfs"
| #define PACKAGE_VERSION "0.1.0"
| #define PACKAGE_STRING "libhdfs 0.1.0"
| #define PACKAGE_BUGREPORT "omalley@apache.org"
| #define PACKAGE_URL ""
| #define PACKAGE "libhdfs"
| #define VERSION "0.1.0"
| #define size_t unsigned int
| #define const /**/
| #define volatile /**/
| /* end confdefs.h.  */
| #include <stdio.h>
| #ifdef HAVE_SYS_TYPES_H
| # include <sys/types.h>
| #endif
| #ifdef HAVE_SYS_STAT_H
| # include <sys/stat.h>
| #endif
| #ifdef STDC_HEADERS
| # include <stdlib.h>
| # include <stddef.h>
| #else
| # ifdef HAVE_STDLIB_H
| #  include <stdlib.h>
| # endif
| #endif
| #ifdef HAVE_STRING_H
| # if !defined STDC_HEADERS && defined HAVE_MEMORY_H
| #  include <memory.h>
| # endif
| # include <string.h>
| #endif
| #ifdef HAVE_STRINGS_H
| # include <strings.h>
| #endif
| #ifdef HAVE_INTTYPES_H
| # include <inttypes.h>
| #endif
| #ifdef HAVE_STDINT_H
| # include <stdint.h>
| #endif
| #ifdef HAVE_UNISTD_H
| # include <unistd.h>
| #endif
| int
| main ()
| {
| if (sizeof (_Bool))
| 	 return 0;
|   ;
|   return 0;
| }
configure:20393: result: no
configure:20410: checking for int16_t
configure:20410: gcc -c -g -O2 -DOS_LINUX -DDSO_DLFCN -DCPU=\"amd64\" -m -I/usr/bin//include -I/usr/bin//include/linux -Wall -Wstrict-prototypes  conftest.c >&5
cc1: error: unrecognized command line option '-m'
configure:20410: $? = 1
configure: failed program was:
| /* confdefs.h */
| #define PACKAGE_NAME "libhdfs"
| #define PACKAGE_TARNAME "libhdfs"
| #define PACKAGE_VERSION "0.1.0"
| #define PACKAGE_STRING "libhdfs 0.1.0"
| #define PACKAGE_BUGREPORT "omalley@apache.org"
| #define PACKAGE_URL ""
| #define PACKAGE "libhdfs"
| #define VERSION "0.1.0"
| #define size_t unsigned int
| #define const /**/
| #define volatile /**/
| /* end confdefs.h.  */
| #include <stdio.h>
| #ifdef HAVE_SYS_TYPES_H
| # include <sys/types.h>
| #endif
| #ifdef HAVE_SYS_STAT_H
| # include <sys/stat.h>
| #endif
| #ifdef STDC_HEADERS
| # include <stdlib.h>
| # include <stddef.h>
| #else
| # ifdef HAVE_STDLIB_H
| #  include <stdlib.h>
| # endif
| #endif
| #ifdef HAVE_STRING_H
| # if !defined STDC_HEADERS && defined HAVE_MEMORY_H
| #  include <memory.h>
| # endif
| # include <string.h>
| #endif
| #ifdef HAVE_STRINGS_H
| # include <strings.h>
| #endif
| #ifdef HAVE_INTTYPES_H
| # include <inttypes.h>
| #endif
| #ifdef HAVE_STDINT_H
| # include <stdint.h>
| #endif
| #ifdef HAVE_UNISTD_H
| # include <unistd.h>
| #endif
| 	     enum { N = 16 / 2 - 1 };
| int
| main ()
| {
| static int test_array [1 - 2 * !(0 < (int16_t) (((((int16_t) 1 << N) << N) - 1) * 2 + 1))];
| test_array [0] = 0;
| return test_array [0];
| 
|   ;
|   return 0;
| }
configure:20410: gcc -c -g -O2 -DOS_LINUX -DDSO_DLFCN -DCPU=\"amd64\" -m -I/usr/bin//include -I/usr/bin//include/linux -Wall -Wstrict-prototypes  conftest.c >&5
cc1: error: unrecognized command line option '-m'
configure:20410: $? = 1
configure: failed program was:
| /* confdefs.h */
| #define PACKAGE_NAME "libhdfs"
| #define PACKAGE_TARNAME "libhdfs"
| #define PACKAGE_VERSION "0.1.0"
| #define PACKAGE_STRING "libhdfs 0.1.0"
| #define PACKAGE_BUGREPORT "omalley@apache.org"
| #define PACKAGE_URL ""
| #define PACKAGE "libhdfs"
| #define VERSION "0.1.0"
| #define size_t unsigned int
| #define const /**/
| #define volatile /**/
| /* end confdefs.h.  */
| #include <stdio.h>
| #ifdef HAVE_SYS_TYPES_H
| # include <sys/types.h>
| #endif
| #ifdef HAVE_SYS_STAT_H
| # include <sys/stat.h>
| #endif
| #ifdef STDC_HEADERS
| # include <stdlib.h>
| # include <stddef.h>
| #else
| # ifdef HAVE_STDLIB_H
| #  include <stdlib.h>
| # endif
| #endif
| #ifdef HAVE_STRING_H
| # if !defined STDC_HEADERS && defined HAVE_MEMORY_H
| #  include <memory.h>
| # endif
| # include <string.h>
| #endif
| #ifdef HAVE_STRINGS_H
| # include <strings.h>
| #endif
| #ifdef HAVE_INTTYPES_H
| # include <inttypes.h>
| #endif
| #ifdef HAVE_STDINT_H
| # include <stdint.h>
| #endif
| #ifdef HAVE_UNISTD_H
| # include <unistd.h>
| #endif
| 	     enum { N = 16 / 2 - 1 };
| int
| main ()
| {
| static int test_array [1 - 2 * !(0 < (int) (((((int) 1 << N) << N) - 1) * 2 + 1))];
| test_array [0] = 0;
| return test_array [0];
| 
|   ;
|   return 0;
| }
configure:20410: gcc -c -g -O2 -DOS_LINUX -DDSO_DLFCN -DCPU=\"amd64\" -m -I/usr/bin//include -I/usr/bin//include/linux -Wall -Wstrict-prototypes  conftest.c >&5
cc1: error: unrecognized command line option '-m'
configure:20410: $? = 1
configure: failed program was:
| /* confdefs.h */
| #define PACKAGE_NAME "libhdfs"
| #define PACKAGE_TARNAME "libhdfs"
| #define PACKAGE_VERSION "0.1.0"
| #define PACKAGE_STRING "libhdfs 0.1.0"
| #define PACKAGE_BUGREPORT "omalley@apache.org"
| #define PACKAGE_URL ""
| #define PACKAGE "libhdfs"
| #define VERSION "0.1.0"
| #define size_t unsigned int
| #define const /**/
| #define volatile /**/
| /* end confdefs.h.  */
| #include <stdio.h>
| #ifdef HAVE_SYS_TYPES_H
| # include <sys/types.h>
| #endif
| #ifdef HAVE_SYS_STAT_H
| # include <sys/stat.h>
| #endif
| #ifdef STDC_HEADERS
| # include <stdlib.h>
| # include <stddef.h>
| #else
| # ifdef HAVE_STDLIB_H
| #  include <stdlib.h>
| # endif
| #endif
| #ifdef HAVE_STRING_H
| # if !defined STDC_HEADERS && defined HAVE_MEMORY_H
| #  include <memory.h>
| # endif
| # include <string.h>
| #endif
| #ifdef HAVE_STRINGS_H
| # include <strings.h>
| #endif
| #ifdef HAVE_INTTYPES_H
| # include <inttypes.h>
| #endif
| #ifdef HAVE_STDINT_H
| # include <stdint.h>
| #endif
| #ifdef HAVE_UNISTD_H
| # include <unistd.h>
| #endif
| 	     enum { N = 16 / 2 - 1 };
| int
| main ()
| {
| static int test_array [1 - 2 * !(0 < (long int) (((((long int) 1 << N) << N) - 1) * 2 + 1))];
| test_array [0] = 0;
| return test_array [0];
| 
|   ;
|   return 0;
| }
configure:20410: gcc -c -g -O2 -DOS_LINUX -DDSO_DLFCN -DCPU=\"amd64\" -m -I/usr/bin//include -I/usr/bin//include/linux -Wall -Wstrict-prototypes  conftest.c >&5
cc1: error: unrecognized command line option '-m'
configure:20410: $? = 1
configure: failed program was:
| /* confdefs.h */
| #define PACKAGE_NAME "libhdfs"
| #define PACKAGE_TARNAME "libhdfs"
| #define PACKAGE_VERSION "0.1.0"
| #define PACKAGE_STRING "libhdfs 0.1.0"
| #define PACKAGE_BUGREPORT "omalley@apache.org"
| #define PACKAGE_URL ""
| #define PACKAGE "libhdfs"
| #define VERSION "0.1.0"
| #define size_t unsigned int
| #define const /**/
| #define volatile /**/
| /* end confdefs.h.  */
| #include <stdio.h>
| #ifdef HAVE_SYS_TYPES_H
| # include <sys/types.h>
| #endif
| #ifdef HAVE_SYS_STAT_H
| # include <sys/stat.h>
| #endif
| #ifdef STDC_HEADERS
| # include <stdlib.h>
| # include <stddef.h>
| #else
| # ifdef HAVE_STDLIB_H
| #  include <stdlib.h>
| # endif
| #endif
| #ifdef HAVE_STRING_H
| # if !defined STDC_HEADERS && defined HAVE_MEMORY_H
| #  include <memory.h>
| # endif
| # include <string.h>
| #endif
| #ifdef HAVE_STRINGS_H
| # include <strings.h>
| #endif
| #ifdef HAVE_INTTYPES_H
| # include <inttypes.h>
| #endif
| #ifdef HAVE_STDINT_H
| # include <stdint.h>
| #endif
| #ifdef HAVE_UNISTD_H
| # include <unistd.h>
| #endif
| 	     enum { N = 16 / 2 - 1 };
| int
| main ()
| {
| static int test_array [1 - 2 * !(0 < (long long int) (((((long long int) 1 << N) << N) - 1) * 2 + 1))];
| test_array [0] = 0;
| return test_array [0];
| 
|   ;
|   return 0;
| }
configure:20410: gcc -c -g -O2 -DOS_LINUX -DDSO_DLFCN -DCPU=\"amd64\" -m -I/usr/bin//include -I/usr/bin//include/linux -Wall -Wstrict-prototypes  conftest.c >&5
cc1: error: unrecognized command line option '-m'
configure:20410: $? = 1
configure: failed program was:
| /* confdefs.h */
| #define PACKAGE_NAME "libhdfs"
| #define PACKAGE_TARNAME "libhdfs"
| #define PACKAGE_VERSION "0.1.0"
| #define PACKAGE_STRING "libhdfs 0.1.0"
| #define PACKAGE_BUGREPORT "omalley@apache.org"
| #define PACKAGE_URL ""
| #define PACKAGE "libhdfs"
| #define VERSION "0.1.0"
| #define size_t unsigned int
| #define const /**/
| #define volatile /**/
| /* end confdefs.h.  */
| #include <stdio.h>
| #ifdef HAVE_SYS_TYPES_H
| # include <sys/types.h>
| #endif
| #ifdef HAVE_SYS_STAT_H
| # include <sys/stat.h>
| #endif
| #ifdef STDC_HEADERS
| # include <stdlib.h>
| # include <stddef.h>
| #else
| # ifdef HAVE_STDLIB_H
| #  include <stdlib.h>
| # endif
| #endif
| #ifdef HAVE_STRING_H
| # if !defined STDC_HEADERS && defined HAVE_MEMORY_H
| #  include <memory.h>
| # endif
| # include <string.h>
| #endif
| #ifdef HAVE_STRINGS_H
| # include <strings.h>
| #endif
| #ifdef HAVE_INTTYPES_H
| # include <inttypes.h>
| #endif
| #ifdef HAVE_STDINT_H
| # include <stdint.h>
| #endif
| #ifdef HAVE_UNISTD_H
| # include <unistd.h>
| #endif
| 	     enum { N = 16 / 2 - 1 };
| int
| main ()
| {
| static int test_array [1 - 2 * !(0 < (short int) (((((short int) 1 << N) << N) - 1) * 2 + 1))];
| test_array [0] = 0;
| return test_array [0];
| 
|   ;
|   return 0;
| }
configure:20410: gcc -c -g -O2 -DOS_LINUX -DDSO_DLFCN -DCPU=\"amd64\" -m -I/usr/bin//include -I/usr/bin//include/linux -Wall -Wstrict-prototypes  conftest.c >&5
cc1: error: unrecognized command line option '-m'
configure:20410: $? = 1
configure: failed program was:
| /* confdefs.h */
| #define PACKAGE_NAME "libhdfs"
| #define PACKAGE_TARNAME "libhdfs"
| #define PACKAGE_VERSION "0.1.0"
| #define PACKAGE_STRING "libhdfs 0.1.0"
| #define PACKAGE_BUGREPORT "omalley@apache.org"
| #define PACKAGE_URL ""
| #define PACKAGE "libhdfs"
| #define VERSION "0.1.0"
| #define size_t unsigned int
| #define const /**/
| #define volatile /**/
| /* end confdefs.h.  */
| #include <stdio.h>
| #ifdef HAVE_SYS_TYPES_H
| # include <sys/types.h>
| #endif
| #ifdef HAVE_SYS_STAT_H
| # include <sys/stat.h>
| #endif
| #ifdef STDC_HEADERS
| # include <stdlib.h>
| # include <stddef.h>
| #else
| # ifdef HAVE_STDLIB_H
| #  include <stdlib.h>
| # endif
| #endif
| #ifdef HAVE_STRING_H
| # if !defined STDC_HEADERS && defined HAVE_MEMORY_H
| #  include <memory.h>
| # endif
| # include <string.h>
| #endif
| #ifdef HAVE_STRINGS_H
| # include <strings.h>
| #endif
| #ifdef HAVE_INTTYPES_H
| # include <inttypes.h>
| #endif
| #ifdef HAVE_STDINT_H
| # include <stdint.h>
| #endif
| #ifdef HAVE_UNISTD_H
| # include <unistd.h>
| #endif
| 	     enum { N = 16 / 2 - 1 };
| int
| main ()
| {
| static int test_array [1 - 2 * !(0 < (signed char) (((((signed char) 1 << N) << N) - 1) * 2 + 1))];
| test_array [0] = 0;
| return test_array [0];
| 
|   ;
|   return 0;
| }
configure:20410: result: no
configure:20421: checking for int32_t
configure:20421: gcc -c -g -O2 -DOS_LINUX -DDSO_DLFCN -DCPU=\"amd64\" -m -I/usr/bin//include -I/usr/bin//include/linux -Wall -Wstrict-prototypes  conftest.c >&5
cc1: error: unrecognized command line option '-m'
configure:20421: $? = 1
configure: failed program was:
| /* confdefs.h */
| #define PACKAGE_NAME "libhdfs"
| #define PACKAGE_TARNAME "libhdfs"
| #define PACKAGE_VERSION "0.1.0"
| #define PACKAGE_STRING "libhdfs 0.1.0"
| #define PACKAGE_BUGREPORT "omalley@apache.org"
| #define PACKAGE_URL ""
| #define PACKAGE "libhdfs"
| #define VERSION "0.1.0"
| #define size_t unsigned int
| #define const /**/
| #define volatile /**/
| /* end confdefs.h.  */
| #include <stdio.h>
| #ifdef HAVE_SYS_TYPES_H
| # include <sys/types.h>
| #endif
| #ifdef HAVE_SYS_STAT_H
| # include <sys/stat.h>
| #endif
| #ifdef STDC_HEADERS
| # include <stdlib.h>
| # include <stddef.h>
| #else
| # ifdef HAVE_STDLIB_H
| #  include <stdlib.h>
| # endif
| #endif
| #ifdef HAVE_STRING_H
| # if !defined STDC_HEADERS && defined HAVE_MEMORY_H
| #  include <memory.h>
| # endif
| # include <string.h>
| #endif
| #ifdef HAVE_STRINGS_H
| # include <strings.h>
| #endif
| #ifdef HAVE_INTTYPES_H
| # include <inttypes.h>
| #endif
| #ifdef HAVE_STDINT_H
| # include <stdint.h>
| #endif
| #ifdef HAVE_UNISTD_H
| # include <unistd.h>
| #endif
| 	     enum { N = 32 / 2 - 1 };
| int
| main ()
| {
| static int test_array [1 - 2 * !(0 < (int32_t) (((((int32_t) 1 << N) << N) - 1) * 2 + 1))];
| test_array [0] = 0;
| return test_array [0];
| 
|   ;
|   return 0;
| }
configure:20421: gcc -c -g -O2 -DOS_LINUX -DDSO_DLFCN -DCPU=\"amd64\" -m -I/usr/bin//include -I/usr/bin//include/linux -Wall -Wstrict-prototypes  conftest.c >&5
cc1: error: unrecognized command line option '-m'
configure:20421: $? = 1
configure: failed program was:
| /* confdefs.h */
| #define PACKAGE_NAME "libhdfs"
| #define PACKAGE_TARNAME "libhdfs"
| #define PACKAGE_VERSION "0.1.0"
| #define PACKAGE_STRING "libhdfs 0.1.0"
| #define PACKAGE_BUGREPORT "omalley@apache.org"
| #define PACKAGE_URL ""
| #define PACKAGE "libhdfs"
| #define VERSION "0.1.0"
| #define size_t unsigned int
| #define const /**/
| #define volatile /**/
| /* end confdefs.h.  */
| #include <stdio.h>
| #ifdef HAVE_SYS_TYPES_H
| # include <sys/types.h>
| #endif
| #ifdef HAVE_SYS_STAT_H
| # include <sys/stat.h>
| #endif
| #ifdef STDC_HEADERS
| # include <stdlib.h>
| # include <stddef.h>
| #else
| # ifdef HAVE_STDLIB_H
| #  include <stdlib.h>
| # endif
| #endif
| #ifdef HAVE_STRING_H
| # if !defined STDC_HEADERS && defined HAVE_MEMORY_H
| #  include <memory.h>
| # endif
| # include <string.h>
| #endif
| #ifdef HAVE_STRINGS_H
| # include <strings.h>
| #endif
| #ifdef HAVE_INTTYPES_H
| # include <inttypes.h>
| #endif
| #ifdef HAVE_STDINT_H
| # include <stdint.h>
| #endif
| #ifdef HAVE_UNISTD_H
| # include <unistd.h>
| #endif
| 	     enum { N = 32 / 2 - 1 };
| int
| main ()
| {
| static int test_array [1 - 2 * !(0 < (int) (((((int) 1 << N) << N) - 1) * 2 + 1))];
| test_array [0] = 0;
| return test_array [0];
| 
|   ;
|   return 0;
| }
configure:20421: gcc -c -g -O2 -DOS_LINUX -DDSO_DLFCN -DCPU=\"amd64\" -m -I/usr/bin//include -I/usr/bin//include/linux -Wall -Wstrict-prototypes  conftest.c >&5
cc1: error: unrecognized command line option '-m'
configure:20421: $? = 1
configure: failed program was:
| /* confdefs.h */
| #define PACKAGE_NAME "libhdfs"
| #define PACKAGE_TARNAME "libhdfs"
| #define PACKAGE_VERSION "0.1.0"
| #define PACKAGE_STRING "libhdfs 0.1.0"
| #define PACKAGE_BUGREPORT "omalley@apache.org"
| #define PACKAGE_URL ""
| #define PACKAGE "libhdfs"
| #define VERSION "0.1.0"
| #define size_t unsigned int
| #define const /**/
| #define volatile /**/
| /* end confdefs.h.  */
| #include <stdio.h>
| #ifdef HAVE_SYS_TYPES_H
| # include <sys/types.h>
| #endif
| #ifdef HAVE_SYS_STAT_H
| # include <sys/stat.h>
| #endif
| #ifdef STDC_HEADERS
| # include <stdlib.h>
| # include <stddef.h>
| #else
| # ifdef HAVE_STDLIB_H
| #  include <stdlib.h>
| # endif
| #endif
| #ifdef HAVE_STRING_H
| # if !defined STDC_HEADERS && defined HAVE_MEMORY_H
| #  include <memory.h>
| # endif
| # include <string.h>
| #endif
| #ifdef HAVE_STRINGS_H
| # include <strings.h>
| #endif
| #ifdef HAVE_INTTYPES_H
| # include <inttypes.h>
| #endif
| #ifdef HAVE_STDINT_H
| # include <stdint.h>
| #endif
| #ifdef HAVE_UNISTD_H
| # include <unistd.h>
| #endif
| 	     enum { N = 32 / 2 - 1 };
| int
| main ()
| {
| static int test_array [1 - 2 * !(0 < (long int) (((((long int) 1 << N) << N) - 1) * 2 + 1))];
| test_array [0] = 0;
| return test_array [0];
| 
|   ;
|   return 0;
| }
configure:20421: gcc -c -g -O2 -DOS_LINUX -DDSO_DLFCN -DCPU=\"amd64\" -m -I/usr/bin//include -I/usr/bin//include/linux -Wall -Wstrict-prototypes  conftest.c >&5
cc1: error: unrecognized command line option '-m'
configure:20421: $? = 1
configure: failed program was:
| /* confdefs.h */
| #define PACKAGE_NAME "libhdfs"
| #define PACKAGE_TARNAME "libhdfs"
| #define PACKAGE_VERSION "0.1.0"
| #define PACKAGE_STRING "libhdfs 0.1.0"
| #define PACKAGE_BUGREPORT "omalley@apache.org"
| #define PACKAGE_URL ""
| #define PACKAGE "libhdfs"
| #define VERSION "0.1.0"
| #define size_t unsigned int
| #define const /**/
| #define volatile /**/
| /* end confdefs.h.  */
| #include <stdio.h>
| #ifdef HAVE_SYS_TYPES_H
| # include <sys/types.h>
| #endif
| #ifdef HAVE_SYS_STAT_H
| # include <sys/stat.h>
| #endif
| #ifdef STDC_HEADERS
| # include <stdlib.h>
| # include <stddef.h>
| #else
| # ifdef HAVE_STDLIB_H
| #  include <stdlib.h>
| # endif
| #endif
| #ifdef HAVE_STRING_H
| # if !defined STDC_HEADERS && defined HAVE_MEMORY_H
| #  include <memory.h>
| # endif
| # include <string.h>
| #endif
| #ifdef HAVE_STRINGS_H
| # include <strings.h>
| #endif
| #ifdef HAVE_INTTYPES_H
| # include <inttypes.h>
| #endif
| #ifdef HAVE_STDINT_H
| # include <stdint.h>
| #endif
| #ifdef HAVE_UNISTD_H
| # include <unistd.h>
| #endif
| 	     enum { N = 32 / 2 - 1 };
| int
| main ()
| {
| static int test_array [1 - 2 * !(0 < (long long int) (((((long long int) 1 << N) << N) - 1) * 2 + 1))];
| test_array [0] = 0;
| return test_array [0];
| 
|   ;
|   return 0;
| }
configure:20421: gcc -c -g -O2 -DOS_LINUX -DDSO_DLFCN -DCPU=\"amd64\" -m -I/usr/bin//include -I/usr/bin//include/linux -Wall -Wstrict-prototypes  conftest.c >&5
cc1: error: unrecognized command line option '-m'
configure:20421: $? = 1
configure: failed program was:
| /* confdefs.h */
| #define PACKAGE_NAME "libhdfs"
| #define PACKAGE_TARNAME "libhdfs"
| #define PACKAGE_VERSION "0.1.0"
| #define PACKAGE_STRING "libhdfs 0.1.0"
| #define PACKAGE_BUGREPORT "omalley@apache.org"
| #define PACKAGE_URL ""
| #define PACKAGE "libhdfs"
| #define VERSION "0.1.0"
| #define size_t unsigned int
| #define const /**/
| #define volatile /**/
| /* end confdefs.h.  */
| #include <stdio.h>
| #ifdef HAVE_SYS_TYPES_H
| # include <sys/types.h>
| #endif
| #ifdef HAVE_SYS_STAT_H
| # include <sys/stat.h>
| #endif
| #ifdef STDC_HEADERS
| # include <stdlib.h>
| # include <stddef.h>
| #else
| # ifdef HAVE_STDLIB_H
| #  include <stdlib.h>
| # endif
| #endif
| #ifdef HAVE_STRING_H
| # if !defined STDC_HEADERS && defined HAVE_MEMORY_H
| #  include <memory.h>
| # endif
| # include <string.h>
| #endif
| #ifdef HAVE_STRINGS_H
| # include <strings.h>
| #endif
| #ifdef HAVE_INTTYPES_H
| # include <inttypes.h>
| #endif
| #ifdef HAVE_STDINT_H
| # include <stdint.h>
| #endif
| #ifdef HAVE_UNISTD_H
| # include <unistd.h>
| #endif
| 	     enum { N = 32 / 2 - 1 };
| int
| main ()
| {
| static int test_array [1 - 2 * !(0 < (short int) (((((short int) 1 << N) << N) - 1) * 2 + 1))];
| test_array [0] = 0;
| return test_array [0];
| 
|   ;
|   return 0;
| }
configure:20421: gcc -c -g -O2 -DOS_LINUX -DDSO_DLFCN -DCPU=\"amd64\" -m -I/usr/bin//include -I/usr/bin//include/linux -Wall -Wstrict-prototypes  conftest.c >&5
cc1: error: unrecognized command line option '-m'
configure:20421: $? = 1
configure: failed program was:
| /* confdefs.h */
| #define PACKAGE_NAME "libhdfs"
| #define PACKAGE_TARNAME "libhdfs"
| #define PACKAGE_VERSION "0.1.0"
| #define PACKAGE_STRING "libhdfs 0.1.0"
| #define PACKAGE_BUGREPORT "omalley@apache.org"
| #define PACKAGE_URL ""
| #define PACKAGE "libhdfs"
| #define VERSION "0.1.0"
| #define size_t unsigned int
| #define const /**/
| #define volatile /**/
| /* end confdefs.h.  */
| #include <stdio.h>
| #ifdef HAVE_SYS_TYPES_H
| # include <sys/types.h>
| #endif
| #ifdef HAVE_SYS_STAT_H
| # include <sys/stat.h>
| #endif
| #ifdef STDC_HEADERS
| # include <stdlib.h>
| # include <stddef.h>
| #else
| # ifdef HAVE_STDLIB_H
| #  include <stdlib.h>
| # endif
| #endif
| #ifdef HAVE_STRING_H
| # if !defined STDC_HEADERS && defined HAVE_MEMORY_H
| #  include <memory.h>
| # endif
| # include <string.h>
| #endif
| #ifdef HAVE_STRINGS_H
| # include <strings.h>
| #endif
| #ifdef HAVE_INTTYPES_H
| # include <inttypes.h>
| #endif
| #ifdef HAVE_STDINT_H
| # include <stdint.h>
| #endif
| #ifdef HAVE_UNISTD_H
| # include <unistd.h>
| #endif
| 	     enum { N = 32 / 2 - 1 };
| int
| main ()
| {
| static int test_array [1 - 2 * !(0 < (signed char) (((((signed char) 1 << N) << N) - 1) * 2 + 1))];
| test_array [0] = 0;
| return test_array [0];
| 
|   ;
|   return 0;
| }
configure:20421: result: no
configure:20432: checking for int64_t
configure:20432: gcc -c -g -O2 -DOS_LINUX -DDSO_DLFCN -DCPU=\"amd64\" -m -I/usr/bin//include -I/usr/bin//include/linux -Wall -Wstrict-prototypes  conftest.c >&5
cc1: error: unrecognized command line option '-m'
configure:20432: $? = 1
configure: failed program was:
| /* confdefs.h */
| #define PACKAGE_NAME "libhdfs"
| #define PACKAGE_TARNAME "libhdfs"
| #define PACKAGE_VERSION "0.1.0"
| #define PACKAGE_STRING "libhdfs 0.1.0"
| #define PACKAGE_BUGREPORT "omalley@apache.org"
| #define PACKAGE_URL ""
| #define PACKAGE "libhdfs"
| #define VERSION "0.1.0"
| #define size_t unsigned int
| #define const /**/
| #define volatile /**/
| /* end confdefs.h.  */
| #include <stdio.h>
| #ifdef HAVE_SYS_TYPES_H
| # include <sys/types.h>
| #endif
| #ifdef HAVE_SYS_STAT_H
| # include <sys/stat.h>
| #endif
| #ifdef STDC_HEADERS
| # include <stdlib.h>
| # include <stddef.h>
| #else
| # ifdef HAVE_STDLIB_H
| #  include <stdlib.h>
| # endif
| #endif
| #ifdef HAVE_STRING_H
| # if !defined STDC_HEADERS && defined HAVE_MEMORY_H
| #  include <memory.h>
| # endif
| # include <string.h>
| #endif
| #ifdef HAVE_STRINGS_H
| # include <strings.h>
| #endif
| #ifdef HAVE_INTTYPES_H
| # include <inttypes.h>
| #endif
| #ifdef HAVE_STDINT_H
| # include <stdint.h>
| #endif
| #ifdef HAVE_UNISTD_H
| # include <unistd.h>
| #endif
| 	     enum { N = 64 / 2 - 1 };
| int
| main ()
| {
| static int test_array [1 - 2 * !(0 < (int64_t) (((((int64_t) 1 << N) << N) - 1) * 2 + 1))];
| test_array [0] = 0;
| return test_array [0];
| 
|   ;
|   return 0;
| }
configure:20432: gcc -c -g -O2 -DOS_LINUX -DDSO_DLFCN -DCPU=\"amd64\" -m -I/usr/bin//include -I/usr/bin//include/linux -Wall -Wstrict-prototypes  conftest.c >&5
cc1: error: unrecognized command line option '-m'
configure:20432: $? = 1
configure: failed program was:
| /* confdefs.h */
| #define PACKAGE_NAME "libhdfs"
| #define PACKAGE_TARNAME "libhdfs"
| #define PACKAGE_VERSION "0.1.0"
| #define PACKAGE_STRING "libhdfs 0.1.0"
| #define PACKAGE_BUGREPORT "omalley@apache.org"
| #define PACKAGE_URL ""
| #define PACKAGE "libhdfs"
| #define VERSION "0.1.0"
| #define size_t unsigned int
| #define const /**/
| #define volatile /**/
| /* end confdefs.h.  */
| #include <stdio.h>
| #ifdef HAVE_SYS_TYPES_H
| # include <sys/types.h>
| #endif
| #ifdef HAVE_SYS_STAT_H
| # include <sys/stat.h>
| #endif
| #ifdef STDC_HEADERS
| # include <stdlib.h>
| # include <stddef.h>
| #else
| # ifdef HAVE_STDLIB_H
| #  include <stdlib.h>
| # endif
| #endif
| #ifdef HAVE_STRING_H
| # if !defined STDC_HEADERS && defined HAVE_MEMORY_H
| #  include <memory.h>
| # endif
| # include <string.h>
| #endif
| #ifdef HAVE_STRINGS_H
| # include <strings.h>
| #endif
| #ifdef HAVE_INTTYPES_H
| # include <inttypes.h>
| #endif
| #ifdef HAVE_STDINT_H
| # include <stdint.h>
| #endif
| #ifdef HAVE_UNISTD_H
| # include <unistd.h>
| #endif
| 	     enum { N = 64 / 2 - 1 };
| int
| main ()
| {
| static int test_array [1 - 2 * !(0 < (int) (((((int) 1 << N) << N) - 1) * 2 + 1))];
| test_array [0] = 0;
| return test_array [0];
| 
|   ;
|   return 0;
| }
configure:20432: gcc -c -g -O2 -DOS_LINUX -DDSO_DLFCN -DCPU=\"amd64\" -m -I/usr/bin//include -I/usr/bin//include/linux -Wall -Wstrict-prototypes  conftest.c >&5
cc1: error: unrecognized command line option '-m'
configure:20432: $? = 1
configure: failed program was:
| /* confdefs.h */
| #define PACKAGE_NAME "libhdfs"
| #define PACKAGE_TARNAME "libhdfs"
| #define PACKAGE_VERSION "0.1.0"
| #define PACKAGE_STRING "libhdfs 0.1.0"
| #define PACKAGE_BUGREPORT "omalley@apache.org"
| #define PACKAGE_URL ""
| #define PACKAGE "libhdfs"
| #define VERSION "0.1.0"
| #define size_t unsigned int
| #define const /**/
| #define volatile /**/
| /* end confdefs.h.  */
| #include <stdio.h>
| #ifdef HAVE_SYS_TYPES_H
| # include <sys/types.h>
| #endif
| #ifdef HAVE_SYS_STAT_H
| # include <sys/stat.h>
| #endif
| #ifdef STDC_HEADERS
| # include <stdlib.h>
| # include <stddef.h>
| #else
| # ifdef HAVE_STDLIB_H
| #  include <stdlib.h>
| # endif
| #endif
| #ifdef HAVE_STRING_H
| # if !defined STDC_HEADERS && defined HAVE_MEMORY_H
| #  include <memory.h>
| # endif
| # include <string.h>
| #endif
| #ifdef HAVE_STRINGS_H
| # include <strings.h>
| #endif
| #ifdef HAVE_INTTYPES_H
| # include <inttypes.h>
| #endif
| #ifdef HAVE_STDINT_H
| # include <stdint.h>
| #endif
| #ifdef HAVE_UNISTD_H
| # include <unistd.h>
| #endif
| 	     enum { N = 64 / 2 - 1 };
| int
| main ()
| {
| static int test_array [1 - 2 * !(0 < (long int) (((((long int) 1 << N) << N) - 1) * 2 + 1))];
| test_array [0] = 0;
| return test_array [0];
| 
|   ;
|   return 0;
| }
configure:20432: gcc -c -g -O2 -DOS_LINUX -DDSO_DLFCN -DCPU=\"amd64\" -m -I/usr/bin//include -I/usr/bin//include/linux -Wall -Wstrict-prototypes  conftest.c >&5
cc1: error: unrecognized command line option '-m'
configure:20432: $? = 1
configure: failed program was:
| /* confdefs.h */
| #define PACKAGE_NAME "libhdfs"
| #define PACKAGE_TARNAME "libhdfs"
| #define PACKAGE_VERSION "0.1.0"
| #define PACKAGE_STRING "libhdfs 0.1.0"
| #define PACKAGE_BUGREPORT "omalley@apache.org"
| #define PACKAGE_URL ""
| #define PACKAGE "libhdfs"
| #define VERSION "0.1.0"
| #define size_t unsigned int
| #define const /**/
| #define volatile /**/
| /* end confdefs.h.  */
| #include <stdio.h>
| #ifdef HAVE_SYS_TYPES_H
| # include <sys/types.h>
| #endif
| #ifdef HAVE_SYS_STAT_H
| # include <sys/stat.h>
| #endif
| #ifdef STDC_HEADERS
| # include <stdlib.h>
| # include <stddef.h>
| #else
| # ifdef HAVE_STDLIB_H
| #  include <stdlib.h>
| # endif
| #endif
| #ifdef HAVE_STRING_H
| # if !defined STDC_HEADERS && defined HAVE_MEMORY_H
| #  include <memory.h>
| # endif
| # include <string.h>
| #endif
| #ifdef HAVE_STRINGS_H
| # include <strings.h>
| #endif
| #ifdef HAVE_INTTYPES_H
| # include <inttypes.h>
| #endif
| #ifdef HAVE_STDINT_H
| # include <stdint.h>
| #endif
| #ifdef HAVE_UNISTD_H
| # include <unistd.h>
| #endif
| 	     enum { N = 64 / 2 - 1 };
| int
| main ()
| {
| static int test_array [1 - 2 * !(0 < (long long int) (((((long long int) 1 << N) << N) - 1) * 2 + 1))];
| test_array [0] = 0;
| return test_array [0];
| 
|   ;
|   return 0;
| }
configure:20432: gcc -c -g -O2 -DOS_LINUX -DDSO_DLFCN -DCPU=\"amd64\" -m -I/usr/bin//include -I/usr/bin//include/linux -Wall -Wstrict-prototypes  conftest.c >&5
cc1: error: unrecognized command line option '-m'
configure:20432: $? = 1
configure: failed program was:
| /* confdefs.h */
| #define PACKAGE_NAME "libhdfs"
| #define PACKAGE_TARNAME "libhdfs"
| #define PACKAGE_VERSION "0.1.0"
| #define PACKAGE_STRING "libhdfs 0.1.0"
| #define PACKAGE_BUGREPORT "omalley@apache.org"
| #define PACKAGE_URL ""
| #define PACKAGE "libhdfs"
| #define VERSION "0.1.0"
| #define size_t unsigned int
| #define const /**/
| #define volatile /**/
| /* end confdefs.h.  */
| #include <stdio.h>
| #ifdef HAVE_SYS_TYPES_H
| # include <sys/types.h>
| #endif
| #ifdef HAVE_SYS_STAT_H
| # include <sys/stat.h>
| #endif
| #ifdef STDC_HEADERS
| # include <stdlib.h>
| # include <stddef.h>
| #else
| # ifdef HAVE_STDLIB_H
| #  include <stdlib.h>
| # endif
| #endif
| #ifdef HAVE_STRING_H
| # if !defined STDC_HEADERS && defined HAVE_MEMORY_H
| #  include <memory.h>
| # endif
| # include <string.h>
| #endif
| #ifdef HAVE_STRINGS_H
| # include <strings.h>
| #endif
| #ifdef HAVE_INTTYPES_H
| # include <inttypes.h>
| #endif
| #ifdef HAVE_STDINT_H
| # include <stdint.h>
| #endif
| #ifdef HAVE_UNISTD_H
| # include <unistd.h>
| #endif
| 	     enum { N = 64 / 2 - 1 };
| int
| main ()
| {
| static int test_array [1 - 2 * !(0 < (short int) (((((short int) 1 << N) << N) - 1) * 2 + 1))];
| test_array [0] = 0;
| return test_array [0];
| 
|   ;
|   return 0;
| }
configure:20432: gcc -c -g -O2 -DOS_LINUX -DDSO_DLFCN -DCPU=\"amd64\" -m -I/usr/bin//include -I/usr/bin//include/linux -Wall -Wstrict-prototypes  conftest.c >&5
cc1: error: unrecognized command line option '-m'
configure:20432: $? = 1
configure: failed program was:
| /* confdefs.h */
| #define PACKAGE_NAME "libhdfs"
| #define PACKAGE_TARNAME "libhdfs"
| #define PACKAGE_VERSION "0.1.0"
| #define PACKAGE_STRING "libhdfs 0.1.0"
| #define PACKAGE_BUGREPORT "omalley@apache.org"
| #define PACKAGE_URL ""
| #define PACKAGE "libhdfs"
| #define VERSION "0.1.0"
| #define size_t unsigned int
| #define const /**/
| #define volatile /**/
| /* end confdefs.h.  */
| #include <stdio.h>
| #ifdef HAVE_SYS_TYPES_H
| # include <sys/types.h>
| #endif
| #ifdef HAVE_SYS_STAT_H
| # include <sys/stat.h>
| #endif
| #ifdef STDC_HEADERS
| # include <stdlib.h>
| # include <stddef.h>
| #else
| # ifdef HAVE_STDLIB_H
| #  include <stdlib.h>
| # endif
| #endif
| #ifdef HAVE_STRING_H
| # if !defined STDC_HEADERS && defined HAVE_MEMORY_H
| #  include <memory.h>
| # endif
| # include <string.h>
| #endif
| #ifdef HAVE_STRINGS_H
| # include <strings.h>
| #endif
| #ifdef HAVE_INTTYPES_H
| # include <inttypes.h>
| #endif
| #ifdef HAVE_STDINT_H
| # include <stdint.h>
| #endif
| #ifdef HAVE_UNISTD_H
| # include <unistd.h>
| #endif
| 	     enum { N = 64 / 2 - 1 };
| int
| main ()
| {
| static int test_array [1 - 2 * !(0 < (signed char) (((((signed char) 1 << N) << N) - 1) * 2 + 1))];
| test_array [0] = 0;
| return test_array [0];
| 
|   ;
|   return 0;
| }
configure:20432: result: no
configure:20443: checking for uint16_t
configure:20443: gcc -c -g -O2 -DOS_LINUX -DDSO_DLFCN -DCPU=\"amd64\" -m -I/usr/bin//include -I/usr/bin//include/linux -Wall -Wstrict-prototypes  conftest.c >&5
cc1: error: unrecognized command line option '-m'
configure:20443: $? = 1
configure: failed program was:
| /* confdefs.h */
| #define PACKAGE_NAME "libhdfs"
| #define PACKAGE_TARNAME "libhdfs"
| #define PACKAGE_VERSION "0.1.0"
| #define PACKAGE_STRING "libhdfs 0.1.0"
| #define PACKAGE_BUGREPORT "omalley@apache.org"
| #define PACKAGE_URL ""
| #define PACKAGE "libhdfs"
| #define VERSION "0.1.0"
| #define size_t unsigned int
| #define const /**/
| #define volatile /**/
| /* end confdefs.h.  */
| #include <stdio.h>
| #ifdef HAVE_SYS_TYPES_H
| # include <sys/types.h>
| #endif
| #ifdef HAVE_SYS_STAT_H
| # include <sys/stat.h>
| #endif
| #ifdef STDC_HEADERS
| # include <stdlib.h>
| # include <stddef.h>
| #else
| # ifdef HAVE_STDLIB_H
| #  include <stdlib.h>
| # endif
| #endif
| #ifdef HAVE_STRING_H
| # if !defined STDC_HEADERS && defined HAVE_MEMORY_H
| #  include <memory.h>
| # endif
| # include <string.h>
| #endif
| #ifdef HAVE_STRINGS_H
| # include <strings.h>
| #endif
| #ifdef HAVE_INTTYPES_H
| # include <inttypes.h>
| #endif
| #ifdef HAVE_STDINT_H
| # include <stdint.h>
| #endif
| #ifdef HAVE_UNISTD_H
| # include <unistd.h>
| #endif
| int
| main ()
| {
| static int test_array [1 - 2 * !(((uint16_t) -1 >> (16 / 2 - 1)) >> (16 / 2 - 1) == 3)];
| test_array [0] = 0;
| return test_array [0];
| 
|   ;
|   return 0;
| }
configure:20443: gcc -c -g -O2 -DOS_LINUX -DDSO_DLFCN -DCPU=\"amd64\" -m -I/usr/bin//include -I/usr/bin//include/linux -Wall -Wstrict-prototypes  conftest.c >&5
cc1: error: unrecognized command line option '-m'
configure:20443: $? = 1
configure: failed program was:
| /* confdefs.h */
| #define PACKAGE_NAME "libhdfs"
| #define PACKAGE_TARNAME "libhdfs"
| #define PACKAGE_VERSION "0.1.0"
| #define PACKAGE_STRING "libhdfs 0.1.0"
| #define PACKAGE_BUGREPORT "omalley@apache.org"
| #define PACKAGE_URL ""
| #define PACKAGE "libhdfs"
| #define VERSION "0.1.0"
| #define size_t unsigned int
| #define const /**/
| #define volatile /**/
| /* end confdefs.h.  */
| #include <stdio.h>
| #ifdef HAVE_SYS_TYPES_H
| # include <sys/types.h>
| #endif
| #ifdef HAVE_SYS_STAT_H
| # include <sys/stat.h>
| #endif
| #ifdef STDC_HEADERS
| # include <stdlib.h>
| # include <stddef.h>
| #else
| # ifdef HAVE_STDLIB_H
| #  include <stdlib.h>
| # endif
| #endif
| #ifdef HAVE_STRING_H
| # if !defined STDC_HEADERS && defined HAVE_MEMORY_H
| #  include <memory.h>
| # endif
| # include <string.h>
| #endif
| #ifdef HAVE_STRINGS_H
| # include <strings.h>
| #endif
| #ifdef HAVE_INTTYPES_H
| # include <inttypes.h>
| #endif
| #ifdef HAVE_STDINT_H
| # include <stdint.h>
| #endif
| #ifdef HAVE_UNISTD_H
| # include <unistd.h>
| #endif
| int
| main ()
| {
| static int test_array [1 - 2 * !(((unsigned int) -1 >> (16 / 2 - 1)) >> (16 / 2 - 1) == 3)];
| test_array [0] = 0;
| return test_array [0];
| 
|   ;
|   return 0;
| }
configure:20443: gcc -c -g -O2 -DOS_LINUX -DDSO_DLFCN -DCPU=\"amd64\" -m -I/usr/bin//include -I/usr/bin//include/linux -Wall -Wstrict-prototypes  conftest.c >&5
cc1: error: unrecognized command line option '-m'
configure:20443: $? = 1
configure: failed program was:
| /* confdefs.h */
| #define PACKAGE_NAME "libhdfs"
| #define PACKAGE_TARNAME "libhdfs"
| #define PACKAGE_VERSION "0.1.0"
| #define PACKAGE_STRING "libhdfs 0.1.0"
| #define PACKAGE_BUGREPORT "omalley@apache.org"
| #define PACKAGE_URL ""
| #define PACKAGE "libhdfs"
| #define VERSION "0.1.0"
| #define size_t unsigned int
| #define const /**/
| #define volatile /**/
| /* end confdefs.h.  */
| #include <stdio.h>
| #ifdef HAVE_SYS_TYPES_H
| # include <sys/types.h>
| #endif
| #ifdef HAVE_SYS_STAT_H
| # include <sys/stat.h>
| #endif
| #ifdef STDC_HEADERS
| # include <stdlib.h>
| # include <stddef.h>
| #else
| # ifdef HAVE_STDLIB_H
| #  include <stdlib.h>
| # endif
| #endif
| #ifdef HAVE_STRING_H
| # if !defined STDC_HEADERS && defined HAVE_MEMORY_H
| #  include <memory.h>
| # endif
| # include <string.h>
| #endif
| #ifdef HAVE_STRINGS_H
| # include <strings.h>
| #endif
| #ifdef HAVE_INTTYPES_H
| # include <inttypes.h>
| #endif
| #ifdef HAVE_STDINT_H
| # include <stdint.h>
| #endif
| #ifdef HAVE_UNISTD_H
| # include <unistd.h>
| #endif
| int
| main ()
| {
| static int test_array [1 - 2 * !(((unsigned long int) -1 >> (16 / 2 - 1)) >> (16 / 2 - 1) == 3)];
| test_array [0] = 0;
| return test_array [0];
| 
|   ;
|   return 0;
| }
configure:20443: gcc -c -g -O2 -DOS_LINUX -DDSO_DLFCN -DCPU=\"amd64\" -m -I/usr/bin//include -I/usr/bin//include/linux -Wall -Wstrict-prototypes  conftest.c >&5
cc1: error: unrecognized command line option '-m'
configure:20443: $? = 1
configure: failed program was:
| /* confdefs.h */
| #define PACKAGE_NAME "libhdfs"
| #define PACKAGE_TARNAME "libhdfs"
| #define PACKAGE_VERSION "0.1.0"
| #define PACKAGE_STRING "libhdfs 0.1.0"
| #define PACKAGE_BUGREPORT "omalley@apache.org"
| #define PACKAGE_URL ""
| #define PACKAGE "libhdfs"
| #define VERSION "0.1.0"
| #define size_t unsigned int
| #define const /**/
| #define volatile /**/
| /* end confdefs.h.  */
| #include <stdio.h>
| #ifdef HAVE_SYS_TYPES_H
| # include <sys/types.h>
| #endif
| #ifdef HAVE_SYS_STAT_H
| # include <sys/stat.h>
| #endif
| #ifdef STDC_HEADERS
| # include <stdlib.h>
| # include <stddef.h>
| #else
| # ifdef HAVE_STDLIB_H
| #  include <stdlib.h>
| # endif
| #endif
| #ifdef HAVE_STRING_H
| # if !defined STDC_HEADERS && defined HAVE_MEMORY_H
| #  include <memory.h>
| # endif
| # include <string.h>
| #endif
| #ifdef HAVE_STRINGS_H
| # include <strings.h>
| #endif
| #ifdef HAVE_INTTYPES_H
| # include <inttypes.h>
| #endif
| #ifdef HAVE_STDINT_H
| # include <stdint.h>
| #endif
| #ifdef HAVE_UNISTD_H
| # include <unistd.h>
| #endif
| int
| main ()
| {
| static int test_array [1 - 2 * !(((unsigned long long int) -1 >> (16 / 2 - 1)) >> (16 / 2 - 1) == 3)];
| test_array [0] = 0;
| return test_array [0];
| 
|   ;
|   return 0;
| }
configure:20443: gcc -c -g -O2 -DOS_LINUX -DDSO_DLFCN -DCPU=\"amd64\" -m -I/usr/bin//include -I/usr/bin//include/linux -Wall -Wstrict-prototypes  conftest.c >&5
cc1: error: unrecognized command line option '-m'
configure:20443: $? = 1
configure: failed program was:
| /* confdefs.h */
| #define PACKAGE_NAME "libhdfs"
| #define PACKAGE_TARNAME "libhdfs"
| #define PACKAGE_VERSION "0.1.0"
| #define PACKAGE_STRING "libhdfs 0.1.0"
| #define PACKAGE_BUGREPORT "omalley@apache.org"
| #define PACKAGE_URL ""
| #define PACKAGE "libhdfs"
| #define VERSION "0.1.0"
| #define size_t unsigned int
| #define const /**/
| #define volatile /**/
| /* end confdefs.h.  */
| #include <stdio.h>
| #ifdef HAVE_SYS_TYPES_H
| # include <sys/types.h>
| #endif
| #ifdef HAVE_SYS_STAT_H
| # include <sys/stat.h>
| #endif
| #ifdef STDC_HEADERS
| # include <stdlib.h>
| # include <stddef.h>
| #else
| # ifdef HAVE_STDLIB_H
| #  include <stdlib.h>
| # endif
| #endif
| #ifdef HAVE_STRING_H
| # if !defined STDC_HEADERS && defined HAVE_MEMORY_H
| #  include <memory.h>
| # endif
| # include <string.h>
| #endif
| #ifdef HAVE_STRINGS_H
| # include <strings.h>
| #endif
| #ifdef HAVE_INTTYPES_H
| # include <inttypes.h>
| #endif
| #ifdef HAVE_STDINT_H
| # include <stdint.h>
| #endif
| #ifdef HAVE_UNISTD_H
| # include <unistd.h>
| #endif
| int
| main ()
| {
| static int test_array [1 - 2 * !(((unsigned short int) -1 >> (16 / 2 - 1)) >> (16 / 2 - 1) == 3)];
| test_array [0] = 0;
| return test_array [0];
| 
|   ;
|   return 0;
| }
configure:20443: gcc -c -g -O2 -DOS_LINUX -DDSO_DLFCN -DCPU=\"amd64\" -m -I/usr/bin//include -I/usr/bin//include/linux -Wall -Wstrict-prototypes  conftest.c >&5
cc1: error: unrecognized command line option '-m'
configure:20443: $? = 1
configure: failed program was:
| /* confdefs.h */
| #define PACKAGE_NAME "libhdfs"
| #define PACKAGE_TARNAME "libhdfs"
| #define PACKAGE_VERSION "0.1.0"
| #define PACKAGE_STRING "libhdfs 0.1.0"
| #define PACKAGE_BUGREPORT "omalley@apache.org"
| #define PACKAGE_URL ""
| #define PACKAGE "libhdfs"
| #define VERSION "0.1.0"
| #define size_t unsigned int
| #define const /**/
| #define volatile /**/
| /* end confdefs.h.  */
| #include <stdio.h>
| #ifdef HAVE_SYS_TYPES_H
| # include <sys/types.h>
| #endif
| #ifdef HAVE_SYS_STAT_H
| # include <sys/stat.h>
| #endif
| #ifdef STDC_HEADERS
| # include <stdlib.h>
| # include <stddef.h>
| #else
| # ifdef HAVE_STDLIB_H
| #  include <stdlib.h>
| # endif
| #endif
| #ifdef HAVE_STRING_H
| # if !defined STDC_HEADERS && defined HAVE_MEMORY_H
| #  include <memory.h>
| # endif
| # include <string.h>
| #endif
| #ifdef HAVE_STRINGS_H
| # include <strings.h>
| #endif
| #ifdef HAVE_INTTYPES_H
| # include <inttypes.h>
| #endif
| #ifdef HAVE_STDINT_H
| # include <stdint.h>
| #endif
| #ifdef HAVE_UNISTD_H
| # include <unistd.h>
| #endif
| int
| main ()
| {
| static int test_array [1 - 2 * !(((unsigned char) -1 >> (16 / 2 - 1)) >> (16 / 2 - 1) == 3)];
| test_array [0] = 0;
| return test_array [0];
| 
|   ;
|   return 0;
| }
configure:20443: result: no
configure:20622: creating ./config.status

## ---------------------- ##
## Running config.status. ##
## ---------------------- ##

This file was extended by libhdfs config.status 0.1.0, which was
generated by GNU Autoconf 2.69.  Invocation command line was

  CONFIG_FILES    = 
  CONFIG_HEADERS  = 
  CONFIG_LINKS    = 
  CONFIG_COMMANDS = 
  $ ./config.status 

on shunpingye

config.status:800: creating Makefile
config.status:966: executing depfiles commands

## ---------------- ##
## Cache variables. ##
## ---------------- ##

ac_cv_build=x86_64-unknown-linux-gnu
ac_cv_c_compiler_gnu=yes
ac_cv_c_const=no
ac_cv_c_int16_t=no
ac_cv_c_int32_t=no
ac_cv_c_int64_t=no
ac_cv_c_uint16_t=no
ac_cv_c_volatile=no
ac_cv_cxx_compiler_gnu=yes
ac_cv_env_CCC_set=
ac_cv_env_CCC_value=
ac_cv_env_CC_set=
ac_cv_env_CC_value=
ac_cv_env_CFLAGS_set=
ac_cv_env_CFLAGS_value=
ac_cv_env_CPPFLAGS_set=
ac_cv_env_CPPFLAGS_value=
ac_cv_env_CPP_set=
ac_cv_env_CPP_value=
ac_cv_env_CXXCPP_set=
ac_cv_env_CXXCPP_value=
ac_cv_env_CXXFLAGS_set=
ac_cv_env_CXXFLAGS_value=
ac_cv_env_CXX_set=
ac_cv_env_CXX_value=
ac_cv_env_F77_set=
ac_cv_env_F77_value=
ac_cv_env_FFLAGS_set=
ac_cv_env_FFLAGS_value=
ac_cv_env_LDFLAGS_set=
ac_cv_env_LDFLAGS_value=
ac_cv_env_LIBS_set=
ac_cv_env_LIBS_value=
ac_cv_env_build_alias_set=
ac_cv_env_build_alias_value=
ac_cv_env_host_alias_set=
ac_cv_env_host_alias_value=
ac_cv_env_target_alias_set=
ac_cv_env_target_alias_value=
ac_cv_f77_compiler_gnu=no
ac_cv_func_strdup=no
ac_cv_func_strerror=no
ac_cv_func_strtoul=no
ac_cv_header_dlfcn_h=no
ac_cv_header_fcntl_h=no
ac_cv_header_inttypes_h=no
ac_cv_header_memory_h=no
ac_cv_header_stdbool_h=no
ac_cv_header_stdc=no
ac_cv_header_stdint_h=no
ac_cv_header_stdlib_h=no
ac_cv_header_string_h=no
ac_cv_header_strings_h=no
ac_cv_header_sys_stat_h=no
ac_cv_header_sys_types_h=no
ac_cv_header_unistd_h=no
ac_cv_host=x86_64-unknown-linux-gnu
ac_cv_host_system_type=x86_64-unknown-linux-gnu
ac_cv_objext=o
ac_cv_path_EGREP='/bin/grep -E'
ac_cv_path_GREP=/bin/grep
ac_cv_path_JAR=/usr/bin/jar
ac_cv_path_JAVAC=/usr/bin/javac
ac_cv_path_KAFFEVM=NONE
ac_cv_path_SABLEVM=NONE
ac_cv_path_install='/usr/bin/install -c'
ac_cv_prog_AWK=mawk
ac_cv_prog_CPP='gcc -E'
ac_cv_prog_CXXCPP='g++ -E'
ac_cv_prog_ac_ct_AR=ar
ac_cv_prog_ac_ct_CC=gcc
ac_cv_prog_ac_ct_CXX=g++
ac_cv_prog_ac_ct_RANLIB=ranlib
ac_cv_prog_ac_ct_STRIP=strip
ac_cv_prog_cc_c89=
ac_cv_prog_cc_g=yes
ac_cv_prog_cxx_g=yes
ac_cv_prog_f77_g=no
ac_cv_prog_make_make_set=yes
ac_cv_type__Bool=no
ac_cv_type_size_t=no
am_cv_CC_dependencies_compiler_type=gcc3
am_cv_CXX_dependencies_compiler_type=gcc3
ap_cv_prog_javac_works=yes
lt_cv_deplibs_check_method=pass_all
lt_cv_file_magic_cmd='$MAGIC_CMD'
lt_cv_file_magic_test_file=
lt_cv_ld_reload_flag=-r
lt_cv_objdir=.libs
lt_cv_path_LD=/usr/bin/ld
lt_cv_path_LDCXX=/usr/bin/ld
lt_cv_path_NM='/usr/bin/nm -B'
lt_cv_path_SED=/bin/sed
lt_cv_prog_compiler_c_o=no
lt_cv_prog_compiler_c_o_CXX=yes
lt_cv_prog_compiler_rtti_exceptions=no
lt_cv_prog_gnu_ld=yes
lt_cv_prog_gnu_ldcxx=yes
lt_cv_sys_global_symbol_pipe=
lt_cv_sys_global_symbol_to_c_name_address='sed -n -e '\''s/^: \([^ ]*\) $/  {\"\1\", (lt_ptr) 0},/p'\'' -e '\''s/^[BCDEGRST] \([^ ]*\) \([^ ]*\)$/  {"\2", (lt_ptr) \&\2},/p'\'''
lt_cv_sys_global_symbol_to_cdecl=
lt_cv_sys_max_cmd_len=32768
lt_lt_cv_prog_compiler_c_o='"no"'
lt_lt_cv_prog_compiler_c_o_CXX='"yes"'
lt_lt_cv_sys_global_symbol_pipe='""'
lt_lt_cv_sys_global_symbol_to_c_name_address='"sed -n -e '\''s/^: \\([^ ]*\\) \$/  {\\\"\\1\\\", (lt_ptr) 0},/p'\'' -e '\''s/^[BCDEGRST] \\([^ ]*\\) \\([^ ]*\\)\$/  {\"\\2\", (lt_ptr) \\&\\2},/p'\''"'
lt_lt_cv_sys_global_symbol_to_cdecl='""'

## ----------------- ##
## Output variables. ##
## ----------------- ##

ACLOCAL='${SHELL} /usr/local/code/github/thirdparty/hadoop-1.1.2/libhdfs/missing --run aclocal-1.9'
AMDEPBACKSLASH='\'
AMDEP_FALSE='#'
AMDEP_TRUE=''
AMTAR='${SHELL} /usr/local/code/github/thirdparty/hadoop-1.1.2/libhdfs/missing --run tar'
AR='ar'
AUTOCONF='${SHELL} /usr/local/code/github/thirdparty/hadoop-1.1.2/libhdfs/missing --run autoconf'
AUTOHEADER='${SHELL} /usr/local/code/github/thirdparty/hadoop-1.1.2/libhdfs/missing --run autoheader'
AUTOMAKE='${SHELL} /usr/local/code/github/thirdparty/hadoop-1.1.2/libhdfs/missing --run automake-1.9'
AWK='mawk'
CC='gcc'
CCDEPMODE='depmode=gcc3'
CFLAGS='-g -O2 -DOS_LINUX -DDSO_DLFCN -DCPU=\"amd64\" -m -I/usr/bin//include -I/usr/bin//include/linux -Wall -Wstrict-prototypes'
CPP='gcc -E'
CPPFLAGS=''
CXX='g++'
CXXCPP='g++ -E'
CXXDEPMODE='depmode=gcc3'
CXXFLAGS='-g -O2'
CYGPATH_W='echo'
DEFS='-DPACKAGE_NAME=\"libhdfs\" -DPACKAGE_TARNAME=\"libhdfs\" -DPACKAGE_VERSION=\"0.1.0\" -DPACKAGE_STRING=\"libhdfs\ 0.1.0\" -DPACKAGE_BUGREPORT=\"omalley@apache.org\" -DPACKAGE_URL=\"\" -DPACKAGE=\"libhdfs\" -DVERSION=\"0.1.0\" -Dsize_t=unsigned\ int -Dconst=/\*\*/ -Dvolatile=/\*\*/'
DEPDIR='.deps'
ECHO='echo'
ECHO_C=''
ECHO_N='-n'
ECHO_T=''
EGREP='/bin/grep -E'
EXEEXT=''
F77=''
FFLAGS=''
GREP='/bin/grep'
INSTALL_DATA='${INSTALL} -m 644'
INSTALL_PROGRAM='${INSTALL}'
INSTALL_SCRIPT='${INSTALL}'
INSTALL_STRIP_PROGRAM='${SHELL} $(install_sh) -c -s'
JAR='/usr/bin/jar'
JARSABLE='NONE'
JAVAC='/usr/bin/javac'
JAVACFLAGS=''
JAVACSABLE='NONE'
JAVA_HOME='/usr/bin/'
KAFFEVM='NONE'
LDCMD='gcc'
LDFLAGS=' -m -L -ljvm -shared -Wl,-x'
LIBOBJS=''
LIBS=' -ldl -lpthread'
LIBTOOL='$(SHELL) $(top_builddir)/libtool'
LIB_JVM_DIR=''
LN_S='ln -s'
LTLIBOBJS=''
MAKEINFO='${SHELL} /usr/local/code/github/thirdparty/hadoop-1.1.2/libhdfs/missing --run makeinfo'
OBJEXT='o'
PACKAGE='libhdfs'
PACKAGE_BUGREPORT='omalley@apache.org'
PACKAGE_NAME='libhdfs'
PACKAGE_STRING='libhdfs 0.1.0'
PACKAGE_TARNAME='libhdfs'
PACKAGE_URL=''
PACKAGE_VERSION='0.1.0'
PATH_SEPARATOR=':'
PRODUCT_MK=''
RANLIB='ranlib'
SABLEVM='NONE'
SED='/bin/sed'
SET_MAKE=''
SHELL='/bin/bash'
STRIP='strip'
VERSION='0.1.0'
ac_ct_CC='gcc'
ac_ct_CXX='g++'
ac_ct_F77=''
am__fastdepCC_FALSE='#'
am__fastdepCC_TRUE=''
am__fastdepCXX_FALSE='#'
am__fastdepCXX_TRUE=''
am__include='include'
am__leading_dot='.'
am__quote=''
am__tar='${AMTAR} chof - "$$tardir"'
am__untar='${AMTAR} xf -'
bindir='${exec_prefix}/bin'
build='x86_64-unknown-linux-gnu'
build_alias=''
build_cpu='x86_64'
build_os='linux-gnu'
build_vendor='unknown'
datadir='${datarootdir}'
datarootdir='${prefix}/share'
docdir='${datarootdir}/doc/${PACKAGE_TARNAME}'
dvidir='${docdir}'
exec_prefix='${prefix}'
host='x86_64-unknown-linux-gnu'
host_alias=''
host_cpu='x86_64'
host_os='linux-gnu'
host_vendor='unknown'
htmldir='${docdir}'
includedir='${prefix}/include'
infodir='${datarootdir}/info'
install_sh='/usr/local/code/github/thirdparty/hadoop-1.1.2/libhdfs/install-sh'
libdir='${exec_prefix}/lib'
libexecdir='${exec_prefix}/libexec'
localedir='${datarootdir}/locale'
localstatedir='${prefix}/var'
mandir='${datarootdir}/man'
mkdir_p='mkdir -p --'
oldincludedir='/usr/include'
pdfdir='${docdir}'
prefix='/usr/local/code/github/thirdparty/hadoop-1.1.2/libhdfs/../install'
program_transform_name='s,x,x,'
psdir='${docdir}'
sbindir='${exec_prefix}/sbin'
sharedstatedir='${prefix}/com'
sysconfdir='${prefix}/etc'
target_alias=''

## ----------- ##
## confdefs.h. ##
## ----------- ##

/* confdefs.h */
#define PACKAGE_NAME "libhdfs"
#define PACKAGE_TARNAME "libhdfs"
#define PACKAGE_VERSION "0.1.0"
#define PACKAGE_STRING "libhdfs 0.1.0"
#define PACKAGE_BUGREPORT "omalley@apache.org"
#define PACKAGE_URL ""
#define PACKAGE "libhdfs"
#define VERSION "0.1.0"
#define size_t unsigned int
#define const /**/
#define volatile /**/

configure: exit 0
