This file contains any messages produced by compilers while
running configure, to aid debugging if configure makes a mistake.

It was created by hadoop-pipes configure 0.13.0, which was
generated by GNU Autoconf 2.69.  Invocation command line was

  $ ./configure 

## --------- ##
## Platform. ##
## --------- ##

hostname = shunpingye
uname -m = x86_64
uname -r = 3.0.0-12-generic
uname -s = Linux
uname -v = #20-Ubuntu SMP Fri Oct 7 14:56:25 UTC 2011

/usr/bin/uname -p = unknown
/bin/uname -X     = unknown

/bin/arch              = unknown
/usr/bin/arch -k       = unknown
/usr/convex/getsysinfo = unknown
/usr/bin/hostinfo      = unknown
/bin/machine           = unknown
/usr/bin/oslevel       = unknown
/bin/universe          = unknown

PATH: /home/shunpingye/bin
PATH: /home/shunpingye/bin
PATH: /home/shunpingye/bin
PATH: /home/shunpingye/bin
PATH: /home/shunpingye/bin
PATH: /home/shunpingye/bin
PATH: /home/shunpingye/bin
PATH: /home/shunpingye/bin
PATH: /home/shunpingye/bin
PATH: /home/shunpingye/bin
PATH: /home/shunpingye/bin
PATH: ~/bin
PATH: /home/shunpingye/bin
PATH: /usr/lib/lightdm/lightdm
PATH: /usr/local/sbin
PATH: /usr/local/bin
PATH: /usr/sbin
PATH: /usr/bin
PATH: /sbin
PATH: /bin
PATH: /usr/games


## ----------- ##
## Core tests. ##
## ----------- ##

configure:2900: checking for a BSD-compatible install
configure:2968: result: /usr/bin/install -c
configure:2979: checking whether build environment is sane
configure:3016: result: yes
configure:3078: checking for gawk
configure:3108: result: no
configure:3078: checking for mawk
configure:3094: found /usr/bin/mawk
configure:3105: result: mawk
configure:3116: checking whether make sets $(MAKE)
configure:3138: result: yes
configure:3337: checking for style of include used by make
configure:3365: result: GNU
configure:3438: checking for gcc
configure:3454: found /usr/bin/gcc
configure:3465: result: gcc
configure:3694: checking for C compiler version
configure:3703: gcc --version >&5
gcc (Ubuntu/Linaro 4.6.1-9ubuntu3) 4.6.1
Copyright (C) 2011 Free Software Foundation, Inc.
This is free software; see the source for copying conditions.  There is NO
warranty; not even for MERCHANTABILITY or FITNESS FOR A PARTICULAR PURPOSE.

configure:3714: $? = 0
configure:3703: gcc -v >&5
Using built-in specs.
COLLECT_GCC=gcc
COLLECT_LTO_WRAPPER=/usr/lib/gcc/x86_64-linux-gnu/4.6.1/lto-wrapper
Target: x86_64-linux-gnu
Configured with: ../src/configure -v --with-pkgversion='Ubuntu/Linaro 4.6.1-9ubuntu3' --with-bugurl=file:///usr/share/doc/gcc-4.6/README.Bugs --enable-languages=c,c++,fortran,objc,obj-c++,go --prefix=/usr --program-suffix=-4.6 --enable-shared --enable-linker-build-id --with-system-zlib --libexecdir=/usr/lib --without-included-gettext --enable-threads=posix --with-gxx-include-dir=/usr/include/c++/4.6 --libdir=/usr/lib --enable-nls --with-sysroot=/ --enable-clocale=gnu --enable-libstdcxx-debug --enable-libstdcxx-time=yes --enable-plugin --enable-objc-gc --disable-werror --with-arch-32=i686 --with-tune=generic --enable-checking=release --build=x86_64-linux-gnu --host=x86_64-linux-gnu --target=x86_64-linux-gnu
Thread model: posix
gcc version 4.6.1 (Ubuntu/Linaro 4.6.1-9ubuntu3) 
configure:3714: $? = 0
configure:3703: gcc -V >&5
gcc: error: unrecognized option '-V'
gcc: fatal error: no input files
compilation terminated.
configure:3714: $? = 4
configure:3703: gcc -qversion >&5
gcc: error: unrecognized option '-qversion'
gcc: fatal error: no input files
compilation terminated.
configure:3714: $? = 4
configure:3734: checking whether the C compiler works
configure:3756: gcc    conftest.c  >&5
configure:3760: $? = 0
configure:3808: result: yes
configure:3811: checking for C compiler default output file name
configure:3813: result: a.out
configure:3819: checking for suffix of executables
configure:3826: gcc -o conftest    conftest.c  >&5
configure:3830: $? = 0
configure:3852: result: 
configure:3874: checking whether we are cross compiling
configure:3882: gcc -o conftest    conftest.c  >&5
configure:3886: $? = 0
configure:3893: ./conftest
configure:3897: $? = 0
configure:3912: result: no
configure:3917: checking for suffix of object files
configure:3939: gcc -c   conftest.c >&5
configure:3943: $? = 0
configure:3964: result: o
configure:3968: checking whether we are using the GNU C compiler
configure:3987: gcc -c   conftest.c >&5
configure:3987: $? = 0
configure:3996: result: yes
configure:4005: checking whether gcc accepts -g
configure:4025: gcc -c -g  conftest.c >&5
configure:4025: $? = 0
configure:4066: result: yes
configure:4083: checking for gcc option to accept ISO C89
configure:4146: gcc  -c -g -O2  conftest.c >&5
configure:4146: $? = 0
configure:4159: result: none needed
configure:4181: checking dependency style of gcc
configure:4271: result: gcc3
configure:4294: checking how to run the C preprocessor
configure:4325: gcc -E  conftest.c
configure:4325: $? = 0
configure:4339: gcc -E  conftest.c
conftest.c:11:28: fatal error: ac_nonexistent.h: No such file or directory
compilation terminated.
configure:4339: $? = 1
configure: failed program was:
| /* confdefs.h */
| #define PACKAGE_NAME "hadoop-pipes"
| #define PACKAGE_TARNAME "hadoop-pipes"
| #define PACKAGE_VERSION "0.13.0"
| #define PACKAGE_STRING "hadoop-pipes 0.13.0"
| #define PACKAGE_BUGREPORT "omalley@apache.org"
| #define PACKAGE_URL ""
| #define PACKAGE "hadoop-pipes"
| #define VERSION "0.13.0"
| /* end confdefs.h.  */
| #include <ac_nonexistent.h>
configure:4364: result: gcc -E
configure:4384: gcc -E  conftest.c
configure:4384: $? = 0
configure:4398: gcc -E  conftest.c
conftest.c:11:28: fatal error: ac_nonexistent.h: No such file or directory
compilation terminated.
configure:4398: $? = 1
configure: failed program was:
| /* confdefs.h */
| #define PACKAGE_NAME "hadoop-pipes"
| #define PACKAGE_TARNAME "hadoop-pipes"
| #define PACKAGE_VERSION "0.13.0"
| #define PACKAGE_STRING "hadoop-pipes 0.13.0"
| #define PACKAGE_BUGREPORT "omalley@apache.org"
| #define PACKAGE_URL ""
| #define PACKAGE "hadoop-pipes"
| #define VERSION "0.13.0"
| /* end confdefs.h.  */
| #include <ac_nonexistent.h>
configure:4427: checking for grep that handles long lines and -e
configure:4485: result: /bin/grep
configure:4490: checking for egrep
configure:4552: result: /bin/grep -E
configure:4557: checking for ANSI C header files
configure:4577: gcc -c -g -O2  conftest.c >&5
configure:4577: $? = 0
configure:4650: gcc -o conftest -g -O2   conftest.c  >&5
configure:4650: $? = 0
configure:4650: ./conftest
configure:4650: $? = 0
configure:4661: result: yes
configure:4674: checking for sys/types.h
configure:4674: gcc -c -g -O2  conftest.c >&5
configure:4674: $? = 0
configure:4674: result: yes
configure:4674: checking for sys/stat.h
configure:4674: gcc -c -g -O2  conftest.c >&5
configure:4674: $? = 0
configure:4674: result: yes
configure:4674: checking for stdlib.h
configure:4674: gcc -c -g -O2  conftest.c >&5
configure:4674: $? = 0
configure:4674: result: yes
configure:4674: checking for string.h
configure:4674: gcc -c -g -O2  conftest.c >&5
configure:4674: $? = 0
configure:4674: result: yes
configure:4674: checking for memory.h
configure:4674: gcc -c -g -O2  conftest.c >&5
configure:4674: $? = 0
configure:4674: result: yes
configure:4674: checking for strings.h
configure:4674: gcc -c -g -O2  conftest.c >&5
configure:4674: $? = 0
configure:4674: result: yes
configure:4674: checking for inttypes.h
configure:4674: gcc -c -g -O2  conftest.c >&5
configure:4674: $? = 0
configure:4674: result: yes
configure:4674: checking for stdint.h
configure:4674: gcc -c -g -O2  conftest.c >&5
configure:4674: $? = 0
configure:4674: result: yes
configure:4674: checking for unistd.h
configure:4674: gcc -c -g -O2  conftest.c >&5
configure:4674: $? = 0
configure:4674: result: yes
configure:4687: checking minix/config.h usability
configure:4687: gcc -c -g -O2  conftest.c >&5
conftest.c:54:26: fatal error: minix/config.h: No such file or directory
compilation terminated.
configure:4687: $? = 1
configure: failed program was:
| /* confdefs.h */
| #define PACKAGE_NAME "hadoop-pipes"
| #define PACKAGE_TARNAME "hadoop-pipes"
| #define PACKAGE_VERSION "0.13.0"
| #define PACKAGE_STRING "hadoop-pipes 0.13.0"
| #define PACKAGE_BUGREPORT "omalley@apache.org"
| #define PACKAGE_URL ""
| #define PACKAGE "hadoop-pipes"
| #define VERSION "0.13.0"
| #define STDC_HEADERS 1
| #define HAVE_SYS_TYPES_H 1
| #define HAVE_SYS_STAT_H 1
| #define HAVE_STDLIB_H 1
| #define HAVE_STRING_H 1
| #define HAVE_MEMORY_H 1
| #define HAVE_STRINGS_H 1
| #define HAVE_INTTYPES_H 1
| #define HAVE_STDINT_H 1
| #define HAVE_UNISTD_H 1
| /* end confdefs.h.  */
| #include <stdio.h>
| #ifdef HAVE_SYS_TYPES_H
| # include <sys/types.h>
| #endif
| #ifdef HAVE_SYS_STAT_H
| # include <sys/stat.h>
| #endif
| #ifdef STDC_HEADERS
| # include <stdlib.h>
| # include <stddef.h>
| #else
| # ifdef HAVE_STDLIB_H
| #  include <stdlib.h>
| # endif
| #endif
| #ifdef HAVE_STRING_H
| # if !defined STDC_HEADERS && defined HAVE_MEMORY_H
| #  include <memory.h>
| # endif
| # include <string.h>
| #endif
| #ifdef HAVE_STRINGS_H
| # include <strings.h>
| #endif
| #ifdef HAVE_INTTYPES_H
| # include <inttypes.h>
| #endif
| #ifdef HAVE_STDINT_H
| # include <stdint.h>
| #endif
| #ifdef HAVE_UNISTD_H
| # include <unistd.h>
| #endif
| #include <minix/config.h>
configure:4687: result: no
configure:4687: checking minix/config.h presence
configure:4687: gcc -E  conftest.c
conftest.c:21:26: fatal error: minix/config.h: No such file or directory
compilation terminated.
configure:4687: $? = 1
configure: failed program was:
| /* confdefs.h */
| #define PACKAGE_NAME "hadoop-pipes"
| #define PACKAGE_TARNAME "hadoop-pipes"
| #define PACKAGE_VERSION "0.13.0"
| #define PACKAGE_STRING "hadoop-pipes 0.13.0"
| #define PACKAGE_BUGREPORT "omalley@apache.org"
| #define PACKAGE_URL ""
| #define PACKAGE "hadoop-pipes"
| #define VERSION "0.13.0"
| #define STDC_HEADERS 1
| #define HAVE_SYS_TYPES_H 1
| #define HAVE_SYS_STAT_H 1
| #define HAVE_STDLIB_H 1
| #define HAVE_STRING_H 1
| #define HAVE_MEMORY_H 1
| #define HAVE_STRINGS_H 1
| #define HAVE_INTTYPES_H 1
| #define HAVE_STDINT_H 1
| #define HAVE_UNISTD_H 1
| /* end confdefs.h.  */
| #include <minix/config.h>
configure:4687: result: no
configure:4687: checking for minix/config.h
configure:4687: result: no
configure:4708: checking whether it is safe to define __EXTENSIONS__
configure:4726: gcc -c -g -O2  conftest.c >&5
configure:4726: $? = 0
configure:4733: result: yes
configure:4755: checking for special C compiler options needed for large files
configure:4800: result: no
configure:4806: checking for _FILE_OFFSET_BITS value needed for large files
configure:4831: gcc -c -g -O2  conftest.c >&5
configure:4831: $? = 0
configure:4863: result: no
configure:4967: checking pthread.h usability
configure:4967: gcc -c -g -O2  conftest.c >&5
configure:4967: $? = 0
configure:4967: result: yes
configure:4967: checking pthread.h presence
configure:4967: gcc -E  conftest.c
configure:4967: $? = 0
configure:4967: result: yes
configure:4967: checking for pthread.h
configure:4967: result: yes
configure:4979: checking for pthread_create in -lpthread
configure:5004: gcc -o conftest -g -O2   conftest.c -lpthread   >&5
configure:5004: $? = 0
configure:5013: result: yes
configure:5026: checking for HMAC_Init in -lssl
configure:5051: gcc -o conftest -g -O2   conftest.c -lssl  -lpthread  >&5
/usr/bin/ld: cannot find -lssl
collect2: ld returned 1 exit status
configure:5051: $? = 1
configure: failed program was:
| /* confdefs.h */
| #define PACKAGE_NAME "hadoop-pipes"
| #define PACKAGE_TARNAME "hadoop-pipes"
| #define PACKAGE_VERSION "0.13.0"
| #define PACKAGE_STRING "hadoop-pipes 0.13.0"
| #define PACKAGE_BUGREPORT "omalley@apache.org"
| #define PACKAGE_URL ""
| #define PACKAGE "hadoop-pipes"
| #define VERSION "0.13.0"
| #define STDC_HEADERS 1
| #define HAVE_SYS_TYPES_H 1
| #define HAVE_SYS_STAT_H 1
| #define HAVE_STDLIB_H 1
| #define HAVE_STRING_H 1
| #define HAVE_MEMORY_H 1
| #define HAVE_STRINGS_H 1
| #define HAVE_INTTYPES_H 1
| #define HAVE_STDINT_H 1
| #define HAVE_UNISTD_H 1
| #define __EXTENSIONS__ 1
| #define _ALL_SOURCE 1
| #define _GNU_SOURCE 1
| #define _POSIX_PTHREAD_SEMANTICS 1
| #define _TANDEM_SOURCE 1
| #define HAVE_PTHREAD_H 1
| #define HAVE_LIBPTHREAD 1
| /* end confdefs.h.  */
| 
| /* Override any GCC internal prototype to avoid an error.
|    Use char because int might match the return type of a GCC
|    builtin and then its argument prototype would still apply.  */
| #ifdef __cplusplus
| extern "C"
| #endif
| char HMAC_Init ();
| int
| main ()
| {
| return HMAC_Init ();
|   ;
|   return 0;
| }
configure:5060: result: no

## ---------------- ##
## Cache variables. ##
## ---------------- ##

ac_cv_c_compiler_gnu=yes
ac_cv_env_CCC_set=
ac_cv_env_CCC_value=
ac_cv_env_CC_set=
ac_cv_env_CC_value=
ac_cv_env_CFLAGS_set=
ac_cv_env_CFLAGS_value=
ac_cv_env_CPPFLAGS_set=
ac_cv_env_CPPFLAGS_value=
ac_cv_env_CPP_set=
ac_cv_env_CPP_value=
ac_cv_env_CXXCPP_set=
ac_cv_env_CXXCPP_value=
ac_cv_env_CXXFLAGS_set=
ac_cv_env_CXXFLAGS_value=
ac_cv_env_CXX_set=
ac_cv_env_CXX_value=
ac_cv_env_F77_set=
ac_cv_env_F77_value=
ac_cv_env_FFLAGS_set=
ac_cv_env_FFLAGS_value=
ac_cv_env_LDFLAGS_set=
ac_cv_env_LDFLAGS_value=
ac_cv_env_LIBS_set=
ac_cv_env_LIBS_value=
ac_cv_env_build_alias_set=
ac_cv_env_build_alias_value=
ac_cv_env_host_alias_set=
ac_cv_env_host_alias_value=
ac_cv_env_target_alias_set=
ac_cv_env_target_alias_value=
ac_cv_header_inttypes_h=yes
ac_cv_header_memory_h=yes
ac_cv_header_minix_config_h=no
ac_cv_header_pthread_h=yes
ac_cv_header_stdc=yes
ac_cv_header_stdint_h=yes
ac_cv_header_stdlib_h=yes
ac_cv_header_string_h=yes
ac_cv_header_strings_h=yes
ac_cv_header_sys_stat_h=yes
ac_cv_header_sys_types_h=yes
ac_cv_header_unistd_h=yes
ac_cv_lib_pthread_pthread_create=yes
ac_cv_lib_ssl_HMAC_Init=no
ac_cv_objext=o
ac_cv_path_EGREP='/bin/grep -E'
ac_cv_path_GREP=/bin/grep
ac_cv_path_install='/usr/bin/install -c'
ac_cv_prog_AWK=mawk
ac_cv_prog_CPP='gcc -E'
ac_cv_prog_ac_ct_CC=gcc
ac_cv_prog_cc_c89=
ac_cv_prog_cc_g=yes
ac_cv_prog_make_make_set=yes
ac_cv_safe_to_define___extensions__=yes
ac_cv_sys_file_offset_bits=no
ac_cv_sys_largefile_CC=no
am_cv_CC_dependencies_compiler_type=gcc3

## ----------------- ##
## Output variables. ##
## ----------------- ##

ACLOCAL='${SHELL} /usr/local/code/github/thirdparty/hadoop-1.1.2/pipes/missing --run aclocal-1.9'
AMDEPBACKSLASH='\'
AMDEP_FALSE='#'
AMDEP_TRUE=''
AMTAR='${SHELL} /usr/local/code/github/thirdparty/hadoop-1.1.2/pipes/missing --run tar'
AR=''
AUTOCONF='${SHELL} /usr/local/code/github/thirdparty/hadoop-1.1.2/pipes/missing --run autoconf'
AUTOHEADER='${SHELL} /usr/local/code/github/thirdparty/hadoop-1.1.2/pipes/missing --run autoheader'
AUTOMAKE='${SHELL} /usr/local/code/github/thirdparty/hadoop-1.1.2/pipes/missing --run automake-1.9'
AWK='mawk'
CC='gcc'
CCDEPMODE='depmode=gcc3'
CFLAGS='-g -O2'
CPP='gcc -E'
CPPFLAGS=''
CXX=''
CXXCPP=''
CXXDEPMODE=''
CXXFLAGS=''
CYGPATH_W='echo'
DEFS=''
DEPDIR='.deps'
ECHO='echo'
ECHO_C=''
ECHO_N='-n'
ECHO_T=''
EGREP='/bin/grep -E'
EXEEXT=''
F77=''
FFLAGS=''
GREP='/bin/grep'
HADOOP_UTILS_PREFIX='${prefix}'
INSTALL_DATA='${INSTALL} -m 644'
INSTALL_PROGRAM='${INSTALL}'
INSTALL_SCRIPT='${INSTALL}'
INSTALL_STRIP_PROGRAM='${SHELL} $(install_sh) -c -s'
LDFLAGS=''
LIBOBJS=''
LIBS='-lpthread '
LIBTOOL=''
LN_S=''
LTLIBOBJS=''
MAKEINFO='${SHELL} /usr/local/code/github/thirdparty/hadoop-1.1.2/pipes/missing --run makeinfo'
OBJEXT='o'
PACKAGE='hadoop-pipes'
PACKAGE_BUGREPORT='omalley@apache.org'
PACKAGE_NAME='hadoop-pipes'
PACKAGE_STRING='hadoop-pipes 0.13.0'
PACKAGE_TARNAME='hadoop-pipes'
PACKAGE_URL=''
PACKAGE_VERSION='0.13.0'
PATH_SEPARATOR=':'
RANLIB=''
SED=''
SET_MAKE=''
SHELL='/bin/bash'
STRIP=''
VERSION='0.13.0'
ac_ct_CC='gcc'
ac_ct_CXX=''
ac_ct_F77=''
am__fastdepCC_FALSE='#'
am__fastdepCC_TRUE=''
am__fastdepCXX_FALSE=''
am__fastdepCXX_TRUE=''
am__include='include'
am__leading_dot='.'
am__quote=''
am__tar='${AMTAR} chof - "$$tardir"'
am__untar='${AMTAR} xf -'
bindir='${exec_prefix}/bin'
build=''
build_alias=''
build_cpu=''
build_os=''
build_vendor=''
datadir='${datarootdir}'
datarootdir='${prefix}/share'
docdir='${datarootdir}/doc/${PACKAGE_TARNAME}'
dvidir='${docdir}'
exec_prefix='NONE'
host=''
host_alias=''
host_cpu=''
host_os=''
host_vendor=''
htmldir='${docdir}'
includedir='${prefix}/include'
infodir='${datarootdir}/info'
install_sh='/usr/local/code/github/thirdparty/hadoop-1.1.2/pipes/install-sh'
libdir='${exec_prefix}/lib'
libexecdir='${exec_prefix}/libexec'
localedir='${datarootdir}/locale'
localstatedir='${prefix}/var'
mandir='${datarootdir}/man'
mkdir_p='mkdir -p --'
oldincludedir='/usr/include'
pdfdir='${docdir}'
prefix='NONE'
program_transform_name='s,x,x,'
psdir='${docdir}'
sbindir='${exec_prefix}/sbin'
sharedstatedir='${prefix}/com'
sysconfdir='${prefix}/etc'
target_alias=''

## ----------- ##
## confdefs.h. ##
## ----------- ##

/* confdefs.h */
#define PACKAGE_NAME "hadoop-pipes"
#define PACKAGE_TARNAME "hadoop-pipes"
#define PACKAGE_VERSION "0.13.0"
#define PACKAGE_STRING "hadoop-pipes 0.13.0"
#define PACKAGE_BUGREPORT "omalley@apache.org"
#define PACKAGE_URL ""
#define PACKAGE "hadoop-pipes"
#define VERSION "0.13.0"
#define STDC_HEADERS 1
#define HAVE_SYS_TYPES_H 1
#define HAVE_SYS_STAT_H 1
#define HAVE_STDLIB_H 1
#define HAVE_STRING_H 1
#define HAVE_MEMORY_H 1
#define HAVE_STRINGS_H 1
#define HAVE_INTTYPES_H 1
#define HAVE_STDINT_H 1
#define HAVE_UNISTD_H 1
#define __EXTENSIONS__ 1
#define _ALL_SOURCE 1
#define _GNU_SOURCE 1
#define _POSIX_PTHREAD_SEMANTICS 1
#define _TANDEM_SOURCE 1
#define HAVE_PTHREAD_H 1
#define HAVE_LIBPTHREAD 1

configure: exit 255
