This file contains any messages produced by compilers while
running configure, to aid debugging if configure makes a mistake.

It was created by snappy configure 1.1.0, which was
generated by GNU Autoconf 2.68.  Invocation command line was

  $ ./configure 

## --------- ##
## Platform. ##
## --------- ##

hostname = shunpingye
uname -m = x86_64
uname -r = 3.0.0-12-generic
uname -s = Linux
uname -v = #20-Ubuntu SMP Fri Oct 7 14:56:25 UTC 2011

/usr/bin/uname -p = unknown
/bin/uname -X     = unknown

/bin/arch              = unknown
/usr/bin/arch -k       = unknown
/usr/convex/getsysinfo = unknown
/usr/bin/hostinfo      = unknown
/bin/machine           = unknown
/usr/bin/oslevel       = unknown
/bin/universe          = unknown

PATH: /home/shunpingye/bin
PATH: /home/shunpingye/bin
PATH: /home/shunpingye/bin
PATH: /home/shunpingye/bin
PATH: /home/shunpingye/bin
PATH: /home/shunpingye/bin
PATH: /home/shunpingye/bin
PATH: /home/shunpingye/bin
PATH: /home/shunpingye/bin
PATH: /usr/lib/lightdm/lightdm
PATH: /usr/local/sbin
PATH: /usr/local/bin
PATH: /usr/sbin
PATH: /usr/bin
PATH: /sbin
PATH: /bin
PATH: /usr/games


## ----------- ##
## Core tests. ##
## ----------- ##

configure:2520: checking for a BSD-compatible install
configure:2588: result: /usr/bin/install -c
configure:2599: checking whether build environment is sane
configure:2649: result: yes
configure:2790: checking for a thread-safe mkdir -p
configure:2829: result: /bin/mkdir -p
configure:2842: checking for gawk
configure:2872: result: no
configure:2842: checking for mawk
configure:2858: found /usr/bin/mawk
configure:2869: result: mawk
configure:2880: checking whether make sets $(MAKE)
configure:2902: result: yes
configure:3012: checking build system type
configure:3026: result: x86_64-unknown-linux-gnu
configure:3046: checking host system type
configure:3059: result: x86_64-unknown-linux-gnu
configure:3100: checking how to print strings
configure:3127: result: printf
configure:3160: checking for style of include used by make
configure:3188: result: GNU
configure:3259: checking for gcc
configure:3275: found /usr/bin/gcc
configure:3286: result: gcc
configure:3515: checking for C compiler version
configure:3524: gcc --version >&5
gcc (Ubuntu/Linaro 4.6.1-9ubuntu3) 4.6.1
Copyright (C) 2011 Free Software Foundation, Inc.
This is free software; see the source for copying conditions.  There is NO
warranty; not even for MERCHANTABILITY or FITNESS FOR A PARTICULAR PURPOSE.

configure:3535: $? = 0
configure:3524: gcc -v >&5
Using built-in specs.
COLLECT_GCC=gcc
COLLECT_LTO_WRAPPER=/usr/lib/gcc/x86_64-linux-gnu/4.6.1/lto-wrapper
Target: x86_64-linux-gnu
Configured with: ../src/configure -v --with-pkgversion='Ubuntu/Linaro 4.6.1-9ubuntu3' --with-bugurl=file:///usr/share/doc/gcc-4.6/README.Bugs --enable-languages=c,c++,fortran,objc,obj-c++,go --prefix=/usr --program-suffix=-4.6 --enable-shared --enable-linker-build-id --with-system-zlib --libexecdir=/usr/lib --without-included-gettext --enable-threads=posix --with-gxx-include-dir=/usr/include/c++/4.6 --libdir=/usr/lib --enable-nls --with-sysroot=/ --enable-clocale=gnu --enable-libstdcxx-debug --enable-libstdcxx-time=yes --enable-plugin --enable-objc-gc --disable-werror --with-arch-32=i686 --with-tune=generic --enable-checking=release --build=x86_64-linux-gnu --host=x86_64-linux-gnu --target=x86_64-linux-gnu
Thread model: posix
gcc version 4.6.1 (Ubuntu/Linaro 4.6.1-9ubuntu3) 
configure:3535: $? = 0
configure:3524: gcc -V >&5
gcc: error: unrecognized option '-V'
gcc: fatal error: no input files
compilation terminated.
configure:3535: $? = 4
configure:3524: gcc -qversion >&5
gcc: error: unrecognized option '-qversion'
gcc: fatal error: no input files
compilation terminated.
configure:3535: $? = 4
configure:3555: checking whether the C compiler works
configure:3577: gcc    conftest.c  >&5
configure:3581: $? = 0
configure:3629: result: yes
configure:3632: checking for C compiler default output file name
configure:3634: result: a.out
configure:3640: checking for suffix of executables
configure:3647: gcc -o conftest    conftest.c  >&5
configure:3651: $? = 0
configure:3673: result: 
configure:3695: checking whether we are cross compiling
configure:3703: gcc -o conftest    conftest.c  >&5
configure:3707: $? = 0
configure:3714: ./conftest
configure:3718: $? = 0
configure:3733: result: no
configure:3738: checking for suffix of object files
configure:3760: gcc -c   conftest.c >&5
configure:3764: $? = 0
configure:3785: result: o
configure:3789: checking whether we are using the GNU C compiler
configure:3808: gcc -c   conftest.c >&5
configure:3808: $? = 0
configure:3817: result: yes
configure:3826: checking whether gcc accepts -g
configure:3846: gcc -c -g  conftest.c >&5
configure:3846: $? = 0
configure:3887: result: yes
configure:3904: checking for gcc option to accept ISO C89
configure:3968: gcc  -c -g -O2  conftest.c >&5
configure:3968: $? = 0
configure:3981: result: none needed
configure:4003: checking dependency style of gcc
configure:4114: result: gcc3
configure:4129: checking for a sed that does not truncate output
configure:4193: result: /bin/sed
configure:4211: checking for grep that handles long lines and -e
configure:4269: result: /bin/grep
configure:4274: checking for egrep
configure:4336: result: /bin/grep -E
configure:4341: checking for fgrep
configure:4403: result: /bin/grep -F
configure:4438: checking for ld used by gcc
configure:4505: result: /usr/bin/ld
configure:4512: checking if the linker (/usr/bin/ld) is GNU ld
configure:4527: result: yes
configure:4539: checking for BSD- or MS-compatible name lister (nm)
configure:4588: result: /usr/bin/nm -B
configure:4718: checking the name lister (/usr/bin/nm -B) interface
configure:4725: gcc -c -g -O2  conftest.c >&5
configure:4728: /usr/bin/nm -B "conftest.o"
configure:4731: output
0000000000000000 B some_variable
configure:4738: result: BSD nm
configure:4741: checking whether ln -s works
configure:4745: result: yes
configure:4753: checking the maximum length of command line arguments
configure:4883: result: 1572864
configure:4900: checking whether the shell understands some XSI constructs
configure:4910: result: yes
configure:4914: checking whether the shell understands "+="
configure:4920: result: yes
configure:4955: checking how to convert x86_64-unknown-linux-gnu file names to x86_64-unknown-linux-gnu format
configure:4995: result: func_convert_file_noop
configure:5002: checking how to convert x86_64-unknown-linux-gnu file names to toolchain format
configure:5022: result: func_convert_file_noop
configure:5029: checking for /usr/bin/ld option to reload object files
configure:5036: result: -r
configure:5110: checking for objdump
configure:5126: found /usr/bin/objdump
configure:5137: result: objdump
configure:5169: checking how to recognize dependent libraries
configure:5371: result: pass_all
configure:5456: checking for dlltool
configure:5486: result: no
configure:5516: checking how to associate runtime and link libraries
configure:5543: result: printf %s\n
configure:5604: checking for ar
configure:5620: found /usr/bin/ar
configure:5631: result: ar
configure:5668: checking for archiver @FILE support
configure:5685: gcc -c -g -O2  conftest.c >&5
configure:5685: $? = 0
configure:5688: ar cru libconftest.a @conftest.lst >&5
configure:5691: $? = 0
configure:5696: ar cru libconftest.a @conftest.lst >&5
ar: conftest.o: No such file or directory
configure:5699: $? = 1
configure:5711: result: @
configure:5769: checking for strip
configure:5785: found /usr/bin/strip
configure:5796: result: strip
configure:5868: checking for ranlib
configure:5884: found /usr/bin/ranlib
configure:5895: result: ranlib
configure:5997: checking command to parse /usr/bin/nm -B output from gcc object
configure:6117: gcc -c -g -O2  conftest.c >&5
configure:6120: $? = 0
configure:6124: /usr/bin/nm -B conftest.o \| sed -n -e 's/^.*[ ]\([ABCDGIRSTW][ABCDGIRSTW]*\)[ ][ ]*\([_A-Za-z][_A-Za-z0-9]*\)$/\1 \2 \2/p' | sed '/ __gnu_lto/d' \> conftest.nm
configure:6127: $? = 0
configure:6193: gcc -o conftest -g -O2   conftest.c conftstm.o >&5
configure:6196: $? = 0
configure:6234: result: ok
configure:6271: checking for sysroot
configure:6301: result: no
configure:6378: gcc -c -g -O2  conftest.c >&5
configure:6381: $? = 0
configure:6557: checking for mt
configure:6573: found /bin/mt
configure:6584: result: mt
configure:6607: checking if mt is a manifest tool
configure:6613: mt '-?'
configure:6621: result: no
configure:7263: checking how to run the C preprocessor
configure:7294: gcc -E  conftest.c
configure:7294: $? = 0
configure:7308: gcc -E  conftest.c
conftest.c:11:28: fatal error: ac_nonexistent.h: No such file or directory
compilation terminated.
configure:7308: $? = 1
configure: failed program was:
| /* confdefs.h */
| #define PACKAGE_NAME "snappy"
| #define PACKAGE_TARNAME "snappy"
| #define PACKAGE_VERSION "1.1.0"
| #define PACKAGE_STRING "snappy 1.1.0"
| #define PACKAGE_BUGREPORT ""
| #define PACKAGE_URL ""
| #define PACKAGE "snappy"
| #define VERSION "1.1.0"
| /* end confdefs.h.  */
| #include <ac_nonexistent.h>
configure:7333: result: gcc -E
configure:7353: gcc -E  conftest.c
configure:7353: $? = 0
configure:7367: gcc -E  conftest.c
conftest.c:11:28: fatal error: ac_nonexistent.h: No such file or directory
compilation terminated.
configure:7367: $? = 1
configure: failed program was:
| /* confdefs.h */
| #define PACKAGE_NAME "snappy"
| #define PACKAGE_TARNAME "snappy"
| #define PACKAGE_VERSION "1.1.0"
| #define PACKAGE_STRING "snappy 1.1.0"
| #define PACKAGE_BUGREPORT ""
| #define PACKAGE_URL ""
| #define PACKAGE "snappy"
| #define VERSION "1.1.0"
| /* end confdefs.h.  */
| #include <ac_nonexistent.h>
configure:7396: checking for ANSI C header files
configure:7416: gcc -c -g -O2  conftest.c >&5
configure:7416: $? = 0
configure:7489: gcc -o conftest -g -O2   conftest.c  >&5
configure:7489: $? = 0
configure:7489: ./conftest
configure:7489: $? = 0
configure:7500: result: yes
configure:7513: checking for sys/types.h
configure:7513: gcc -c -g -O2  conftest.c >&5
configure:7513: $? = 0
configure:7513: result: yes
configure:7513: checking for sys/stat.h
configure:7513: gcc -c -g -O2  conftest.c >&5
configure:7513: $? = 0
configure:7513: result: yes
configure:7513: checking for stdlib.h
configure:7513: gcc -c -g -O2  conftest.c >&5
configure:7513: $? = 0
configure:7513: result: yes
configure:7513: checking for string.h
configure:7513: gcc -c -g -O2  conftest.c >&5
configure:7513: $? = 0
configure:7513: result: yes
configure:7513: checking for memory.h
configure:7513: gcc -c -g -O2  conftest.c >&5
configure:7513: $? = 0
configure:7513: result: yes
configure:7513: checking for strings.h
configure:7513: gcc -c -g -O2  conftest.c >&5
configure:7513: $? = 0
configure:7513: result: yes
configure:7513: checking for inttypes.h
configure:7513: gcc -c -g -O2  conftest.c >&5
configure:7513: $? = 0
configure:7513: result: yes
configure:7513: checking for stdint.h
configure:7513: gcc -c -g -O2  conftest.c >&5
configure:7513: $? = 0
configure:7513: result: yes
configure:7513: checking for unistd.h
configure:7513: gcc -c -g -O2  conftest.c >&5
configure:7513: $? = 0
configure:7513: result: yes
configure:7527: checking for dlfcn.h
configure:7527: gcc -c -g -O2  conftest.c >&5
configure:7527: $? = 0
configure:7527: result: yes
configure:7733: checking for objdir
configure:7748: result: .libs
configure:8015: checking if gcc supports -fno-rtti -fno-exceptions
configure:8033: gcc -c -g -O2  -fno-rtti -fno-exceptions conftest.c >&5
cc1: warning: command line option '-fno-rtti' is valid for C++/ObjC++ but not for C [enabled by default]
configure:8037: $? = 0
configure:8050: result: no
configure:8377: checking for gcc option to produce PIC
configure:8384: result: -fPIC -DPIC
configure:8392: checking if gcc PIC flag -fPIC -DPIC works
configure:8410: gcc -c -g -O2  -fPIC -DPIC -DPIC conftest.c >&5
configure:8414: $? = 0
configure:8427: result: yes
configure:8456: checking if gcc static flag -static works
configure:8484: result: yes
configure:8499: checking if gcc supports -c -o file.o
configure:8520: gcc -c -g -O2  -o out/conftest2.o conftest.c >&5
configure:8524: $? = 0
configure:8546: result: yes
configure:8554: checking if gcc supports -c -o file.o
configure:8601: result: yes
configure:8634: checking whether the gcc linker (/usr/bin/ld -m elf_x86_64) supports shared libraries
configure:9791: result: yes
configure:9828: checking whether -lc should be explicitly linked in
configure:9836: gcc -c -g -O2  conftest.c >&5
configure:9839: $? = 0
configure:9854: gcc -shared  -fPIC -DPIC conftest.o  -v -Wl,-soname -Wl,conftest -o conftest 2\>\&1 \| /bin/grep  -lc  \>/dev/null 2\>\&1
configure:9857: $? = 0
configure:9871: result: no
configure:10031: checking dynamic linker characteristics
configure:10542: gcc -o conftest -g -O2   -Wl,-rpath -Wl,/foo conftest.c  >&5
configure:10542: $? = 0
configure:10776: result: GNU/Linux ld.so
configure:10883: checking how to hardcode library paths into programs
configure:10908: result: immediate
configure:11448: checking whether stripping libraries is possible
configure:11453: result: yes
configure:11488: checking if libtool supports shared libraries
configure:11490: result: yes
configure:11493: checking whether to build shared libraries
configure:11514: result: yes
configure:11517: checking whether to build static libraries
configure:11521: result: yes
configure:11617: checking for g++
configure:11633: found /usr/bin/g++
configure:11644: result: g++
configure:11671: checking for C++ compiler version
configure:11680: g++ --version >&5
g++ (Ubuntu/Linaro 4.6.1-9ubuntu3) 4.6.1
Copyright (C) 2011 Free Software Foundation, Inc.
This is free software; see the source for copying conditions.  There is NO
warranty; not even for MERCHANTABILITY or FITNESS FOR A PARTICULAR PURPOSE.

configure:11691: $? = 0
configure:11680: g++ -v >&5
Using built-in specs.
COLLECT_GCC=g++
COLLECT_LTO_WRAPPER=/usr/lib/gcc/x86_64-linux-gnu/4.6.1/lto-wrapper
Target: x86_64-linux-gnu
Configured with: ../src/configure -v --with-pkgversion='Ubuntu/Linaro 4.6.1-9ubuntu3' --with-bugurl=file:///usr/share/doc/gcc-4.6/README.Bugs --enable-languages=c,c++,fortran,objc,obj-c++,go --prefix=/usr --program-suffix=-4.6 --enable-shared --enable-linker-build-id --with-system-zlib --libexecdir=/usr/lib --without-included-gettext --enable-threads=posix --with-gxx-include-dir=/usr/include/c++/4.6 --libdir=/usr/lib --enable-nls --with-sysroot=/ --enable-clocale=gnu --enable-libstdcxx-debug --enable-libstdcxx-time=yes --enable-plugin --enable-objc-gc --disable-werror --with-arch-32=i686 --with-tune=generic --enable-checking=release --build=x86_64-linux-gnu --host=x86_64-linux-gnu --target=x86_64-linux-gnu
Thread model: posix
gcc version 4.6.1 (Ubuntu/Linaro 4.6.1-9ubuntu3) 
configure:11691: $? = 0
configure:11680: g++ -V >&5
g++: error: unrecognized option '-V'
g++: fatal error: no input files
compilation terminated.
configure:11691: $? = 4
configure:11680: g++ -qversion >&5
g++: error: unrecognized option '-qversion'
g++: fatal error: no input files
compilation terminated.
configure:11691: $? = 4
configure:11695: checking whether we are using the GNU C++ compiler
configure:11714: g++ -c   conftest.cpp >&5
configure:11714: $? = 0
configure:11723: result: yes
configure:11732: checking whether g++ accepts -g
configure:11752: g++ -c -g  conftest.cpp >&5
configure:11752: $? = 0
configure:11793: result: yes
configure:11818: checking dependency style of g++
configure:11929: result: gcc3
configure:11962: checking how to run the C++ preprocessor
configure:11989: g++ -E  conftest.cpp
configure:11989: $? = 0
configure:12003: g++ -E  conftest.cpp
conftest.cpp:23:28: fatal error: ac_nonexistent.h: No such file or directory
compilation terminated.
configure:12003: $? = 1
configure: failed program was:
| /* confdefs.h */
| #define PACKAGE_NAME "snappy"
| #define PACKAGE_TARNAME "snappy"
| #define PACKAGE_VERSION "1.1.0"
| #define PACKAGE_STRING "snappy 1.1.0"
| #define PACKAGE_BUGREPORT ""
| #define PACKAGE_URL ""
| #define PACKAGE "snappy"
| #define VERSION "1.1.0"
| #define STDC_HEADERS 1
| #define HAVE_SYS_TYPES_H 1
| #define HAVE_SYS_STAT_H 1
| #define HAVE_STDLIB_H 1
| #define HAVE_STRING_H 1
| #define HAVE_MEMORY_H 1
| #define HAVE_STRINGS_H 1
| #define HAVE_INTTYPES_H 1
| #define HAVE_STDINT_H 1
| #define HAVE_UNISTD_H 1
| #define HAVE_DLFCN_H 1
| #define LT_OBJDIR ".libs/"
| /* end confdefs.h.  */
| #include <ac_nonexistent.h>
configure:12028: result: g++ -E
configure:12048: g++ -E  conftest.cpp
configure:12048: $? = 0
configure:12062: g++ -E  conftest.cpp
conftest.cpp:23:28: fatal error: ac_nonexistent.h: No such file or directory
compilation terminated.
configure:12062: $? = 1
configure: failed program was:
| /* confdefs.h */
| #define PACKAGE_NAME "snappy"
| #define PACKAGE_TARNAME "snappy"
| #define PACKAGE_VERSION "1.1.0"
| #define PACKAGE_STRING "snappy 1.1.0"
| #define PACKAGE_BUGREPORT ""
| #define PACKAGE_URL ""
| #define PACKAGE "snappy"
| #define VERSION "1.1.0"
| #define STDC_HEADERS 1
| #define HAVE_SYS_TYPES_H 1
| #define HAVE_SYS_STAT_H 1
| #define HAVE_STDLIB_H 1
| #define HAVE_STRING_H 1
| #define HAVE_MEMORY_H 1
| #define HAVE_STRINGS_H 1
| #define HAVE_INTTYPES_H 1
| #define HAVE_STDINT_H 1
| #define HAVE_UNISTD_H 1
| #define HAVE_DLFCN_H 1
| #define LT_OBJDIR ".libs/"
| /* end confdefs.h.  */
| #include <ac_nonexistent.h>
configure:12231: checking for ld used by g++
configure:12298: result: /usr/bin/ld -m elf_x86_64
configure:12305: checking if the linker (/usr/bin/ld -m elf_x86_64) is GNU ld
configure:12320: result: yes
configure:12375: checking whether the g++ linker (/usr/bin/ld -m elf_x86_64) supports shared libraries
configure:13380: result: yes
configure:13416: g++ -c -g -O2  conftest.cpp >&5
configure:13419: $? = 0
configure:13939: checking for g++ option to produce PIC
configure:13946: result: -fPIC -DPIC
configure:13954: checking if g++ PIC flag -fPIC -DPIC works
configure:13972: g++ -c -g -O2  -fPIC -DPIC -DPIC conftest.cpp >&5
configure:13976: $? = 0
configure:13989: result: yes
configure:14012: checking if g++ static flag -static works
configure:14040: result: yes
configure:14052: checking if g++ supports -c -o file.o
configure:14073: g++ -c -g -O2  -o out/conftest2.o conftest.cpp >&5
configure:14077: $? = 0
configure:14099: result: yes
configure:14104: checking if g++ supports -c -o file.o
configure:14151: result: yes
configure:14181: checking whether the g++ linker (/usr/bin/ld -m elf_x86_64) supports shared libraries
configure:14220: result: yes
configure:14361: checking dynamic linker characteristics
configure:15040: result: GNU/Linux ld.so
configure:15093: checking how to hardcode library paths into programs
configure:15118: result: immediate
configure:15164: checking whether byte ordering is bigendian
configure:15179: g++ -c -g -O2  conftest.cpp >&5
conftest.cpp:24:9: error: expected unqualified-id before 'not' token
configure:15179: $? = 1
configure: failed program was:
| /* confdefs.h */
| #define PACKAGE_NAME "snappy"
| #define PACKAGE_TARNAME "snappy"
| #define PACKAGE_VERSION "1.1.0"
| #define PACKAGE_STRING "snappy 1.1.0"
| #define PACKAGE_BUGREPORT ""
| #define PACKAGE_URL ""
| #define PACKAGE "snappy"
| #define VERSION "1.1.0"
| #define STDC_HEADERS 1
| #define HAVE_SYS_TYPES_H 1
| #define HAVE_SYS_STAT_H 1
| #define HAVE_STDLIB_H 1
| #define HAVE_STRING_H 1
| #define HAVE_MEMORY_H 1
| #define HAVE_STRINGS_H 1
| #define HAVE_INTTYPES_H 1
| #define HAVE_STDINT_H 1
| #define HAVE_UNISTD_H 1
| #define HAVE_DLFCN_H 1
| #define LT_OBJDIR ".libs/"
| /* end confdefs.h.  */
| #ifndef __APPLE_CC__
| 	       not a universal capable compiler
| 	     #endif
| 	     typedef int dummy;
| 
configure:15224: g++ -c -g -O2  conftest.cpp >&5
configure:15224: $? = 0
configure:15242: g++ -c -g -O2  conftest.cpp >&5
conftest.cpp: In function 'int main()':
conftest.cpp:30:8: error: 'big' was not declared in this scope
conftest.cpp:30:12: error: expected ';' before 'endian'
configure:15242: $? = 1
configure: failed program was:
| /* confdefs.h */
| #define PACKAGE_NAME "snappy"
| #define PACKAGE_TARNAME "snappy"
| #define PACKAGE_VERSION "1.1.0"
| #define PACKAGE_STRING "snappy 1.1.0"
| #define PACKAGE_BUGREPORT ""
| #define PACKAGE_URL ""
| #define PACKAGE "snappy"
| #define VERSION "1.1.0"
| #define STDC_HEADERS 1
| #define HAVE_SYS_TYPES_H 1
| #define HAVE_SYS_STAT_H 1
| #define HAVE_STDLIB_H 1
| #define HAVE_STRING_H 1
| #define HAVE_MEMORY_H 1
| #define HAVE_STRINGS_H 1
| #define HAVE_INTTYPES_H 1
| #define HAVE_STDINT_H 1
| #define HAVE_UNISTD_H 1
| #define HAVE_DLFCN_H 1
| #define LT_OBJDIR ".libs/"
| /* end confdefs.h.  */
| #include <sys/types.h>
| 		#include <sys/param.h>
| 
| int
| main ()
| {
| #if BYTE_ORDER != BIG_ENDIAN
| 		 not big endian
| 		#endif
| 
|   ;
|   return 0;
| }
configure:15370: result: no
configure:15392: checking for stdint.h
configure:15392: result: yes
configure:15392: checking stddef.h usability
configure:15392: g++ -c -g -O2  conftest.cpp >&5
configure:15392: $? = 0
configure:15392: result: yes
configure:15392: checking stddef.h presence
configure:15392: g++ -E  conftest.cpp
configure:15392: $? = 0
configure:15392: result: yes
configure:15392: checking for stddef.h
configure:15392: result: yes
configure:15392: checking sys/mman.h usability
configure:15392: g++ -c -g -O2  conftest.cpp >&5
configure:15392: $? = 0
configure:15392: result: yes
configure:15392: checking sys/mman.h presence
configure:15392: g++ -E  conftest.cpp
configure:15392: $? = 0
configure:15392: result: yes
configure:15392: checking for sys/mman.h
configure:15392: result: yes
configure:15392: checking sys/resource.h usability
configure:15392: g++ -c -g -O2  conftest.cpp >&5
configure:15392: $? = 0
configure:15392: result: yes
configure:15392: checking sys/resource.h presence
configure:15392: g++ -E  conftest.cpp
configure:15392: $? = 0
configure:15392: result: yes
configure:15392: checking for sys/resource.h
configure:15392: result: yes
configure:15392: checking windows.h usability
configure:15392: g++ -c -g -O2  conftest.cpp >&5
conftest.cpp:60:21: fatal error: windows.h: No such file or directory
compilation terminated.
configure:15392: $? = 1
configure: failed program was:
| /* confdefs.h */
| #define PACKAGE_NAME "snappy"
| #define PACKAGE_TARNAME "snappy"
| #define PACKAGE_VERSION "1.1.0"
| #define PACKAGE_STRING "snappy 1.1.0"
| #define PACKAGE_BUGREPORT ""
| #define PACKAGE_URL ""
| #define PACKAGE "snappy"
| #define VERSION "1.1.0"
| #define STDC_HEADERS 1
| #define HAVE_SYS_TYPES_H 1
| #define HAVE_SYS_STAT_H 1
| #define HAVE_STDLIB_H 1
| #define HAVE_STRING_H 1
| #define HAVE_MEMORY_H 1
| #define HAVE_STRINGS_H 1
| #define HAVE_INTTYPES_H 1
| #define HAVE_STDINT_H 1
| #define HAVE_UNISTD_H 1
| #define HAVE_DLFCN_H 1
| #define LT_OBJDIR ".libs/"
| #define HAVE_STDINT_H 1
| #define HAVE_STDDEF_H 1
| #define HAVE_SYS_MMAN_H 1
| #define HAVE_SYS_RESOURCE_H 1
| /* end confdefs.h.  */
| #include <stdio.h>
| #ifdef HAVE_SYS_TYPES_H
| # include <sys/types.h>
| #endif
| #ifdef HAVE_SYS_STAT_H
| # include <sys/stat.h>
| #endif
| #ifdef STDC_HEADERS
| # include <stdlib.h>
| # include <stddef.h>
| #else
| # ifdef HAVE_STDLIB_H
| #  include <stdlib.h>
| # endif
| #endif
| #ifdef HAVE_STRING_H
| # if !defined STDC_HEADERS && defined HAVE_MEMORY_H
| #  include <memory.h>
| # endif
| # include <string.h>
| #endif
| #ifdef HAVE_STRINGS_H
| # include <strings.h>
| #endif
| #ifdef HAVE_INTTYPES_H
| # include <inttypes.h>
| #endif
| #ifdef HAVE_STDINT_H
| # include <stdint.h>
| #endif
| #ifdef HAVE_UNISTD_H
| # include <unistd.h>
| #endif
| #include <windows.h>
configure:15392: result: no
configure:15392: checking windows.h presence
configure:15392: g++ -E  conftest.cpp
conftest.cpp:27:21: fatal error: windows.h: No such file or directory
compilation terminated.
configure:15392: $? = 1
configure: failed program was:
| /* confdefs.h */
| #define PACKAGE_NAME "snappy"
| #define PACKAGE_TARNAME "snappy"
| #define PACKAGE_VERSION "1.1.0"
| #define PACKAGE_STRING "snappy 1.1.0"
| #define PACKAGE_BUGREPORT ""
| #define PACKAGE_URL ""
| #define PACKAGE "snappy"
| #define VERSION "1.1.0"
| #define STDC_HEADERS 1
| #define HAVE_SYS_TYPES_H 1
| #define HAVE_SYS_STAT_H 1
| #define HAVE_STDLIB_H 1
| #define HAVE_STRING_H 1
| #define HAVE_MEMORY_H 1
| #define HAVE_STRINGS_H 1
| #define HAVE_INTTYPES_H 1
| #define HAVE_STDINT_H 1
| #define HAVE_UNISTD_H 1
| #define HAVE_DLFCN_H 1
| #define LT_OBJDIR ".libs/"
| #define HAVE_STDINT_H 1
| #define HAVE_STDDEF_H 1
| #define HAVE_SYS_MMAN_H 1
| #define HAVE_SYS_RESOURCE_H 1
| /* end confdefs.h.  */
| #include <windows.h>
configure:15392: result: no
configure:15392: checking for windows.h
configure:15392: result: no
configure:15392: checking byteswap.h usability
configure:15392: g++ -c -g -O2  conftest.cpp >&5
configure:15392: $? = 0
configure:15392: result: yes
configure:15392: checking byteswap.h presence
configure:15392: g++ -E  conftest.cpp
configure:15392: $? = 0
configure:15392: result: yes
configure:15392: checking for byteswap.h
configure:15392: result: yes
configure:15392: checking sys/byteswap.h usability
configure:15392: g++ -c -g -O2  conftest.cpp >&5
conftest.cpp:61:26: fatal error: sys/byteswap.h: No such file or directory
compilation terminated.
configure:15392: $? = 1
configure: failed program was:
| /* confdefs.h */
| #define PACKAGE_NAME "snappy"
| #define PACKAGE_TARNAME "snappy"
| #define PACKAGE_VERSION "1.1.0"
| #define PACKAGE_STRING "snappy 1.1.0"
| #define PACKAGE_BUGREPORT ""
| #define PACKAGE_URL ""
| #define PACKAGE "snappy"
| #define VERSION "1.1.0"
| #define STDC_HEADERS 1
| #define HAVE_SYS_TYPES_H 1
| #define HAVE_SYS_STAT_H 1
| #define HAVE_STDLIB_H 1
| #define HAVE_STRING_H 1
| #define HAVE_MEMORY_H 1
| #define HAVE_STRINGS_H 1
| #define HAVE_INTTYPES_H 1
| #define HAVE_STDINT_H 1
| #define HAVE_UNISTD_H 1
| #define HAVE_DLFCN_H 1
| #define LT_OBJDIR ".libs/"
| #define HAVE_STDINT_H 1
| #define HAVE_STDDEF_H 1
| #define HAVE_SYS_MMAN_H 1
| #define HAVE_SYS_RESOURCE_H 1
| #define HAVE_BYTESWAP_H 1
| /* end confdefs.h.  */
| #include <stdio.h>
| #ifdef HAVE_SYS_TYPES_H
| # include <sys/types.h>
| #endif
| #ifdef HAVE_SYS_STAT_H
| # include <sys/stat.h>
| #endif
| #ifdef STDC_HEADERS
| # include <stdlib.h>
| # include <stddef.h>
| #else
| # ifdef HAVE_STDLIB_H
| #  include <stdlib.h>
| # endif
| #endif
| #ifdef HAVE_STRING_H
| # if !defined STDC_HEADERS && defined HAVE_MEMORY_H
| #  include <memory.h>
| # endif
| # include <string.h>
| #endif
| #ifdef HAVE_STRINGS_H
| # include <strings.h>
| #endif
| #ifdef HAVE_INTTYPES_H
| # include <inttypes.h>
| #endif
| #ifdef HAVE_STDINT_H
| # include <stdint.h>
| #endif
| #ifdef HAVE_UNISTD_H
| # include <unistd.h>
| #endif
| #include <sys/byteswap.h>
configure:15392: result: no
configure:15392: checking sys/byteswap.h presence
configure:15392: g++ -E  conftest.cpp
conftest.cpp:28:26: fatal error: sys/byteswap.h: No such file or directory
compilation terminated.
configure:15392: $? = 1
configure: failed program was:
| /* confdefs.h */
| #define PACKAGE_NAME "snappy"
| #define PACKAGE_TARNAME "snappy"
| #define PACKAGE_VERSION "1.1.0"
| #define PACKAGE_STRING "snappy 1.1.0"
| #define PACKAGE_BUGREPORT ""
| #define PACKAGE_URL ""
| #define PACKAGE "snappy"
| #define VERSION "1.1.0"
| #define STDC_HEADERS 1
| #define HAVE_SYS_TYPES_H 1
| #define HAVE_SYS_STAT_H 1
| #define HAVE_STDLIB_H 1
| #define HAVE_STRING_H 1
| #define HAVE_MEMORY_H 1
| #define HAVE_STRINGS_H 1
| #define HAVE_INTTYPES_H 1
| #define HAVE_STDINT_H 1
| #define HAVE_UNISTD_H 1
| #define HAVE_DLFCN_H 1
| #define LT_OBJDIR ".libs/"
| #define HAVE_STDINT_H 1
| #define HAVE_STDDEF_H 1
| #define HAVE_SYS_MMAN_H 1
| #define HAVE_SYS_RESOURCE_H 1
| #define HAVE_BYTESWAP_H 1
| /* end confdefs.h.  */
| #include <sys/byteswap.h>
configure:15392: result: no
configure:15392: checking for sys/byteswap.h
configure:15392: result: no
configure:15392: checking sys/endian.h usability
configure:15392: g++ -c -g -O2  conftest.cpp >&5
conftest.cpp:61:24: fatal error: sys/endian.h: No such file or directory
compilation terminated.
configure:15392: $? = 1
configure: failed program was:
| /* confdefs.h */
| #define PACKAGE_NAME "snappy"
| #define PACKAGE_TARNAME "snappy"
| #define PACKAGE_VERSION "1.1.0"
| #define PACKAGE_STRING "snappy 1.1.0"
| #define PACKAGE_BUGREPORT ""
| #define PACKAGE_URL ""
| #define PACKAGE "snappy"
| #define VERSION "1.1.0"
| #define STDC_HEADERS 1
| #define HAVE_SYS_TYPES_H 1
| #define HAVE_SYS_STAT_H 1
| #define HAVE_STDLIB_H 1
| #define HAVE_STRING_H 1
| #define HAVE_MEMORY_H 1
| #define HAVE_STRINGS_H 1
| #define HAVE_INTTYPES_H 1
| #define HAVE_STDINT_H 1
| #define HAVE_UNISTD_H 1
| #define HAVE_DLFCN_H 1
| #define LT_OBJDIR ".libs/"
| #define HAVE_STDINT_H 1
| #define HAVE_STDDEF_H 1
| #define HAVE_SYS_MMAN_H 1
| #define HAVE_SYS_RESOURCE_H 1
| #define HAVE_BYTESWAP_H 1
| /* end confdefs.h.  */
| #include <stdio.h>
| #ifdef HAVE_SYS_TYPES_H
| # include <sys/types.h>
| #endif
| #ifdef HAVE_SYS_STAT_H
| # include <sys/stat.h>
| #endif
| #ifdef STDC_HEADERS
| # include <stdlib.h>
| # include <stddef.h>
| #else
| # ifdef HAVE_STDLIB_H
| #  include <stdlib.h>
| # endif
| #endif
| #ifdef HAVE_STRING_H
| # if !defined STDC_HEADERS && defined HAVE_MEMORY_H
| #  include <memory.h>
| # endif
| # include <string.h>
| #endif
| #ifdef HAVE_STRINGS_H
| # include <strings.h>
| #endif
| #ifdef HAVE_INTTYPES_H
| # include <inttypes.h>
| #endif
| #ifdef HAVE_STDINT_H
| # include <stdint.h>
| #endif
| #ifdef HAVE_UNISTD_H
| # include <unistd.h>
| #endif
| #include <sys/endian.h>
configure:15392: result: no
configure:15392: checking sys/endian.h presence
configure:15392: g++ -E  conftest.cpp
conftest.cpp:28:24: fatal error: sys/endian.h: No such file or directory
compilation terminated.
configure:15392: $? = 1
configure: failed program was:
| /* confdefs.h */
| #define PACKAGE_NAME "snappy"
| #define PACKAGE_TARNAME "snappy"
| #define PACKAGE_VERSION "1.1.0"
| #define PACKAGE_STRING "snappy 1.1.0"
| #define PACKAGE_BUGREPORT ""
| #define PACKAGE_URL ""
| #define PACKAGE "snappy"
| #define VERSION "1.1.0"
| #define STDC_HEADERS 1
| #define HAVE_SYS_TYPES_H 1
| #define HAVE_SYS_STAT_H 1
| #define HAVE_STDLIB_H 1
| #define HAVE_STRING_H 1
| #define HAVE_MEMORY_H 1
| #define HAVE_STRINGS_H 1
| #define HAVE_INTTYPES_H 1
| #define HAVE_STDINT_H 1
| #define HAVE_UNISTD_H 1
| #define HAVE_DLFCN_H 1
| #define LT_OBJDIR ".libs/"
| #define HAVE_STDINT_H 1
| #define HAVE_STDDEF_H 1
| #define HAVE_SYS_MMAN_H 1
| #define HAVE_SYS_RESOURCE_H 1
| #define HAVE_BYTESWAP_H 1
| /* end confdefs.h.  */
| #include <sys/endian.h>
configure:15392: result: no
configure:15392: checking for sys/endian.h
configure:15392: result: no
configure:15392: checking sys/time.h usability
configure:15392: g++ -c -g -O2  conftest.cpp >&5
configure:15392: $? = 0
configure:15392: result: yes
configure:15392: checking sys/time.h presence
configure:15392: g++ -E  conftest.cpp
configure:15392: $? = 0
configure:15392: result: yes
configure:15392: checking for sys/time.h
configure:15392: result: yes
configure:15405: checking for mmap
configure:15405: g++ -o conftest -g -O2   conftest.cpp  >&5
configure:15405: $? = 0
configure:15405: result: yes
configure:15427: checking for 'gtest-config'
configure:15448: checking for gtest-config
configure:15481: result: no
configure:15502: result: no
configure:15601: checking for pkg-config
configure:15619: found /usr/bin/pkg-config
configure:15631: result: /usr/bin/pkg-config
configure:15656: checking pkg-config is at least version 0.9.0
configure:15659: result: yes
configure:15669: checking for gflags
configure:15676: $PKG_CONFIG --exists --print-errors "libgflags"
Package libgflags was not found in the pkg-config search path.
Perhaps you should add the directory containing `libgflags.pc'
to the PKG_CONFIG_PATH environment variable
No package 'libgflags' found
configure:15679: $? = 1
configure:15693: $PKG_CONFIG --exists --print-errors "libgflags"
Package libgflags was not found in the pkg-config search path.
Perhaps you should add the directory containing `libgflags.pc'
to the PKG_CONFIG_PATH environment variable
No package 'libgflags' found
configure:15696: $? = 1
configure:15710: result: no
No package 'libgflags' found
configure:15754: checking if the compiler supports __builtin_expect
configure:15770: g++ -c -g -O2  conftest.cpp >&5
configure:15770: $? = 0
configure:15773: result: yes
configure:15792: checking if the compiler supports __builtin_ctzll
configure:15808: g++ -c -g -O2  conftest.cpp >&5
configure:15808: $? = 0
configure:15811: result: yes
configure:15834: checking for zlibVersion in -lz
configure:15859: g++ -o conftest -g -O2   conftest.cpp -lz   >&5
configure:15859: $? = 0
configure:15868: result: yes
configure:15886: checking for lzo1x_1_15_compress in -llzo2
configure:15911: g++ -o conftest -g -O2   conftest.cpp -llzo2   >&5
/usr/bin/ld: cannot find -llzo2
collect2: ld returned 1 exit status
configure:15911: $? = 1
configure: failed program was:
| /* confdefs.h */
| #define PACKAGE_NAME "snappy"
| #define PACKAGE_TARNAME "snappy"
| #define PACKAGE_VERSION "1.1.0"
| #define PACKAGE_STRING "snappy 1.1.0"
| #define PACKAGE_BUGREPORT ""
| #define PACKAGE_URL ""
| #define PACKAGE "snappy"
| #define VERSION "1.1.0"
| #define STDC_HEADERS 1
| #define HAVE_SYS_TYPES_H 1
| #define HAVE_SYS_STAT_H 1
| #define HAVE_STDLIB_H 1
| #define HAVE_STRING_H 1
| #define HAVE_MEMORY_H 1
| #define HAVE_STRINGS_H 1
| #define HAVE_INTTYPES_H 1
| #define HAVE_STDINT_H 1
| #define HAVE_UNISTD_H 1
| #define HAVE_DLFCN_H 1
| #define LT_OBJDIR ".libs/"
| #define HAVE_STDINT_H 1
| #define HAVE_STDDEF_H 1
| #define HAVE_SYS_MMAN_H 1
| #define HAVE_SYS_RESOURCE_H 1
| #define HAVE_BYTESWAP_H 1
| #define HAVE_SYS_TIME_H 1
| #define HAVE_BUILTIN_EXPECT 1
| #define HAVE_BUILTIN_CTZ 1
| #define HAVE_LIBZ 1
| /* end confdefs.h.  */
| 
| /* Override any GCC internal prototype to avoid an error.
|    Use char because int might match the return type of a GCC
|    builtin and then its argument prototype would still apply.  */
| #ifdef __cplusplus
| extern "C"
| #endif
| char lzo1x_1_15_compress ();
| int
| main ()
| {
| return lzo1x_1_15_compress ();
|   ;
|   return 0;
| }
configure:15920: result: no
configure:15938: checking for lzf_compress in -llzf
configure:15963: g++ -o conftest -g -O2   conftest.cpp -llzf   >&5
/usr/bin/ld: cannot find -llzf
collect2: ld returned 1 exit status
configure:15963: $? = 1
configure: failed program was:
| /* confdefs.h */
| #define PACKAGE_NAME "snappy"
| #define PACKAGE_TARNAME "snappy"
| #define PACKAGE_VERSION "1.1.0"
| #define PACKAGE_STRING "snappy 1.1.0"
| #define PACKAGE_BUGREPORT ""
| #define PACKAGE_URL ""
| #define PACKAGE "snappy"
| #define VERSION "1.1.0"
| #define STDC_HEADERS 1
| #define HAVE_SYS_TYPES_H 1
| #define HAVE_SYS_STAT_H 1
| #define HAVE_STDLIB_H 1
| #define HAVE_STRING_H 1
| #define HAVE_MEMORY_H 1
| #define HAVE_STRINGS_H 1
| #define HAVE_INTTYPES_H 1
| #define HAVE_STDINT_H 1
| #define HAVE_UNISTD_H 1
| #define HAVE_DLFCN_H 1
| #define LT_OBJDIR ".libs/"
| #define HAVE_STDINT_H 1
| #define HAVE_STDDEF_H 1
| #define HAVE_SYS_MMAN_H 1
| #define HAVE_SYS_RESOURCE_H 1
| #define HAVE_BYTESWAP_H 1
| #define HAVE_SYS_TIME_H 1
| #define HAVE_BUILTIN_EXPECT 1
| #define HAVE_BUILTIN_CTZ 1
| #define HAVE_LIBZ 1
| /* end confdefs.h.  */
| 
| /* Override any GCC internal prototype to avoid an error.
|    Use char because int might match the return type of a GCC
|    builtin and then its argument prototype would still apply.  */
| #ifdef __cplusplus
| extern "C"
| #endif
| char lzf_compress ();
| int
| main ()
| {
| return lzf_compress ();
|   ;
|   return 0;
| }
configure:15972: result: no
configure:15990: checking for fastlz_compress in -lfastlz
configure:16015: g++ -o conftest -g -O2   conftest.cpp -lfastlz   >&5
/usr/bin/ld: cannot find -lfastlz
collect2: ld returned 1 exit status
configure:16015: $? = 1
configure: failed program was:
| /* confdefs.h */
| #define PACKAGE_NAME "snappy"
| #define PACKAGE_TARNAME "snappy"
| #define PACKAGE_VERSION "1.1.0"
| #define PACKAGE_STRING "snappy 1.1.0"
| #define PACKAGE_BUGREPORT ""
| #define PACKAGE_URL ""
| #define PACKAGE "snappy"
| #define VERSION "1.1.0"
| #define STDC_HEADERS 1
| #define HAVE_SYS_TYPES_H 1
| #define HAVE_SYS_STAT_H 1
| #define HAVE_STDLIB_H 1
| #define HAVE_STRING_H 1
| #define HAVE_MEMORY_H 1
| #define HAVE_STRINGS_H 1
| #define HAVE_INTTYPES_H 1
| #define HAVE_STDINT_H 1
| #define HAVE_UNISTD_H 1
| #define HAVE_DLFCN_H 1
| #define LT_OBJDIR ".libs/"
| #define HAVE_STDINT_H 1
| #define HAVE_STDDEF_H 1
| #define HAVE_SYS_MMAN_H 1
| #define HAVE_SYS_RESOURCE_H 1
| #define HAVE_BYTESWAP_H 1
| #define HAVE_SYS_TIME_H 1
| #define HAVE_BUILTIN_EXPECT 1
| #define HAVE_BUILTIN_CTZ 1
| #define HAVE_LIBZ 1
| /* end confdefs.h.  */
| 
| /* Override any GCC internal prototype to avoid an error.
|    Use char because int might match the return type of a GCC
|    builtin and then its argument prototype would still apply.  */
| #ifdef __cplusplus
| extern "C"
| #endif
| char fastlz_compress ();
| int
| main ()
| {
| return fastlz_compress ();
|   ;
|   return 0;
| }
configure:16024: result: no
configure:16042: checking for qlz_compress in -lquicklz
configure:16067: g++ -o conftest -g -O2   conftest.cpp -lquicklz   >&5
/usr/bin/ld: cannot find -lquicklz
collect2: ld returned 1 exit status
configure:16067: $? = 1
configure: failed program was:
| /* confdefs.h */
| #define PACKAGE_NAME "snappy"
| #define PACKAGE_TARNAME "snappy"
| #define PACKAGE_VERSION "1.1.0"
| #define PACKAGE_STRING "snappy 1.1.0"
| #define PACKAGE_BUGREPORT ""
| #define PACKAGE_URL ""
| #define PACKAGE "snappy"
| #define VERSION "1.1.0"
| #define STDC_HEADERS 1
| #define HAVE_SYS_TYPES_H 1
| #define HAVE_SYS_STAT_H 1
| #define HAVE_STDLIB_H 1
| #define HAVE_STRING_H 1
| #define HAVE_MEMORY_H 1
| #define HAVE_STRINGS_H 1
| #define HAVE_INTTYPES_H 1
| #define HAVE_STDINT_H 1
| #define HAVE_UNISTD_H 1
| #define HAVE_DLFCN_H 1
| #define LT_OBJDIR ".libs/"
| #define HAVE_STDINT_H 1
| #define HAVE_STDDEF_H 1
| #define HAVE_SYS_MMAN_H 1
| #define HAVE_SYS_RESOURCE_H 1
| #define HAVE_BYTESWAP_H 1
| #define HAVE_SYS_TIME_H 1
| #define HAVE_BUILTIN_EXPECT 1
| #define HAVE_BUILTIN_CTZ 1
| #define HAVE_LIBZ 1
| /* end confdefs.h.  */
| 
| /* Override any GCC internal prototype to avoid an error.
|    Use char because int might match the return type of a GCC
|    builtin and then its argument prototype would still apply.  */
| #ifdef __cplusplus
| extern "C"
| #endif
| char qlz_compress ();
| int
| main ()
| {
| return qlz_compress ();
|   ;
|   return 0;
| }
configure:16076: result: no
configure:16264: creating ./config.status

## ---------------------- ##
## Running config.status. ##
## ---------------------- ##

This file was extended by snappy config.status 1.1.0, which was
generated by GNU Autoconf 2.68.  Invocation command line was

  CONFIG_FILES    = 
  CONFIG_HEADERS  = 
  CONFIG_LINKS    = 
  CONFIG_COMMANDS = 
  $ ./config.status 

on shunpingye

config.status:1183: creating Makefile
config.status:1183: creating snappy-stubs-public.h
config.status:1183: creating config.h
config.status:1412: executing depfiles commands
config.status:1412: executing libtool commands

## ---------------- ##
## Cache variables. ##
## ---------------- ##

ac_cv_build=x86_64-unknown-linux-gnu
ac_cv_c_bigendian=no
ac_cv_c_compiler_gnu=yes
ac_cv_cxx_compiler_gnu=yes
ac_cv_env_CCC_set=
ac_cv_env_CCC_value=
ac_cv_env_CC_set=
ac_cv_env_CC_value=
ac_cv_env_CFLAGS_set=
ac_cv_env_CFLAGS_value=
ac_cv_env_CPPFLAGS_set=
ac_cv_env_CPPFLAGS_value=
ac_cv_env_CPP_set=
ac_cv_env_CPP_value=
ac_cv_env_CXXCPP_set=
ac_cv_env_CXXCPP_value=
ac_cv_env_CXXFLAGS_set=
ac_cv_env_CXXFLAGS_value=
ac_cv_env_CXX_set=
ac_cv_env_CXX_value=
ac_cv_env_GTEST_CONFIG_set=
ac_cv_env_GTEST_CONFIG_value=
ac_cv_env_GTEST_CPPFLAGS_set=
ac_cv_env_GTEST_CPPFLAGS_value=
ac_cv_env_GTEST_CXXFLAGS_set=
ac_cv_env_GTEST_CXXFLAGS_value=
ac_cv_env_GTEST_LDFLAGS_set=
ac_cv_env_GTEST_LDFLAGS_value=
ac_cv_env_GTEST_LIBS_set=
ac_cv_env_GTEST_LIBS_value=
ac_cv_env_GTEST_VERSION_set=
ac_cv_env_GTEST_VERSION_value=
ac_cv_env_LDFLAGS_set=
ac_cv_env_LDFLAGS_value=
ac_cv_env_LIBS_set=
ac_cv_env_LIBS_value=
ac_cv_env_PKG_CONFIG_LIBDIR_set=
ac_cv_env_PKG_CONFIG_LIBDIR_value=
ac_cv_env_PKG_CONFIG_PATH_set=
ac_cv_env_PKG_CONFIG_PATH_value=
ac_cv_env_PKG_CONFIG_set=
ac_cv_env_PKG_CONFIG_value=
ac_cv_env_build_alias_set=
ac_cv_env_build_alias_value=
ac_cv_env_gflags_CFLAGS_set=
ac_cv_env_gflags_CFLAGS_value=
ac_cv_env_gflags_LIBS_set=
ac_cv_env_gflags_LIBS_value=
ac_cv_env_host_alias_set=
ac_cv_env_host_alias_value=
ac_cv_env_target_alias_set=
ac_cv_env_target_alias_value=
ac_cv_func_mmap=yes
ac_cv_have_stddef_h=1
ac_cv_have_stdint_h=1
ac_cv_header_byteswap_h=yes
ac_cv_header_dlfcn_h=yes
ac_cv_header_inttypes_h=yes
ac_cv_header_memory_h=yes
ac_cv_header_stdc=yes
ac_cv_header_stddef_h=yes
ac_cv_header_stdint_h=yes
ac_cv_header_stdlib_h=yes
ac_cv_header_string_h=yes
ac_cv_header_strings_h=yes
ac_cv_header_sys_byteswap_h=no
ac_cv_header_sys_endian_h=no
ac_cv_header_sys_mman_h=yes
ac_cv_header_sys_resource_h=yes
ac_cv_header_sys_stat_h=yes
ac_cv_header_sys_time_h=yes
ac_cv_header_sys_types_h=yes
ac_cv_header_unistd_h=yes
ac_cv_header_windows_h=no
ac_cv_host=x86_64-unknown-linux-gnu
ac_cv_lib_fastlz_fastlz_compress=no
ac_cv_lib_lzf_lzf_compress=no
ac_cv_lib_lzo2_lzo1x_1_15_compress=no
ac_cv_lib_quicklz_qlz_compress=no
ac_cv_lib_z_zlibVersion=yes
ac_cv_objext=o
ac_cv_path_EGREP='/bin/grep -E'
ac_cv_path_FGREP='/bin/grep -F'
ac_cv_path_GREP=/bin/grep
ac_cv_path_SED=/bin/sed
ac_cv_path_ac_pt_PKG_CONFIG=/usr/bin/pkg-config
ac_cv_path_install='/usr/bin/install -c'
ac_cv_path_mkdir=/bin/mkdir
ac_cv_prog_AWK=mawk
ac_cv_prog_CPP='gcc -E'
ac_cv_prog_CXXCPP='g++ -E'
ac_cv_prog_ac_ct_AR=ar
ac_cv_prog_ac_ct_CC=gcc
ac_cv_prog_ac_ct_CXX=g++
ac_cv_prog_ac_ct_MANIFEST_TOOL=mt
ac_cv_prog_ac_ct_OBJDUMP=objdump
ac_cv_prog_ac_ct_RANLIB=ranlib
ac_cv_prog_ac_ct_STRIP=strip
ac_cv_prog_cc_c89=
ac_cv_prog_cc_g=yes
ac_cv_prog_cxx_g=yes
ac_cv_prog_make_make_set=yes
am_cv_CC_dependencies_compiler_type=gcc3
am_cv_CXX_dependencies_compiler_type=gcc3
lt_cv_ar_at_file=@
lt_cv_archive_cmds_need_lc=no
lt_cv_deplibs_check_method=pass_all
lt_cv_file_magic_cmd='$MAGIC_CMD'
lt_cv_file_magic_test_file=
lt_cv_ld_reload_flag=-r
lt_cv_nm_interface='BSD nm'
lt_cv_objdir=.libs
lt_cv_path_LD=/usr/bin/ld
lt_cv_path_LDCXX='/usr/bin/ld -m elf_x86_64'
lt_cv_path_NM='/usr/bin/nm -B'
lt_cv_path_mainfest_tool=no
lt_cv_prog_compiler_c_o=yes
lt_cv_prog_compiler_c_o_CXX=yes
lt_cv_prog_compiler_pic='-fPIC -DPIC'
lt_cv_prog_compiler_pic_CXX='-fPIC -DPIC'
lt_cv_prog_compiler_pic_works=yes
lt_cv_prog_compiler_pic_works_CXX=yes
lt_cv_prog_compiler_rtti_exceptions=no
lt_cv_prog_compiler_static_works=yes
lt_cv_prog_compiler_static_works_CXX=yes
lt_cv_prog_gnu_ld=yes
lt_cv_prog_gnu_ldcxx=yes
lt_cv_sharedlib_from_linklib_cmd='printf %s\n'
lt_cv_shlibpath_overrides_runpath=no
lt_cv_sys_global_symbol_pipe='sed -n -e '\''s/^.*[	 ]\([ABCDGIRSTW][ABCDGIRSTW]*\)[	 ][	 ]*\([_A-Za-z][_A-Za-z0-9]*\)$/\1 \2 \2/p'\'' | sed '\''/ __gnu_lto/d'\'''
lt_cv_sys_global_symbol_to_c_name_address='sed -n -e '\''s/^: \([^ ]*\)[ ]*$/  {\"\1\", (void *) 0},/p'\'' -e '\''s/^[ABCDGIRSTW]* \([^ ]*\) \([^ ]*\)$/  {"\2", (void *) \&\2},/p'\'''
lt_cv_sys_global_symbol_to_c_name_address_lib_prefix='sed -n -e '\''s/^: \([^ ]*\)[ ]*$/  {\"\1\", (void *) 0},/p'\'' -e '\''s/^[ABCDGIRSTW]* \([^ ]*\) \(lib[^ ]*\)$/  {"\2", (void *) \&\2},/p'\'' -e '\''s/^[ABCDGIRSTW]* \([^ ]*\) \([^ ]*\)$/  {"lib\2", (void *) \&\2},/p'\'''
lt_cv_sys_global_symbol_to_cdecl='sed -n -e '\''s/^T .* \(.*\)$/extern int \1();/p'\'' -e '\''s/^[ABCDGIRSTW]* .* \(.*\)$/extern char \1;/p'\'''
lt_cv_sys_max_cmd_len=1572864
lt_cv_to_host_file_cmd=func_convert_file_noop
lt_cv_to_tool_file_cmd=func_convert_file_noop

## ----------------- ##
## Output variables. ##
## ----------------- ##

ACLOCAL='${SHELL} /usr/local/code/poppy/thirdparty/snappy-1.1.0/missing --run aclocal-1.11'
AMDEPBACKSLASH='\'
AMDEP_FALSE='#'
AMDEP_TRUE=''
AMTAR='$${TAR-tar}'
AR='ar'
AUTOCONF='${SHELL} /usr/local/code/poppy/thirdparty/snappy-1.1.0/missing --run autoconf'
AUTOHEADER='${SHELL} /usr/local/code/poppy/thirdparty/snappy-1.1.0/missing --run autoheader'
AUTOMAKE='${SHELL} /usr/local/code/poppy/thirdparty/snappy-1.1.0/missing --run automake-1.11'
AWK='mawk'
CC='gcc'
CCDEPMODE='depmode=gcc3'
CFLAGS='-g -O2'
CPP='gcc -E'
CPPFLAGS=''
CXX='g++'
CXXCPP='g++ -E'
CXXDEPMODE='depmode=gcc3'
CXXFLAGS='-g -O2'
CYGPATH_W='echo'
DEFS='-DHAVE_CONFIG_H'
DEPDIR='.deps'
DLLTOOL='false'
DSYMUTIL=''
DUMPBIN=''
ECHO_C=''
ECHO_N='-n'
ECHO_T=''
EGREP='/bin/grep -E'
EXEEXT=''
FGREP='/bin/grep -F'
GREP='/bin/grep'
GTEST_CONFIG=''
GTEST_CPPFLAGS=''
GTEST_CXXFLAGS=''
GTEST_LDFLAGS=''
GTEST_LIBS=''
GTEST_VERSION=''
HAVE_GTEST='no'
HAVE_GTEST_FALSE=''
HAVE_GTEST_TRUE='#'
INSTALL_DATA='${INSTALL} -m 644'
INSTALL_PROGRAM='${INSTALL}'
INSTALL_SCRIPT='${INSTALL}'
INSTALL_STRIP_PROGRAM='$(install_sh) -c -s'
LD='/usr/bin/ld -m elf_x86_64'
LDFLAGS=''
LIBOBJS=''
LIBS=''
LIBTOOL='$(SHELL) $(top_builddir)/libtool'
LIBTOOL_DEPS='./ltmain.sh'
LIPO=''
LN_S='ln -s'
LTLIBOBJS=''
MAKEINFO='${SHELL} /usr/local/code/poppy/thirdparty/snappy-1.1.0/missing --run makeinfo'
MANIFEST_TOOL=':'
MKDIR_P='/bin/mkdir -p'
NM='/usr/bin/nm -B'
NMEDIT=''
OBJDUMP='objdump'
OBJEXT='o'
OTOOL64=''
OTOOL=''
PACKAGE='snappy'
PACKAGE_BUGREPORT=''
PACKAGE_NAME='snappy'
PACKAGE_STRING='snappy 1.1.0'
PACKAGE_TARNAME='snappy'
PACKAGE_URL=''
PACKAGE_VERSION='1.1.0'
PATH_SEPARATOR=':'
PKG_CONFIG='/usr/bin/pkg-config'
PKG_CONFIG_LIBDIR=''
PKG_CONFIG_PATH=''
RANLIB='ranlib'
SED='/bin/sed'
SET_MAKE=''
SHELL='/bin/bash'
SNAPPY_LTVERSION='2:4:1'
SNAPPY_MAJOR='1'
SNAPPY_MINOR='1'
SNAPPY_PATCHLEVEL='0'
STRIP='strip'
UNITTEST_LIBS='-lz '
VERSION='1.1.0'
ac_ct_AR='ar'
ac_ct_CC='gcc'
ac_ct_CXX='g++'
ac_ct_DUMPBIN=''
ac_cv_have_stddef_h='1'
ac_cv_have_stdint_h='1'
am__EXEEXT_FALSE=''
am__EXEEXT_TRUE='#'
am__fastdepCC_FALSE='#'
am__fastdepCC_TRUE=''
am__fastdepCXX_FALSE='#'
am__fastdepCXX_TRUE=''
am__include='include'
am__isrc=''
am__leading_dot='.'
am__nodep='_no'
am__quote=''
am__tar='$${TAR-tar} chof - "$$tardir"'
am__untar='$${TAR-tar} xf -'
bindir='${exec_prefix}/bin'
build='x86_64-unknown-linux-gnu'
build_alias=''
build_cpu='x86_64'
build_os='linux-gnu'
build_vendor='unknown'
datadir='${datarootdir}'
datarootdir='${prefix}/share'
docdir='${datarootdir}/doc/${PACKAGE_TARNAME}'
dvidir='${docdir}'
exec_prefix='${prefix}'
gflags_CFLAGS=''
gflags_LIBS=''
host='x86_64-unknown-linux-gnu'
host_alias=''
host_cpu='x86_64'
host_os='linux-gnu'
host_vendor='unknown'
htmldir='${docdir}'
includedir='${prefix}/include'
infodir='${datarootdir}/info'
install_sh='${SHELL} /usr/local/code/poppy/thirdparty/snappy-1.1.0/install-sh'
libdir='${exec_prefix}/lib'
libexecdir='${exec_prefix}/libexec'
localedir='${datarootdir}/locale'
localstatedir='${prefix}/var'
mandir='${datarootdir}/man'
mkdir_p='/bin/mkdir -p'
oldincludedir='/usr/include'
pdfdir='${docdir}'
prefix='/usr/local'
program_transform_name='s,x,x,'
psdir='${docdir}'
sbindir='${exec_prefix}/sbin'
sharedstatedir='${prefix}/com'
sysconfdir='${prefix}/etc'
target_alias=''

## ----------- ##
## confdefs.h. ##
## ----------- ##

/* confdefs.h */
#define PACKAGE_NAME "snappy"
#define PACKAGE_TARNAME "snappy"
#define PACKAGE_VERSION "1.1.0"
#define PACKAGE_STRING "snappy 1.1.0"
#define PACKAGE_BUGREPORT ""
#define PACKAGE_URL ""
#define PACKAGE "snappy"
#define VERSION "1.1.0"
#define STDC_HEADERS 1
#define HAVE_SYS_TYPES_H 1
#define HAVE_SYS_STAT_H 1
#define HAVE_STDLIB_H 1
#define HAVE_STRING_H 1
#define HAVE_MEMORY_H 1
#define HAVE_STRINGS_H 1
#define HAVE_INTTYPES_H 1
#define HAVE_STDINT_H 1
#define HAVE_UNISTD_H 1
#define HAVE_DLFCN_H 1
#define LT_OBJDIR ".libs/"
#define HAVE_STDINT_H 1
#define HAVE_STDDEF_H 1
#define HAVE_SYS_MMAN_H 1
#define HAVE_SYS_RESOURCE_H 1
#define HAVE_BYTESWAP_H 1
#define HAVE_SYS_TIME_H 1
#define HAVE_BUILTIN_EXPECT 1
#define HAVE_BUILTIN_CTZ 1
#define HAVE_LIBZ 1

configure: exit 0
