This file contains any messages produced by compilers while
running configure, to aid debugging if configure makes a mistake.

It was created by hadoop-utils configure 0.13.0, which was
generated by GNU Autoconf 2.69.  Invocation command line was

  $ ./configure 

## --------- ##
## Platform. ##
## --------- ##

hostname = shunpingye
uname -m = x86_64
uname -r = 3.0.0-12-generic
uname -s = Linux
uname -v = #20-Ubuntu SMP Fri Oct 7 14:56:25 UTC 2011

/usr/bin/uname -p = unknown
/bin/uname -X     = unknown

/bin/arch              = unknown
/usr/bin/arch -k       = unknown
/usr/convex/getsysinfo = unknown
/usr/bin/hostinfo      = unknown
/bin/machine           = unknown
/usr/bin/oslevel       = unknown
/bin/universe          = unknown

PATH: /home/shunpingye/bin
PATH: /home/shunpingye/bin
PATH: /home/shunpingye/bin
PATH: /home/shunpingye/bin
PATH: /home/shunpingye/bin
PATH: /home/shunpingye/bin
PATH: /home/shunpingye/bin
PATH: /home/shunpingye/bin
PATH: /home/shunpingye/bin
PATH: /home/shunpingye/bin
PATH: /home/shunpingye/bin
PATH: ~/bin
PATH: /home/shunpingye/bin
PATH: /usr/lib/lightdm/lightdm
PATH: /usr/local/sbin
PATH: /usr/local/bin
PATH: /usr/sbin
PATH: /usr/bin
PATH: /sbin
PATH: /bin
PATH: /usr/games


## ----------- ##
## Core tests. ##
## ----------- ##

configure:2895: checking for a BSD-compatible install
configure:2963: result: /usr/bin/install -c
configure:2974: checking whether build environment is sane
configure:3011: result: yes
configure:3073: checking for gawk
configure:3103: result: no
configure:3073: checking for mawk
configure:3089: found /usr/bin/mawk
configure:3100: result: mawk
configure:3111: checking whether make sets $(MAKE)
configure:3133: result: yes
configure:3340: checking for style of include used by make
configure:3368: result: GNU
configure:3441: checking for gcc
configure:3457: found /usr/bin/gcc
configure:3468: result: gcc
configure:3697: checking for C compiler version
configure:3706: gcc --version >&5
gcc (Ubuntu/Linaro 4.6.1-9ubuntu3) 4.6.1
Copyright (C) 2011 Free Software Foundation, Inc.
This is free software; see the source for copying conditions.  There is NO
warranty; not even for MERCHANTABILITY or FITNESS FOR A PARTICULAR PURPOSE.

configure:3717: $? = 0
configure:3706: gcc -v >&5
Using built-in specs.
COLLECT_GCC=gcc
COLLECT_LTO_WRAPPER=/usr/lib/gcc/x86_64-linux-gnu/4.6.1/lto-wrapper
Target: x86_64-linux-gnu
Configured with: ../src/configure -v --with-pkgversion='Ubuntu/Linaro 4.6.1-9ubuntu3' --with-bugurl=file:///usr/share/doc/gcc-4.6/README.Bugs --enable-languages=c,c++,fortran,objc,obj-c++,go --prefix=/usr --program-suffix=-4.6 --enable-shared --enable-linker-build-id --with-system-zlib --libexecdir=/usr/lib --without-included-gettext --enable-threads=posix --with-gxx-include-dir=/usr/include/c++/4.6 --libdir=/usr/lib --enable-nls --with-sysroot=/ --enable-clocale=gnu --enable-libstdcxx-debug --enable-libstdcxx-time=yes --enable-plugin --enable-objc-gc --disable-werror --with-arch-32=i686 --with-tune=generic --enable-checking=release --build=x86_64-linux-gnu --host=x86_64-linux-gnu --target=x86_64-linux-gnu
Thread model: posix
gcc version 4.6.1 (Ubuntu/Linaro 4.6.1-9ubuntu3) 
configure:3717: $? = 0
configure:3706: gcc -V >&5
gcc: error: unrecognized option '-V'
gcc: fatal error: no input files
compilation terminated.
configure:3717: $? = 4
configure:3706: gcc -qversion >&5
gcc: error: unrecognized option '-qversion'
gcc: fatal error: no input files
compilation terminated.
configure:3717: $? = 4
configure:3737: checking whether the C compiler works
configure:3759: gcc    conftest.c  >&5
configure:3763: $? = 0
configure:3811: result: yes
configure:3814: checking for C compiler default output file name
configure:3816: result: a.out
configure:3822: checking for suffix of executables
configure:3829: gcc -o conftest    conftest.c  >&5
configure:3833: $? = 0
configure:3855: result: 
configure:3877: checking whether we are cross compiling
configure:3885: gcc -o conftest    conftest.c  >&5
configure:3889: $? = 0
configure:3896: ./conftest
configure:3900: $? = 0
configure:3915: result: no
configure:3920: checking for suffix of object files
configure:3942: gcc -c   conftest.c >&5
configure:3946: $? = 0
configure:3967: result: o
configure:3971: checking whether we are using the GNU C compiler
configure:3990: gcc -c   conftest.c >&5
configure:3990: $? = 0
configure:3999: result: yes
configure:4008: checking whether gcc accepts -g
configure:4028: gcc -c -g  conftest.c >&5
configure:4028: $? = 0
configure:4069: result: yes
configure:4086: checking for gcc option to accept ISO C89
configure:4149: gcc  -c -g -O2  conftest.c >&5
configure:4149: $? = 0
configure:4162: result: none needed
configure:4184: checking dependency style of gcc
configure:4274: result: gcc3
configure:4297: checking how to run the C preprocessor
configure:4328: gcc -E  conftest.c
configure:4328: $? = 0
configure:4342: gcc -E  conftest.c
conftest.c:11:28: fatal error: ac_nonexistent.h: No such file or directory
compilation terminated.
configure:4342: $? = 1
configure: failed program was:
| /* confdefs.h */
| #define PACKAGE_NAME "hadoop-utils"
| #define PACKAGE_TARNAME "hadoop-utils"
| #define PACKAGE_VERSION "0.13.0"
| #define PACKAGE_STRING "hadoop-utils 0.13.0"
| #define PACKAGE_BUGREPORT "omalley@apache.org"
| #define PACKAGE_URL ""
| #define PACKAGE "hadoop-utils"
| #define VERSION "0.13.0"
| /* end confdefs.h.  */
| #include <ac_nonexistent.h>
configure:4367: result: gcc -E
configure:4387: gcc -E  conftest.c
configure:4387: $? = 0
configure:4401: gcc -E  conftest.c
conftest.c:11:28: fatal error: ac_nonexistent.h: No such file or directory
compilation terminated.
configure:4401: $? = 1
configure: failed program was:
| /* confdefs.h */
| #define PACKAGE_NAME "hadoop-utils"
| #define PACKAGE_TARNAME "hadoop-utils"
| #define PACKAGE_VERSION "0.13.0"
| #define PACKAGE_STRING "hadoop-utils 0.13.0"
| #define PACKAGE_BUGREPORT "omalley@apache.org"
| #define PACKAGE_URL ""
| #define PACKAGE "hadoop-utils"
| #define VERSION "0.13.0"
| /* end confdefs.h.  */
| #include <ac_nonexistent.h>
configure:4430: checking for grep that handles long lines and -e
configure:4488: result: /bin/grep
configure:4493: checking for egrep
configure:4555: result: /bin/grep -E
configure:4560: checking for ANSI C header files
configure:4580: gcc -c -g -O2  conftest.c >&5
configure:4580: $? = 0
configure:4653: gcc -o conftest -g -O2   conftest.c  >&5
configure:4653: $? = 0
configure:4653: ./conftest
configure:4653: $? = 0
configure:4664: result: yes
configure:4677: checking for sys/types.h
configure:4677: gcc -c -g -O2  conftest.c >&5
configure:4677: $? = 0
configure:4677: result: yes
configure:4677: checking for sys/stat.h
configure:4677: gcc -c -g -O2  conftest.c >&5
configure:4677: $? = 0
configure:4677: result: yes
configure:4677: checking for stdlib.h
configure:4677: gcc -c -g -O2  conftest.c >&5
configure:4677: $? = 0
configure:4677: result: yes
configure:4677: checking for string.h
configure:4677: gcc -c -g -O2  conftest.c >&5
configure:4677: $? = 0
configure:4677: result: yes
configure:4677: checking for memory.h
configure:4677: gcc -c -g -O2  conftest.c >&5
configure:4677: $? = 0
configure:4677: result: yes
configure:4677: checking for strings.h
configure:4677: gcc -c -g -O2  conftest.c >&5
configure:4677: $? = 0
configure:4677: result: yes
configure:4677: checking for inttypes.h
configure:4677: gcc -c -g -O2  conftest.c >&5
configure:4677: $? = 0
configure:4677: result: yes
configure:4677: checking for stdint.h
configure:4677: gcc -c -g -O2  conftest.c >&5
configure:4677: $? = 0
configure:4677: result: yes
configure:4677: checking for unistd.h
configure:4677: gcc -c -g -O2  conftest.c >&5
configure:4677: $? = 0
configure:4677: result: yes
configure:4690: checking minix/config.h usability
configure:4690: gcc -c -g -O2  conftest.c >&5
conftest.c:54:26: fatal error: minix/config.h: No such file or directory
compilation terminated.
configure:4690: $? = 1
configure: failed program was:
| /* confdefs.h */
| #define PACKAGE_NAME "hadoop-utils"
| #define PACKAGE_TARNAME "hadoop-utils"
| #define PACKAGE_VERSION "0.13.0"
| #define PACKAGE_STRING "hadoop-utils 0.13.0"
| #define PACKAGE_BUGREPORT "omalley@apache.org"
| #define PACKAGE_URL ""
| #define PACKAGE "hadoop-utils"
| #define VERSION "0.13.0"
| #define STDC_HEADERS 1
| #define HAVE_SYS_TYPES_H 1
| #define HAVE_SYS_STAT_H 1
| #define HAVE_STDLIB_H 1
| #define HAVE_STRING_H 1
| #define HAVE_MEMORY_H 1
| #define HAVE_STRINGS_H 1
| #define HAVE_INTTYPES_H 1
| #define HAVE_STDINT_H 1
| #define HAVE_UNISTD_H 1
| /* end confdefs.h.  */
| #include <stdio.h>
| #ifdef HAVE_SYS_TYPES_H
| # include <sys/types.h>
| #endif
| #ifdef HAVE_SYS_STAT_H
| # include <sys/stat.h>
| #endif
| #ifdef STDC_HEADERS
| # include <stdlib.h>
| # include <stddef.h>
| #else
| # ifdef HAVE_STDLIB_H
| #  include <stdlib.h>
| # endif
| #endif
| #ifdef HAVE_STRING_H
| # if !defined STDC_HEADERS && defined HAVE_MEMORY_H
| #  include <memory.h>
| # endif
| # include <string.h>
| #endif
| #ifdef HAVE_STRINGS_H
| # include <strings.h>
| #endif
| #ifdef HAVE_INTTYPES_H
| # include <inttypes.h>
| #endif
| #ifdef HAVE_STDINT_H
| # include <stdint.h>
| #endif
| #ifdef HAVE_UNISTD_H
| # include <unistd.h>
| #endif
| #include <minix/config.h>
configure:4690: result: no
configure:4690: checking minix/config.h presence
configure:4690: gcc -E  conftest.c
conftest.c:21:26: fatal error: minix/config.h: No such file or directory
compilation terminated.
configure:4690: $? = 1
configure: failed program was:
| /* confdefs.h */
| #define PACKAGE_NAME "hadoop-utils"
| #define PACKAGE_TARNAME "hadoop-utils"
| #define PACKAGE_VERSION "0.13.0"
| #define PACKAGE_STRING "hadoop-utils 0.13.0"
| #define PACKAGE_BUGREPORT "omalley@apache.org"
| #define PACKAGE_URL ""
| #define PACKAGE "hadoop-utils"
| #define VERSION "0.13.0"
| #define STDC_HEADERS 1
| #define HAVE_SYS_TYPES_H 1
| #define HAVE_SYS_STAT_H 1
| #define HAVE_STDLIB_H 1
| #define HAVE_STRING_H 1
| #define HAVE_MEMORY_H 1
| #define HAVE_STRINGS_H 1
| #define HAVE_INTTYPES_H 1
| #define HAVE_STDINT_H 1
| #define HAVE_UNISTD_H 1
| /* end confdefs.h.  */
| #include <minix/config.h>
configure:4690: result: no
configure:4690: checking for minix/config.h
configure:4690: result: no
configure:4711: checking whether it is safe to define __EXTENSIONS__
configure:4729: gcc -c -g -O2  conftest.c >&5
configure:4729: $? = 0
configure:4736: result: yes
configure:4758: checking for special C compiler options needed for large files
configure:4803: result: no
configure:4809: checking for _FILE_OFFSET_BITS value needed for large files
configure:4834: gcc -c -g -O2  conftest.c >&5
configure:4834: $? = 0
configure:4866: result: no
configure:5015: checking for g++
configure:5031: found /usr/bin/g++
configure:5042: result: g++
configure:5069: checking for C++ compiler version
configure:5078: g++ --version >&5
g++ (Ubuntu/Linaro 4.6.1-9ubuntu3) 4.6.1
Copyright (C) 2011 Free Software Foundation, Inc.
This is free software; see the source for copying conditions.  There is NO
warranty; not even for MERCHANTABILITY or FITNESS FOR A PARTICULAR PURPOSE.

configure:5089: $? = 0
configure:5078: g++ -v >&5
Using built-in specs.
COLLECT_GCC=g++
COLLECT_LTO_WRAPPER=/usr/lib/gcc/x86_64-linux-gnu/4.6.1/lto-wrapper
Target: x86_64-linux-gnu
Configured with: ../src/configure -v --with-pkgversion='Ubuntu/Linaro 4.6.1-9ubuntu3' --with-bugurl=file:///usr/share/doc/gcc-4.6/README.Bugs --enable-languages=c,c++,fortran,objc,obj-c++,go --prefix=/usr --program-suffix=-4.6 --enable-shared --enable-linker-build-id --with-system-zlib --libexecdir=/usr/lib --without-included-gettext --enable-threads=posix --with-gxx-include-dir=/usr/include/c++/4.6 --libdir=/usr/lib --enable-nls --with-sysroot=/ --enable-clocale=gnu --enable-libstdcxx-debug --enable-libstdcxx-time=yes --enable-plugin --enable-objc-gc --disable-werror --with-arch-32=i686 --with-tune=generic --enable-checking=release --build=x86_64-linux-gnu --host=x86_64-linux-gnu --target=x86_64-linux-gnu
Thread model: posix
gcc version 4.6.1 (Ubuntu/Linaro 4.6.1-9ubuntu3) 
configure:5089: $? = 0
configure:5078: g++ -V >&5
g++: error: unrecognized option '-V'
g++: fatal error: no input files
compilation terminated.
configure:5089: $? = 4
configure:5078: g++ -qversion >&5
g++: error: unrecognized option '-qversion'
g++: fatal error: no input files
compilation terminated.
configure:5089: $? = 4
configure:5093: checking whether we are using the GNU C++ compiler
configure:5112: g++ -c   conftest.cpp >&5
configure:5112: $? = 0
configure:5121: result: yes
configure:5130: checking whether g++ accepts -g
configure:5150: g++ -c -g  conftest.cpp >&5
configure:5150: $? = 0
configure:5191: result: yes
configure:5216: checking dependency style of g++
configure:5306: result: gcc3
configure:5399: checking build system type
configure:5413: result: x86_64-unknown-linux-gnu
configure:5433: checking host system type
configure:5446: result: x86_64-unknown-linux-gnu
configure:5466: checking for a sed that does not truncate output
configure:5522: result: /bin/sed
configure:5536: checking for ld used by gcc
configure:5603: result: /usr/bin/ld
configure:5610: checking if the linker (/usr/bin/ld) is GNU ld
configure:5625: result: yes
configure:5630: checking for /usr/bin/ld option to reload object files
configure:5637: result: -r
configure:5655: checking for BSD-compatible nm
configure:5704: result: /usr/bin/nm -B
configure:5708: checking whether ln -s works
configure:5712: result: yes
configure:5719: checking how to recognise dependent libraries
configure:5895: result: pass_all
configure:5982: gcc -c -g -O2  conftest.c >&5
configure:5985: $? = 0
configure:6100: checking dlfcn.h usability
configure:6100: gcc -c -g -O2  conftest.c >&5
configure:6100: $? = 0
configure:6100: result: yes
configure:6100: checking dlfcn.h presence
configure:6100: gcc -E  conftest.c
configure:6100: $? = 0
configure:6100: result: yes
configure:6100: checking for dlfcn.h
configure:6100: result: yes
configure:6120: checking how to run the C++ preprocessor
configure:6147: g++ -E  conftest.cpp
configure:6147: $? = 0
configure:6161: g++ -E  conftest.cpp
conftest.cpp:27:28: fatal error: ac_nonexistent.h: No such file or directory
compilation terminated.
configure:6161: $? = 1
configure: failed program was:
| /* confdefs.h */
| #define PACKAGE_NAME "hadoop-utils"
| #define PACKAGE_TARNAME "hadoop-utils"
| #define PACKAGE_VERSION "0.13.0"
| #define PACKAGE_STRING "hadoop-utils 0.13.0"
| #define PACKAGE_BUGREPORT "omalley@apache.org"
| #define PACKAGE_URL ""
| #define PACKAGE "hadoop-utils"
| #define VERSION "0.13.0"
| #define STDC_HEADERS 1
| #define HAVE_SYS_TYPES_H 1
| #define HAVE_SYS_STAT_H 1
| #define HAVE_STDLIB_H 1
| #define HAVE_STRING_H 1
| #define HAVE_MEMORY_H 1
| #define HAVE_STRINGS_H 1
| #define HAVE_INTTYPES_H 1
| #define HAVE_STDINT_H 1
| #define HAVE_UNISTD_H 1
| #define __EXTENSIONS__ 1
| #define _ALL_SOURCE 1
| #define _GNU_SOURCE 1
| #define _POSIX_PTHREAD_SEMANTICS 1
| #define _TANDEM_SOURCE 1
| #define HAVE_DLFCN_H 1
| /* end confdefs.h.  */
| #include <ac_nonexistent.h>
configure:6186: result: g++ -E
configure:6206: g++ -E  conftest.cpp
configure:6206: $? = 0
configure:6220: g++ -E  conftest.cpp
conftest.cpp:27:28: fatal error: ac_nonexistent.h: No such file or directory
compilation terminated.
configure:6220: $? = 1
configure: failed program was:
| /* confdefs.h */
| #define PACKAGE_NAME "hadoop-utils"
| #define PACKAGE_TARNAME "hadoop-utils"
| #define PACKAGE_VERSION "0.13.0"
| #define PACKAGE_STRING "hadoop-utils 0.13.0"
| #define PACKAGE_BUGREPORT "omalley@apache.org"
| #define PACKAGE_URL ""
| #define PACKAGE "hadoop-utils"
| #define VERSION "0.13.0"
| #define STDC_HEADERS 1
| #define HAVE_SYS_TYPES_H 1
| #define HAVE_SYS_STAT_H 1
| #define HAVE_STDLIB_H 1
| #define HAVE_STRING_H 1
| #define HAVE_MEMORY_H 1
| #define HAVE_STRINGS_H 1
| #define HAVE_INTTYPES_H 1
| #define HAVE_STDINT_H 1
| #define HAVE_UNISTD_H 1
| #define __EXTENSIONS__ 1
| #define _ALL_SOURCE 1
| #define _GNU_SOURCE 1
| #define _POSIX_PTHREAD_SEMANTICS 1
| #define _TANDEM_SOURCE 1
| #define HAVE_DLFCN_H 1
| /* end confdefs.h.  */
| #include <ac_nonexistent.h>
configure:6304: checking for g77
configure:6334: result: no
configure:6304: checking for xlf
configure:6334: result: no
configure:6304: checking for f77
configure:6334: result: no
configure:6304: checking for frt
configure:6334: result: no
configure:6304: checking for pgf77
configure:6334: result: no
configure:6304: checking for cf77
configure:6334: result: no
configure:6304: checking for fort77
configure:6334: result: no
configure:6304: checking for fl32
configure:6334: result: no
configure:6304: checking for af77
configure:6334: result: no
configure:6304: checking for xlf90
configure:6334: result: no
configure:6304: checking for f90
configure:6334: result: no
configure:6304: checking for pgf90
configure:6334: result: no
configure:6304: checking for pghpf
configure:6334: result: no
configure:6304: checking for epcf90
configure:6334: result: no
configure:6304: checking for gfortran
configure:6334: result: no
configure:6304: checking for g95
configure:6334: result: no
configure:6304: checking for xlf95
configure:6334: result: no
configure:6304: checking for f95
configure:6334: result: no
configure:6304: checking for fort
configure:6334: result: no
configure:6304: checking for ifort
configure:6334: result: no
configure:6304: checking for ifc
configure:6334: result: no
configure:6304: checking for efc
configure:6334: result: no
configure:6304: checking for pgfortran
configure:6334: result: no
configure:6304: checking for pgf95
configure:6334: result: no
configure:6304: checking for lf95
configure:6334: result: no
configure:6304: checking for ftn
configure:6334: result: no
configure:6304: checking for nagfor
configure:6334: result: no
configure:6357: checking for Fortran 77 compiler version
configure:6366:  --version >&5
./configure: line 6368: --version: command not found
configure:6377: $? = 127
configure:6366:  -v >&5
./configure: line 6368: -v: command not found
configure:6377: $? = 127
configure:6366:  -V >&5
./configure: line 6368: -V: command not found
configure:6377: $? = 127
configure:6366:  -qversion >&5
./configure: line 6368: -qversion: command not found
configure:6377: $? = 127
configure:6386: checking whether we are using the GNU Fortran 77 compiler
configure:6399:  -c  conftest.F >&5
./configure: line 2129: -c: command not found
configure:6399: $? = 127
configure: failed program was:
|       program main
| #ifndef __GNUC__
|        choke me
| #endif
| 
|       end
configure:6408: result: no
configure:6414: checking whether  accepts -g
configure:6425:  -c -g conftest.f >&5
./configure: line 2129: -c: command not found
configure:6425: $? = 127
configure: failed program was:
|       program main
| 
|       end
configure:6433: result: no
configure:6467: checking the maximum length of command line arguments
configure:6576: result: 32768
configure:6587: checking command to parse /usr/bin/nm -B output from gcc object
configure:6692: gcc -c -g -O2  conftest.c >&5
configure:6695: $? = 0
configure:6699: /usr/bin/nm -B conftest.o \| sed -n -e 's/^.*[ 	]\([ABCDGIRSTW][ABCDGIRSTW]*\)[ 	][ 	]*\([_A-Za-z][_A-Za-z0-9]*\)$/\1 \2 \2/p' \> conftest.nm
configure:6702: $? = 0
configure:6754: gcc -o conftest -g -O2   conftest.c conftstm.o >&5
configure:6757: $? = 0
configure:6795: result: ok
configure:6799: checking for objdir
configure:6814: result: .libs
configure:6906: checking for ar
configure:6922: found /usr/bin/ar
configure:6933: result: ar
configure:6998: checking for ranlib
configure:7014: found /usr/bin/ranlib
configure:7025: result: ranlib
configure:7090: checking for strip
configure:7106: found /usr/bin/strip
configure:7117: result: strip
configure:7399: checking if gcc supports -fno-rtti -fno-exceptions
configure:7417: gcc -c -g -O2  -fno-rtti -fno-exceptions conftest.c >&5
cc1: warning: command line option '-fno-rtti' is valid for C++/ObjC++ but not for C [enabled by default]
configure:7421: $? = 0
configure:7434: result: no
configure:7449: checking for gcc option to produce PIC
configure:7659: result: -fPIC
configure:7667: checking if gcc PIC flag -fPIC works
configure:7685: gcc -c -g -O2  -fPIC -DPIC conftest.c >&5
configure:7689: $? = 0
configure:7702: result: yes
configure:7730: checking if gcc static flag -static works
configure:7758: result: yes
configure:7768: checking if gcc supports -c -o file.o
configure:7789: gcc -c -g -O2  -o out/conftest2.o conftest.c >&5
configure:7793: $? = 0
configure:7815: result: yes
configure:7841: checking whether the gcc linker (/usr/bin/ld -m elf_x86_64) supports shared libraries
configure:8741: result: yes
configure:8762: checking whether -lc should be explicitly linked in
configure:8767: gcc -c -g -O2  conftest.c >&5
configure:8770: $? = 0
configure:8785: gcc -shared conftest.o  -v -Wl,-soname -Wl,conftest -o conftest 2\>\&1 \| grep  -lc  \>/dev/null 2\>\&1
configure:8788: $? = 0
configure:8800: result: no
configure:8808: checking dynamic linker characteristics
configure:9201: gcc -c -g -O2  conftest.c >&5
configure:9204: $? = 0
configure:9417: result: GNU/Linux ld.so
configure:9426: checking how to hardcode library paths into programs
configure:9451: result: immediate
configure:9465: checking whether stripping libraries is possible
configure:9470: result: yes
configure:9986: checking if libtool supports shared libraries
configure:9988: result: yes
configure:9991: checking whether to build shared libraries
configure:10012: result: yes
configure:10015: checking whether to build static libraries
configure:10019: result: yes
configure:10111: creating libtool
configure:10698: checking for ld used by g++
configure:10765: result: /usr/bin/ld -m elf_x86_64
configure:10772: checking if the linker (/usr/bin/ld -m elf_x86_64) is GNU ld
configure:10787: result: yes
configure:10838: checking whether the g++ linker (/usr/bin/ld -m elf_x86_64) supports shared libraries
configure:11718: result: yes
configure:11736: g++ -c -g -O2  conftest.cpp >&5
configure:11739: $? = 0
configure:11858: checking for g++ option to produce PIC
configure:12132: result: -fPIC
configure:12140: checking if g++ PIC flag -fPIC works
configure:12158: g++ -c -g -O2  -fPIC -DPIC conftest.cpp >&5
configure:12162: $? = 0
configure:12175: result: yes
configure:12203: checking if g++ static flag -static works
configure:12231: result: yes
configure:12241: checking if g++ supports -c -o file.o
configure:12262: g++ -c -g -O2  -o out/conftest2.o conftest.cpp >&5
configure:12266: $? = 0
configure:12288: result: yes
configure:12314: checking whether the g++ linker (/usr/bin/ld -m elf_x86_64) supports shared libraries
configure:12339: result: yes
configure:12406: checking dynamic linker characteristics
configure:12799: g++ -c -g -O2  conftest.cpp >&5
configure:12802: $? = 0
configure:13015: result: GNU/Linux ld.so
configure:13024: checking how to hardcode library paths into programs
configure:13049: result: immediate
configure:19152: checking for unistd.h
configure:19152: result: yes
configure:19164: checking for stdbool.h that conforms to C99
configure:19231: g++ -c -g -O2  conftest.cpp >&5
configure:19231: $? = 0
configure:19238: result: yes
configure:19240: checking for _Bool
configure:19240: g++ -c -g -O2  conftest.cpp >&5
conftest.cpp: In function 'int main()':
conftest.cpp:64:13: error: '_Bool' was not declared in this scope
configure:19240: $? = 1
configure: failed program was:
| /* confdefs.h */
| #define PACKAGE_NAME "hadoop-utils"
| #define PACKAGE_TARNAME "hadoop-utils"
| #define PACKAGE_VERSION "0.13.0"
| #define PACKAGE_STRING "hadoop-utils 0.13.0"
| #define PACKAGE_BUGREPORT "omalley@apache.org"
| #define PACKAGE_URL ""
| #define PACKAGE "hadoop-utils"
| #define VERSION "0.13.0"
| #define STDC_HEADERS 1
| #define HAVE_SYS_TYPES_H 1
| #define HAVE_SYS_STAT_H 1
| #define HAVE_STDLIB_H 1
| #define HAVE_STRING_H 1
| #define HAVE_MEMORY_H 1
| #define HAVE_STRINGS_H 1
| #define HAVE_INTTYPES_H 1
| #define HAVE_STDINT_H 1
| #define HAVE_UNISTD_H 1
| #define __EXTENSIONS__ 1
| #define _ALL_SOURCE 1
| #define _GNU_SOURCE 1
| #define _POSIX_PTHREAD_SEMANTICS 1
| #define _TANDEM_SOURCE 1
| #define HAVE_DLFCN_H 1
| #define HAVE_UNISTD_H 1
| /* end confdefs.h.  */
| #include <stdio.h>
| #ifdef HAVE_SYS_TYPES_H
| # include <sys/types.h>
| #endif
| #ifdef HAVE_SYS_STAT_H
| # include <sys/stat.h>
| #endif
| #ifdef STDC_HEADERS
| # include <stdlib.h>
| # include <stddef.h>
| #else
| # ifdef HAVE_STDLIB_H
| #  include <stdlib.h>
| # endif
| #endif
| #ifdef HAVE_STRING_H
| # if !defined STDC_HEADERS && defined HAVE_MEMORY_H
| #  include <memory.h>
| # endif
| # include <string.h>
| #endif
| #ifdef HAVE_STRINGS_H
| # include <strings.h>
| #endif
| #ifdef HAVE_INTTYPES_H
| # include <inttypes.h>
| #endif
| #ifdef HAVE_STDINT_H
| # include <stdint.h>
| #endif
| #ifdef HAVE_UNISTD_H
| # include <unistd.h>
| #endif
| int
| main ()
| {
| if (sizeof (_Bool))
| 	 return 0;
|   ;
|   return 0;
| }
configure:19240: result: no
configure:19257: checking for an ANSI C-conforming const
configure:19323: g++ -c -g -O2  conftest.cpp >&5
configure:19323: $? = 0
configure:19330: result: yes
configure:19338: checking for off_t
configure:19338: g++ -c -g -O2  conftest.cpp >&5
configure:19338: $? = 0
configure:19338: g++ -c -g -O2  conftest.cpp >&5
conftest.cpp: In function 'int main()':
conftest.cpp:65:19: error: expected primary-expression before ')' token
configure:19338: $? = 1
configure: failed program was:
| /* confdefs.h */
| #define PACKAGE_NAME "hadoop-utils"
| #define PACKAGE_TARNAME "hadoop-utils"
| #define PACKAGE_VERSION "0.13.0"
| #define PACKAGE_STRING "hadoop-utils 0.13.0"
| #define PACKAGE_BUGREPORT "omalley@apache.org"
| #define PACKAGE_URL ""
| #define PACKAGE "hadoop-utils"
| #define VERSION "0.13.0"
| #define STDC_HEADERS 1
| #define HAVE_SYS_TYPES_H 1
| #define HAVE_SYS_STAT_H 1
| #define HAVE_STDLIB_H 1
| #define HAVE_STRING_H 1
| #define HAVE_MEMORY_H 1
| #define HAVE_STRINGS_H 1
| #define HAVE_INTTYPES_H 1
| #define HAVE_STDINT_H 1
| #define HAVE_UNISTD_H 1
| #define __EXTENSIONS__ 1
| #define _ALL_SOURCE 1
| #define _GNU_SOURCE 1
| #define _POSIX_PTHREAD_SEMANTICS 1
| #define _TANDEM_SOURCE 1
| #define HAVE_DLFCN_H 1
| #define HAVE_UNISTD_H 1
| #define HAVE_STDBOOL_H 1
| /* end confdefs.h.  */
| #include <stdio.h>
| #ifdef HAVE_SYS_TYPES_H
| # include <sys/types.h>
| #endif
| #ifdef HAVE_SYS_STAT_H
| # include <sys/stat.h>
| #endif
| #ifdef STDC_HEADERS
| # include <stdlib.h>
| # include <stddef.h>
| #else
| # ifdef HAVE_STDLIB_H
| #  include <stdlib.h>
| # endif
| #endif
| #ifdef HAVE_STRING_H
| # if !defined STDC_HEADERS && defined HAVE_MEMORY_H
| #  include <memory.h>
| # endif
| # include <string.h>
| #endif
| #ifdef HAVE_STRINGS_H
| # include <strings.h>
| #endif
| #ifdef HAVE_INTTYPES_H
| # include <inttypes.h>
| #endif
| #ifdef HAVE_STDINT_H
| # include <stdint.h>
| #endif
| #ifdef HAVE_UNISTD_H
| # include <unistd.h>
| #endif
| int
| main ()
| {
| if (sizeof ((off_t)))
| 	    return 0;
|   ;
|   return 0;
| }
configure:19338: result: yes
configure:19349: checking for size_t
configure:19349: g++ -c -g -O2  conftest.cpp >&5
configure:19349: $? = 0
configure:19349: g++ -c -g -O2  conftest.cpp >&5
conftest.cpp: In function 'int main()':
conftest.cpp:65:20: error: expected primary-expression before ')' token
configure:19349: $? = 1
configure: failed program was:
| /* confdefs.h */
| #define PACKAGE_NAME "hadoop-utils"
| #define PACKAGE_TARNAME "hadoop-utils"
| #define PACKAGE_VERSION "0.13.0"
| #define PACKAGE_STRING "hadoop-utils 0.13.0"
| #define PACKAGE_BUGREPORT "omalley@apache.org"
| #define PACKAGE_URL ""
| #define PACKAGE "hadoop-utils"
| #define VERSION "0.13.0"
| #define STDC_HEADERS 1
| #define HAVE_SYS_TYPES_H 1
| #define HAVE_SYS_STAT_H 1
| #define HAVE_STDLIB_H 1
| #define HAVE_STRING_H 1
| #define HAVE_MEMORY_H 1
| #define HAVE_STRINGS_H 1
| #define HAVE_INTTYPES_H 1
| #define HAVE_STDINT_H 1
| #define HAVE_UNISTD_H 1
| #define __EXTENSIONS__ 1
| #define _ALL_SOURCE 1
| #define _GNU_SOURCE 1
| #define _POSIX_PTHREAD_SEMANTICS 1
| #define _TANDEM_SOURCE 1
| #define HAVE_DLFCN_H 1
| #define HAVE_UNISTD_H 1
| #define HAVE_STDBOOL_H 1
| /* end confdefs.h.  */
| #include <stdio.h>
| #ifdef HAVE_SYS_TYPES_H
| # include <sys/types.h>
| #endif
| #ifdef HAVE_SYS_STAT_H
| # include <sys/stat.h>
| #endif
| #ifdef STDC_HEADERS
| # include <stdlib.h>
| # include <stddef.h>
| #else
| # ifdef HAVE_STDLIB_H
| #  include <stdlib.h>
| # endif
| #endif
| #ifdef HAVE_STRING_H
| # if !defined STDC_HEADERS && defined HAVE_MEMORY_H
| #  include <memory.h>
| # endif
| # include <string.h>
| #endif
| #ifdef HAVE_STRINGS_H
| # include <strings.h>
| #endif
| #ifdef HAVE_INTTYPES_H
| # include <inttypes.h>
| #endif
| #ifdef HAVE_STDINT_H
| # include <stdint.h>
| #endif
| #ifdef HAVE_UNISTD_H
| # include <unistd.h>
| #endif
| int
| main ()
| {
| if (sizeof ((size_t)))
| 	    return 0;
|   ;
|   return 0;
| }
configure:19349: result: yes
configure:19360: checking whether strerror_r is declared
configure:19360: g++ -c -g -O2  conftest.cpp >&5
configure:19360: $? = 0
configure:19360: result: yes
configure:19373: checking for strerror_r
configure:19373: g++ -o conftest -g -O2   conftest.cpp  >&5
configure:19373: $? = 0
configure:19373: result: yes
configure:19382: checking whether strerror_r returns char *
configure:19406: g++ -c -g -O2  conftest.cpp >&5
configure:19406: $? = 0
configure:19444: result: yes
configure:19457: checking for mkdir
configure:19457: g++ -o conftest -g -O2   conftest.cpp  >&5
configure:19457: $? = 0
configure:19457: result: yes
configure:19457: checking for uname
configure:19457: g++ -o conftest -g -O2   conftest.cpp  >&5
configure:19457: $? = 0
configure:19457: result: yes
configure:19592: creating ./config.status

## ---------------------- ##
## Running config.status. ##
## ---------------------- ##

This file was extended by hadoop-utils config.status 0.13.0, which was
generated by GNU Autoconf 2.69.  Invocation command line was

  CONFIG_FILES    = 
  CONFIG_HEADERS  = 
  CONFIG_LINKS    = 
  CONFIG_COMMANDS = 
  $ ./config.status 

on shunpingye

config.status:879: creating Makefile
config.status:879: creating impl/config.h
config.status:1101: executing depfiles commands

## ---------------- ##
## Cache variables. ##
## ---------------- ##

ac_cv_build=x86_64-unknown-linux-gnu
ac_cv_c_compiler_gnu=yes
ac_cv_c_const=yes
ac_cv_cxx_compiler_gnu=yes
ac_cv_env_CCC_set=
ac_cv_env_CCC_value=
ac_cv_env_CC_set=
ac_cv_env_CC_value=
ac_cv_env_CFLAGS_set=
ac_cv_env_CFLAGS_value=
ac_cv_env_CPPFLAGS_set=
ac_cv_env_CPPFLAGS_value=
ac_cv_env_CPP_set=
ac_cv_env_CPP_value=
ac_cv_env_CXXCPP_set=
ac_cv_env_CXXCPP_value=
ac_cv_env_CXXFLAGS_set=
ac_cv_env_CXXFLAGS_value=
ac_cv_env_CXX_set=
ac_cv_env_CXX_value=
ac_cv_env_F77_set=
ac_cv_env_F77_value=
ac_cv_env_FFLAGS_set=
ac_cv_env_FFLAGS_value=
ac_cv_env_LDFLAGS_set=
ac_cv_env_LDFLAGS_value=
ac_cv_env_LIBS_set=
ac_cv_env_LIBS_value=
ac_cv_env_build_alias_set=
ac_cv_env_build_alias_value=
ac_cv_env_host_alias_set=
ac_cv_env_host_alias_value=
ac_cv_env_target_alias_set=
ac_cv_env_target_alias_value=
ac_cv_f77_compiler_gnu=no
ac_cv_func_mkdir=yes
ac_cv_func_strerror_r=yes
ac_cv_func_strerror_r_char_p=yes
ac_cv_func_uname=yes
ac_cv_have_decl_strerror_r=yes
ac_cv_header_dlfcn_h=yes
ac_cv_header_inttypes_h=yes
ac_cv_header_memory_h=yes
ac_cv_header_minix_config_h=no
ac_cv_header_stdbool_h=yes
ac_cv_header_stdc=yes
ac_cv_header_stdint_h=yes
ac_cv_header_stdlib_h=yes
ac_cv_header_string_h=yes
ac_cv_header_strings_h=yes
ac_cv_header_sys_stat_h=yes
ac_cv_header_sys_types_h=yes
ac_cv_header_unistd_h=yes
ac_cv_host=x86_64-unknown-linux-gnu
ac_cv_objext=o
ac_cv_path_EGREP='/bin/grep -E'
ac_cv_path_GREP=/bin/grep
ac_cv_path_install='/usr/bin/install -c'
ac_cv_prog_AWK=mawk
ac_cv_prog_CPP='gcc -E'
ac_cv_prog_CXXCPP='g++ -E'
ac_cv_prog_ac_ct_AR=ar
ac_cv_prog_ac_ct_CC=gcc
ac_cv_prog_ac_ct_CXX=g++
ac_cv_prog_ac_ct_RANLIB=ranlib
ac_cv_prog_ac_ct_STRIP=strip
ac_cv_prog_cc_c89=
ac_cv_prog_cc_g=yes
ac_cv_prog_cxx_g=yes
ac_cv_prog_f77_g=no
ac_cv_prog_make_make_set=yes
ac_cv_safe_to_define___extensions__=yes
ac_cv_sys_file_offset_bits=no
ac_cv_sys_largefile_CC=no
ac_cv_type__Bool=no
ac_cv_type_off_t=yes
ac_cv_type_size_t=yes
am_cv_CC_dependencies_compiler_type=gcc3
am_cv_CXX_dependencies_compiler_type=gcc3
lt_cv_deplibs_check_method=pass_all
lt_cv_file_magic_cmd='$MAGIC_CMD'
lt_cv_file_magic_test_file=
lt_cv_ld_reload_flag=-r
lt_cv_objdir=.libs
lt_cv_path_LD=/usr/bin/ld
lt_cv_path_LDCXX='/usr/bin/ld -m elf_x86_64'
lt_cv_path_NM='/usr/bin/nm -B'
lt_cv_path_SED=/bin/sed
lt_cv_prog_compiler_c_o=yes
lt_cv_prog_compiler_c_o_CXX=yes
lt_cv_prog_compiler_rtti_exceptions=no
lt_cv_prog_gnu_ld=yes
lt_cv_prog_gnu_ldcxx=yes
lt_cv_sys_global_symbol_pipe='sed -n -e '\''s/^.*[ 	]\([ABCDGIRSTW][ABCDGIRSTW]*\)[ 	][ 	]*\([_A-Za-z][_A-Za-z0-9]*\)$/\1 \2 \2/p'\'''
lt_cv_sys_global_symbol_to_c_name_address='sed -n -e '\''s/^: \([^ ]*\) $/  {\"\1\", (lt_ptr) 0},/p'\'' -e '\''s/^[BCDEGRST] \([^ ]*\) \([^ ]*\)$/  {"\2", (lt_ptr) \&\2},/p'\'''
lt_cv_sys_global_symbol_to_cdecl='sed -n -e '\''s/^. .* \(.*\)$/extern int \1;/p'\'''
lt_cv_sys_max_cmd_len=32768
lt_lt_cv_prog_compiler_c_o='"yes"'
lt_lt_cv_prog_compiler_c_o_CXX='"yes"'
lt_lt_cv_sys_global_symbol_pipe='"sed -n -e '\''s/^.*[ 	]\\([ABCDGIRSTW][ABCDGIRSTW]*\\)[ 	][ 	]*\\([_A-Za-z][_A-Za-z0-9]*\\)\$/\\1 \\2 \\2/p'\''"'
lt_lt_cv_sys_global_symbol_to_c_name_address='"sed -n -e '\''s/^: \\([^ ]*\\) \$/  {\\\"\\1\\\", (lt_ptr) 0},/p'\'' -e '\''s/^[BCDEGRST] \\([^ ]*\\) \\([^ ]*\\)\$/  {\"\\2\", (lt_ptr) \\&\\2},/p'\''"'
lt_lt_cv_sys_global_symbol_to_cdecl='"sed -n -e '\''s/^. .* \\(.*\\)\$/extern int \\1;/p'\''"'

## ----------------- ##
## Output variables. ##
## ----------------- ##

ACLOCAL='${SHELL} /usr/local/code/github/thirdparty/hadoop-1.1.2/utils/missing --run aclocal-1.9'
AMDEPBACKSLASH='\'
AMDEP_FALSE='#'
AMDEP_TRUE=''
AMTAR='${SHELL} /usr/local/code/github/thirdparty/hadoop-1.1.2/utils/missing --run tar'
AR='ar'
AUTOCONF='${SHELL} /usr/local/code/github/thirdparty/hadoop-1.1.2/utils/missing --run autoconf'
AUTOHEADER='${SHELL} /usr/local/code/github/thirdparty/hadoop-1.1.2/utils/missing --run autoheader'
AUTOMAKE='${SHELL} /usr/local/code/github/thirdparty/hadoop-1.1.2/utils/missing --run automake-1.9'
AWK='mawk'
CC='gcc'
CCDEPMODE='depmode=gcc3'
CFLAGS='-g -O2'
CPP='gcc -E'
CPPFLAGS=''
CXX='g++'
CXXCPP='g++ -E'
CXXDEPMODE='depmode=gcc3'
CXXFLAGS='-g -O2'
CYGPATH_W='echo'
DEFS='-DHAVE_CONFIG_H'
DEPDIR='.deps'
ECHO='echo'
ECHO_C=''
ECHO_N='-n'
ECHO_T=''
EGREP='/bin/grep -E'
EXEEXT=''
F77=''
FFLAGS=''
GREP='/bin/grep'
INSTALL_DATA='${INSTALL} -m 644 -C'
INSTALL_PROGRAM='${INSTALL}'
INSTALL_SCRIPT='${INSTALL}'
INSTALL_STRIP_PROGRAM='${SHELL} $(install_sh) -c -s'
LDFLAGS=''
LIBOBJS=''
LIBS=''
LIBTOOL='$(SHELL) $(top_builddir)/libtool'
LN_S='ln -s'
LTLIBOBJS=''
MAKEINFO='${SHELL} /usr/local/code/github/thirdparty/hadoop-1.1.2/utils/missing --run makeinfo'
OBJEXT='o'
PACKAGE='hadoop-utils'
PACKAGE_BUGREPORT='omalley@apache.org'
PACKAGE_NAME='hadoop-utils'
PACKAGE_STRING='hadoop-utils 0.13.0'
PACKAGE_TARNAME='hadoop-utils'
PACKAGE_URL=''
PACKAGE_VERSION='0.13.0'
PATH_SEPARATOR=':'
RANLIB='ranlib'
SED='/bin/sed'
SET_MAKE=''
SHELL='/bin/bash'
STRIP='strip'
VERSION='0.13.0'
ac_ct_CC='gcc'
ac_ct_CXX='g++'
ac_ct_F77=''
am__fastdepCC_FALSE='#'
am__fastdepCC_TRUE=''
am__fastdepCXX_FALSE='#'
am__fastdepCXX_TRUE=''
am__include='include'
am__leading_dot='.'
am__quote=''
am__tar='${AMTAR} chof - "$$tardir"'
am__untar='${AMTAR} xf -'
bindir='${exec_prefix}/bin'
build='x86_64-unknown-linux-gnu'
build_alias=''
build_cpu='x86_64'
build_os='linux-gnu'
build_vendor='unknown'
datadir='${datarootdir}'
datarootdir='${prefix}/share'
docdir='${datarootdir}/doc/${PACKAGE_TARNAME}'
dvidir='${docdir}'
exec_prefix='${prefix}'
host='x86_64-unknown-linux-gnu'
host_alias=''
host_cpu='x86_64'
host_os='linux-gnu'
host_vendor='unknown'
htmldir='${docdir}'
includedir='${prefix}/include'
infodir='${datarootdir}/info'
install_sh='/usr/local/code/github/thirdparty/hadoop-1.1.2/utils/install-sh'
libdir='${exec_prefix}/lib'
libexecdir='${exec_prefix}/libexec'
localedir='${datarootdir}/locale'
localstatedir='${prefix}/var'
mandir='${datarootdir}/man'
mkdir_p='mkdir -p --'
oldincludedir='/usr/include'
pdfdir='${docdir}'
prefix='/usr/local/code/github/thirdparty/hadoop-1.1.2/utils/../install'
program_transform_name='s,x,x,'
psdir='${docdir}'
sbindir='${exec_prefix}/sbin'
sharedstatedir='${prefix}/com'
sysconfdir='${prefix}/etc'
target_alias=''

## ----------- ##
## confdefs.h. ##
## ----------- ##

/* confdefs.h */
#define PACKAGE_NAME "hadoop-utils"
#define PACKAGE_TARNAME "hadoop-utils"
#define PACKAGE_VERSION "0.13.0"
#define PACKAGE_STRING "hadoop-utils 0.13.0"
#define PACKAGE_BUGREPORT "omalley@apache.org"
#define PACKAGE_URL ""
#define PACKAGE "hadoop-utils"
#define VERSION "0.13.0"
#define STDC_HEADERS 1
#define HAVE_SYS_TYPES_H 1
#define HAVE_SYS_STAT_H 1
#define HAVE_STDLIB_H 1
#define HAVE_STRING_H 1
#define HAVE_MEMORY_H 1
#define HAVE_STRINGS_H 1
#define HAVE_INTTYPES_H 1
#define HAVE_STDINT_H 1
#define HAVE_UNISTD_H 1
#define __EXTENSIONS__ 1
#define _ALL_SOURCE 1
#define _GNU_SOURCE 1
#define _POSIX_PTHREAD_SEMANTICS 1
#define _TANDEM_SOURCE 1
#define HAVE_DLFCN_H 1
#define HAVE_UNISTD_H 1
#define HAVE_STDBOOL_H 1
#define HAVE_DECL_STRERROR_R 1
#define HAVE_STRERROR_R 1
#define STRERROR_R_CHAR_P 1
#define HAVE_MKDIR 1
#define HAVE_UNAME 1

configure: exit 0
